<?xml version="1.0" encoding="UTF-8" standalone="yes"?><!DOCTYPE report PUBLIC "-//JACOCO//DTD Report 1.1//EN" "report.dtd"><report name="com.irurueta:irurueta-algebra"><sessioninfo id="travis-job-albertoiruruet-irurueta-algeb-453699669.travisci.net-eac4075" start="1541972293983" dump="1541972309627"/><package name="com/irurueta/statistics"><class name="com/irurueta/statistics/MultivariateNormalDist" sourcefilename="MultivariateNormalDist.java"><method name="&lt;init&gt;" desc="()V" line="55"><counter type="INSTRUCTION" missed="0" covered="4"/><counter type="LINE" missed="0" covered="2"/><counter type="COMPLEXITY" missed="0" covered="1"/><counter type="METHOD" missed="0" covered="1"/></method><method name="&lt;init&gt;" desc="(I)V" line="66"><counter type="INSTRUCTION" missed="7" covered="20"/><counter type="BRANCH" missed="0" covered="2"/><counter type="LINE" missed="2" covered="7"/><counter type="COMPLEXITY" missed="0" covered="2"/><counter type="METHOD" missed="0" covered="1"/></method><method name="&lt;init&gt;" desc="([DLcom/irurueta/algebra/Matrix;)V" line="97"><counter type="INSTRUCTION" missed="0" covered="7"/><counter type="LINE" missed="0" covered="3"/><counter type="COMPLEXITY" missed="0" covered="1"/><counter type="METHOD" missed="0" covered="1"/></method><method name="&lt;init&gt;" desc="([DLcom/irurueta/algebra/Matrix;Z)V" line="121"><counter type="INSTRUCTION" missed="0" covered="8"/><counter type="LINE" missed="0" covered="3"/><counter type="COMPLEXITY" missed="0" covered="1"/><counter type="METHOD" missed="0" covered="1"/></method><method name="getMean" desc="()[D" line="131"><counter type="INSTRUCTION" missed="0" covered="3"/><counter type="LINE" missed="0" covered="1"/><counter type="COMPLEXITY" missed="0" covered="1"/><counter type="METHOD" missed="0" covered="1"/></method><method name="setMean" desc="([D)V" line="143"><counter type="INSTRUCTION" missed="0" covered="12"/><counter type="BRANCH" missed="0" covered="2"/><counter type="LINE" missed="0" covered="4"/><counter type="COMPLEXITY" missed="0" covered="2"/><counter type="METHOD" missed="0" covered="1"/></method><method name="getCovariance" desc="()Lcom/irurueta/algebra/Matrix;" line="156"><counter type="INSTRUCTION" missed="0" covered="4"/><counter type="LINE" missed="0" covered="1"/><counter type="COMPLEXITY" missed="0" covered="1"/><counter type="METHOD" missed="0" covered="1"/></method><method name="getCovariance" desc="(Lcom/irurueta/algebra/Matrix;)V" line="166"><counter type="INSTRUCTION" missed="0" covered="5"/><counter type="LINE" missed="0" covered="2"/><counter type="COMPLEXITY" missed="0" covered="1"/><counter type="METHOD" missed="0" covered="1"/></method><method name="setCovariance" desc="(Lcom/irurueta/algebra/Matrix;)V" line="177"><counter type="INSTRUCTION" missed="0" covered="5"/><counter type="LINE" missed="0" covered="2"/><counter type="COMPLEXITY" missed="0" covered="1"/><counter type="METHOD" missed="0" covered="1"/></method><method name="setCovariance" desc="(Lcom/irurueta/algebra/Matrix;Z)V" line="192"><counter type="INSTRUCTION" missed="7" covered="39"/><counter type="BRANCH" missed="0" covered="6"/><counter type="LINE" missed="2" covered="12"/><counter type="COMPLEXITY" missed="0" covered="4"/><counter type="METHOD" missed="0" covered="1"/></method><method name="setMeanAndCovariance" desc="([DLcom/irurueta/algebra/Matrix;)V" line="232"><counter type="INSTRUCTION" missed="0" covered="6"/><counter type="LINE" missed="0" covered="2"/><counter type="COMPLEXITY" missed="0" covered="1"/><counter type="METHOD" missed="0" covered="1"/></method><method name="setMeanAndCovariance" desc="([DLcom/irurueta/algebra/Matrix;Z)V" line="253"><counter type="INSTRUCTION" missed="0" covered="18"/><counter type="BRANCH" missed="0" covered="2"/><counter type="LINE" missed="0" covered="5"/><counter type="COMPLEXITY" missed="0" covered="2"/><counter type="METHOD" missed="0" covered="1"/></method><method name="isValidCovariance" desc="(Lcom/irurueta/algebra/Matrix;)Z" line="270"><counter type="INSTRUCTION" missed="3" covered="17"/><counter type="BRANCH" missed="0" covered="2"/><counter type="LINE" missed="2" covered="5"/><counter type="COMPLEXITY" missed="0" covered="2"/><counter type="METHOD" missed="0" covered="1"/></method><method name="isReady" desc="()Z" line="289"><counter type="INSTRUCTION" missed="0" covered="17"/><counter type="BRANCH" missed="2" covered="4"/><counter type="LINE" missed="0" covered="2"/><counter type="COMPLEXITY" missed="2" covered="2"/><counter type="METHOD" missed="0" covered="1"/></method><method name="getCovarianceBasis" desc="()Lcom/irurueta/algebra/Matrix;" line="302"><counter type="INSTRUCTION" missed="0" covered="3"/><counter type="LINE" missed="0" covered="1"/><counter type="COMPLEXITY" missed="0" covered="1"/><counter type="METHOD" missed="0" covered="1"/></method><method name="getVariances" desc="()[D" line="312"><counter type="INSTRUCTION" missed="0" covered="3"/><counter type="LINE" missed="0" covered="1"/><counter type="COMPLEXITY" missed="0" covered="1"/><counter type="METHOD" missed="0" covered="1"/></method><method name="p" desc="([D)D" line="330"><counter type="INSTRUCTION" missed="1" covered="47"/><counter type="BRANCH" missed="0" covered="4"/><counter type="LINE" missed="0" covered="10"/><counter type="COMPLEXITY" missed="0" covered="3"/><counter type="METHOD" missed="0" covered="1"/></method><method name="cdf" desc="([DLcom/irurueta/algebra/Matrix;)D" line="373"><counter type="INSTRUCTION" missed="4" covered="71"/><counter type="BRANCH" missed="0" covered="8"/><counter type="LINE" missed="2" covered="18"/><counter type="COMPLEXITY" missed="0" covered="5"/><counter type="METHOD" missed="0" covered="1"/></method><method name="cdf" desc="([D)D" line="427"><counter type="INSTRUCTION" missed="0" covered="5"/><counter type="LINE" missed="0" covered="1"/><counter type="COMPLEXITY" missed="0" covered="1"/><counter type="METHOD" missed="0" covered="1"/></method><method name="jointProbability" desc="([D)D" line="439"><counter type="INSTRUCTION" missed="0" covered="24"/><counter type="BRANCH" missed="0" covered="2"/><counter type="LINE" missed="0" covered="4"/><counter type="COMPLEXITY" missed="0" covered="2"/><counter type="METHOD" missed="0" covered="1"/></method><method name="invcdf" desc="([D[DLcom/irurueta/algebra/Matrix;)V" line="470"><counter type="INSTRUCTION" missed="4" covered="91"/><counter type="BRANCH" missed="0" covered="10"/><counter type="LINE" missed="2" covered="20"/><counter type="COMPLEXITY" missed="0" covered="6"/><counter type="METHOD" missed="0" covered="1"/></method><method name="invcdf" desc="([DLcom/irurueta/algebra/Matrix;)[D" line="534"><counter type="INSTRUCTION" missed="5" covered="15"/><counter type="BRANCH" missed="1" covered="1"/><counter type="LINE" missed="1" covered="4"/><counter type="COMPLEXITY" missed="1" covered="1"/><counter type="METHOD" missed="0" covered="1"/></method><method name="invcdf" desc="([D[D)V" line="564"><counter type="INSTRUCTION" missed="0" covered="6"/><counter type="LINE" missed="0" covered="2"/><counter type="COMPLEXITY" missed="0" covered="1"/><counter type="METHOD" missed="0" covered="1"/></method><method name="invcdf" desc="([D)[D" line="587"><counter type="INSTRUCTION" missed="0" covered="6"/><counter type="LINE" missed="0" covered="1"/><counter type="COMPLEXITY" missed="0" covered="1"/><counter type="METHOD" missed="0" covered="1"/></method><method name="invcdf" desc="(D[DLcom/irurueta/algebra/Matrix;)V" line="617"><counter type="INSTRUCTION" missed="5" covered="46"/><counter type="BRANCH" missed="1" covered="7"/><counter type="LINE" missed="1" covered="10"/><counter type="COMPLEXITY" missed="1" covered="4"/><counter type="METHOD" missed="0" covered="1"/></method><method name="invcdf" desc="(DLcom/irurueta/algebra/Matrix;)[D" line="664"><counter type="INSTRUCTION" missed="5" covered="15"/><counter type="BRANCH" missed="1" covered="1"/><counter type="LINE" missed="1" covered="4"/><counter type="COMPLEXITY" missed="1" covered="1"/><counter type="METHOD" missed="0" covered="1"/></method><method name="invcdf" desc="(D[D)V" line="697"><counter type="INSTRUCTION" missed="0" covered="6"/><counter type="LINE" missed="0" covered="2"/><counter type="COMPLEXITY" missed="0" covered="1"/><counter type="METHOD" missed="0" covered="1"/></method><method name="invcdf" desc="(D)[D" line="722"><counter type="INSTRUCTION" missed="0" covered="6"/><counter type="LINE" missed="0" covered="1"/><counter type="COMPLEXITY" missed="0" covered="1"/><counter type="METHOD" missed="0" covered="1"/></method><method name="mahalanobisDistance" desc="([D)D" line="736"><counter type="INSTRUCTION" missed="0" covered="5"/><counter type="LINE" missed="0" covered="1"/><counter type="COMPLEXITY" missed="0" covered="1"/><counter type="METHOD" missed="0" covered="1"/></method><method name="squaredMahalanobisDistance" desc="([D)D" line="750"><counter type="INSTRUCTION" missed="1" covered="27"/><counter type="LINE" missed="0" covered="8"/><counter type="COMPLEXITY" missed="0" covered="1"/><counter type="METHOD" missed="0" covered="1"/></method><method name="processCovariance" desc="()V" line="779"><counter type="INSTRUCTION" missed="5" covered="26"/><counter type="BRANCH" missed="2" covered="4"/><counter type="LINE" missed="1" covered="7"/><counter type="COMPLEXITY" missed="2" covered="2"/><counter type="METHOD" missed="0" covered="1"/></method><method name="propagate" desc="(Lcom/irurueta/statistics/MultivariateNormalDist$JacobianEvaluator;[DLcom/irurueta/algebra/Matrix;Lcom/irurueta/statistics/MultivariateNormalDist;)V" line="831"><counter type="INSTRUCTION" missed="0" covered="39"/><counter type="LINE" missed="0" covered="12"/><counter type="COMPLEXITY" missed="0" covered="1"/><counter type="METHOD" missed="0" covered="1"/></method><method name="propagate" desc="(Lcom/irurueta/statistics/MultivariateNormalDist$JacobianEvaluator;[DLcom/irurueta/algebra/Matrix;)Lcom/irurueta/statistics/MultivariateNormalDist;" line="872"><counter type="INSTRUCTION" missed="0" covered="11"/><counter type="LINE" missed="0" covered="3"/><counter type="COMPLEXITY" missed="0" covered="1"/><counter type="METHOD" missed="0" covered="1"/></method><method name="propagate" desc="(Lcom/irurueta/statistics/MultivariateNormalDist$JacobianEvaluator;Lcom/irurueta/statistics/MultivariateNormalDist;Lcom/irurueta/statistics/MultivariateNormalDist;)V" line="894"><counter type="INSTRUCTION" missed="1" covered="9"/><counter type="LINE" missed="0" covered="3"/><counter type="COMPLEXITY" missed="0" covered="1"/><counter type="METHOD" missed="0" covered="1"/></method><method name="propagate" desc="(Lcom/irurueta/statistics/MultivariateNormalDist$JacobianEvaluator;Lcom/irurueta/statistics/MultivariateNormalDist;)Lcom/irurueta/statistics/MultivariateNormalDist;" line="912"><counter type="INSTRUCTION" missed="0" covered="10"/><counter type="LINE" missed="0" covered="3"/><counter type="COMPLEXITY" missed="0" covered="1"/><counter type="METHOD" missed="0" covered="1"/></method><method name="propagateThisDistribution" desc="(Lcom/irurueta/statistics/MultivariateNormalDist$JacobianEvaluator;Lcom/irurueta/statistics/MultivariateNormalDist;)V" line="931"><counter type="INSTRUCTION" missed="0" covered="5"/><counter type="LINE" missed="0" covered="2"/><counter type="COMPLEXITY" missed="0" covered="1"/><counter type="METHOD" missed="0" covered="1"/></method><method name="propagateThisDistribution" desc="(Lcom/irurueta/statistics/MultivariateNormalDist$JacobianEvaluator;)Lcom/irurueta/statistics/MultivariateNormalDist;" line="947"><counter type="INSTRUCTION" missed="0" covered="10"/><counter type="LINE" missed="0" covered="3"/><counter type="COMPLEXITY" missed="0" covered="1"/><counter type="METHOD" missed="0" covered="1"/></method><counter type="INSTRUCTION" missed="48" covered="651"/><counter type="BRANCH" missed="7" covered="55"/><counter type="LINE" missed="14" covered="172"/><counter type="COMPLEXITY" missed="7" covered="61"/><counter type="METHOD" missed="0" covered="37"/><counter type="CLASS" missed="0" covered="1"/></class><class name="com/irurueta/statistics/InvalidCovarianceMatrixException" sourcefilename="InvalidCovarianceMatrixException.java"><method name="&lt;init&gt;" desc="()V" line="30"><counter type="INSTRUCTION" missed="0" covered="3"/><counter type="LINE" missed="0" covered="2"/><counter type="COMPLEXITY" missed="0" covered="1"/><counter type="METHOD" missed="0" covered="1"/></method><method name="&lt;init&gt;" desc="(Ljava/lang/String;)V" line="38"><counter type="INSTRUCTION" missed="0" covered="4"/><counter type="LINE" missed="0" covered="2"/><counter type="COMPLEXITY" missed="0" covered="1"/><counter type="METHOD" missed="0" covered="1"/></method><method name="&lt;init&gt;" desc="(Ljava/lang/String;Ljava/lang/Throwable;)V" line="47"><counter type="INSTRUCTION" missed="0" covered="5"/><counter type="LINE" missed="0" covered="2"/><counter type="COMPLEXITY" missed="0" covered="1"/><counter type="METHOD" missed="0" covered="1"/></method><method name="&lt;init&gt;" desc="(Ljava/lang/Throwable;)V" line="55"><counter type="INSTRUCTION" missed="0" covered="4"/><counter type="LINE" missed="0" covered="2"/><counter type="COMPLEXITY" missed="0" covered="1"/><counter type="METHOD" missed="0" covered="1"/></method><counter type="INSTRUCTION" missed="0" covered="16"/><counter type="LINE" missed="0" covered="8"/><counter type="COMPLEXITY" missed="0" covered="4"/><counter type="METHOD" missed="0" covered="4"/><counter type="CLASS" missed="0" covered="1"/></class><class name="com/irurueta/statistics/MultivariateGaussianRandomizer" sourcefilename="MultivariateGaussianRandomizer.java"><method name="&lt;init&gt;" desc="()V" line="60"><counter type="INSTRUCTION" missed="0" covered="6"/><counter type="LINE" missed="0" covered="2"/><counter type="COMPLEXITY" missed="0" covered="1"/><counter type="METHOD" missed="0" covered="1"/></method><method name="&lt;init&gt;" desc="(Ljava/util/Random;)V" line="72"><counter type="INSTRUCTION" missed="1" covered="25"/><counter type="BRANCH" missed="0" covered="2"/><counter type="LINE" missed="0" covered="8"/><counter type="COMPLEXITY" missed="0" covered="2"/><counter type="METHOD" missed="0" covered="1"/></method><method name="&lt;init&gt;" desc="([DLcom/irurueta/algebra/Matrix;)V" line="96"><counter type="INSTRUCTION" missed="0" covered="8"/><counter type="LINE" missed="0" covered="2"/><counter type="COMPLEXITY" missed="0" covered="1"/><counter type="METHOD" missed="0" covered="1"/></method><method name="&lt;init&gt;" desc="(Ljava/util/Random;[DLcom/irurueta/algebra/Matrix;)V" line="114"><counter type="INSTRUCTION" missed="4" covered="12"/><counter type="BRANCH" missed="1" covered="1"/><counter type="LINE" missed="1" covered="5"/><counter type="COMPLEXITY" missed="1" covered="1"/><counter type="METHOD" missed="0" covered="1"/></method><method name="getMean" desc="()[D" line="128"><counter type="INSTRUCTION" missed="0" covered="3"/><counter type="LINE" missed="0" covered="1"/><counter type="COMPLEXITY" missed="0" covered="1"/><counter type="METHOD" missed="0" covered="1"/></method><method name="getCovariance" desc="()Lcom/irurueta/algebra/Matrix;" line="136"><counter type="INSTRUCTION" missed="0" covered="3"/><counter type="LINE" missed="0" covered="1"/><counter type="COMPLEXITY" missed="0" covered="1"/><counter type="METHOD" missed="0" covered="1"/></method><method name="setMeanAndCovariance" desc="([DLcom/irurueta/algebra/Matrix;)V" line="151"><counter type="INSTRUCTION" missed="7" covered="43"/><counter type="BRANCH" missed="1" covered="5"/><counter type="LINE" missed="2" covered="13"/><counter type="COMPLEXITY" missed="1" covered="3"/><counter type="METHOD" missed="0" covered="1"/></method><method name="next" desc="([D)V" line="182"><counter type="INSTRUCTION" missed="5" covered="71"/><counter type="BRANCH" missed="1" covered="9"/><counter type="LINE" missed="1" covered="12"/><counter type="COMPLEXITY" missed="1" covered="5"/><counter type="METHOD" missed="0" covered="1"/></method><method name="next" desc="()[D" line="218"><counter type="INSTRUCTION" missed="0" covered="10"/><counter type="LINE" missed="0" covered="3"/><counter type="COMPLEXITY" missed="0" covered="1"/><counter type="METHOD" missed="0" covered="1"/></method><counter type="INSTRUCTION" missed="17" covered="181"/><counter type="BRANCH" missed="3" covered="17"/><counter type="LINE" missed="4" covered="47"/><counter type="COMPLEXITY" missed="3" covered="16"/><counter type="METHOD" missed="0" covered="9"/><counter type="CLASS" missed="0" covered="1"/></class><sourcefile name="MultivariateGaussianRandomizer.java"><line nr="60" mi="0" ci="5" mb="0" cb="0"/><line nr="61" mi="0" ci="1" mb="0" cb="0"/><line nr="72" mi="0" ci="2" mb="0" cb="0"/><line nr="73" mi="0" ci="2" mb="0" cb="2"/><line nr="74" mi="0" ci="4" mb="0" cb="0"/><line nr="77" mi="0" ci="3" mb="0" cb="0"/><line nr="78" mi="0" ci="4" mb="0" cb="0"/><line nr="80" mi="0" ci="8" mb="0" cb="0"/><line nr="81" mi="1" ci="1" mb="0" cb="0"/><line nr="82" mi="0" ci="1" mb="0" cb="0"/><line nr="96" mi="0" ci="7" mb="0" cb="0"/><line nr="97" mi="0" ci="1" mb="0" cb="0"/><line nr="114" mi="0" ci="2" mb="0" cb="0"/><line nr="115" mi="0" ci="2" mb="1" cb="1"/><line nr="116" mi="4" ci="0" mb="0" cb="0"/><line nr="119" mi="0" ci="3" mb="0" cb="0"/><line nr="120" mi="0" ci="4" mb="0" cb="0"/><line nr="121" mi="0" ci="1" mb="0" cb="0"/><line nr="128" mi="0" ci="3" mb="0" cb="0"/><line nr="136" mi="0" ci="3" mb="0" cb="0"/><line nr="151" mi="0" ci="3" mb="0" cb="0"/><line nr="152" mi="0" ci="5" mb="0" cb="2"/><line nr="153" mi="0" ci="3" mb="1" cb="1"/><line nr="154" mi="0" ci="5" mb="0" cb="0"/><line nr="158" mi="0" ci="5" mb="0" cb="0"/><line nr="159" mi="0" ci="2" mb="0" cb="0"/><line nr="160" mi="0" ci="3" mb="0" cb="2"/><line nr="161" mi="0" ci="5" mb="0" cb="0"/><line nr="166" mi="0" ci="3" mb="0" cb="0"/><line nr="167" mi="0" ci="3" mb="0" cb="0"/><line nr="169" mi="0" ci="4" mb="0" cb="0"/><line nr="170" mi="1" ci="0" mb="0" cb="0"/><line nr="171" mi="6" ci="0" mb="0" cb="0"/><line nr="173" mi="0" ci="1" mb="0" cb="0"/><line nr="174" mi="0" ci="1" mb="0" cb="0"/><line nr="182" mi="0" ci="3" mb="0" cb="0"/><line nr="184" mi="0" ci="5" mb="1" cb="1"/><line nr="185" mi="5" ci="0" mb="0" cb="0"/><line nr="190" mi="0" ci="3" mb="0" cb="0"/><line nr="191" mi="0" ci="7" mb="0" cb="2"/><line nr="192" mi="0" ci="6" mb="0" cb="0"/><line nr="197" mi="0" ci="7" mb="0" cb="2"/><line nr="198" mi="0" ci="4" mb="0" cb="0"/><line nr="200" mi="0" ci="7" mb="0" cb="2"/><line nr="201" mi="0" ci="3" mb="0" cb="2"/><line nr="203" mi="0" ci="15" mb="0" cb="0"/><line nr="208" mi="0" ci="10" mb="0" cb="0"/><line nr="210" mi="0" ci="1" mb="0" cb="0"/><line nr="218" mi="0" ci="5" mb="0" cb="0"/><line nr="219" mi="0" ci="3" mb="0" cb="0"/><line nr="220" mi="0" ci="2" mb="0" cb="0"/><counter type="INSTRUCTION" missed="17" covered="181"/><counter type="BRANCH" missed="3" covered="17"/><counter type="LINE" missed="4" covered="47"/><counter type="COMPLEXITY" missed="3" covered="16"/><counter type="METHOD" missed="0" covered="9"/><counter type="CLASS" missed="0" covered="1"/></sourcefile><sourcefile name="MultivariateNormalDist.java"><line nr="55" mi="0" ci="3" mb="0" cb="0"/><line nr="56" mi="0" ci="1" mb="0" cb="0"/><line nr="66" mi="0" ci="2" mb="0" cb="0"/><line nr="67" mi="0" ci="2" mb="0" cb="2"/><line nr="68" mi="0" ci="5" mb="0" cb="0"/><line nr="72" mi="0" ci="4" mb="0" cb="0"/><line nr="74" mi="0" ci="5" mb="0" cb="0"/><line nr="75" mi="1" ci="0" mb="0" cb="0"/><line nr="76" mi="6" ci="0" mb="0" cb="0"/><line nr="78" mi="0" ci="1" mb="0" cb="0"/><line nr="79" mi="0" ci="1" mb="0" cb="0"/><line nr="97" mi="0" ci="2" mb="0" cb="0"/><line nr="98" mi="0" ci="4" mb="0" cb="0"/><line nr="99" mi="0" ci="1" mb="0" cb="0"/><line nr="121" mi="0" ci="2" mb="0" cb="0"/><line nr="122" mi="0" ci="5" mb="0" cb="0"/><line nr="124" mi="0" ci="1" mb="0" cb="0"/><line nr="131" mi="0" ci="3" mb="0" cb="0"/><line nr="143" mi="0" ci="3" mb="0" cb="2"/><line nr="144" mi="0" ci="5" mb="0" cb="0"/><line nr="147" mi="0" ci="3" mb="0" cb="0"/><line nr="148" mi="0" ci="1" mb="0" cb="0"/><line nr="156" mi="0" ci="4" mb="0" cb="0"/><line nr="166" mi="0" ci="4" mb="0" cb="0"/><line nr="167" mi="0" ci="1" mb="0" cb="0"/><line nr="177" mi="0" ci="4" mb="0" cb="0"/><line nr="178" mi="0" ci="1" mb="0" cb="0"/><line nr="192" mi="0" ci="5" mb="0" cb="2"/><line nr="193" mi="0" ci="5" mb="0" cb="0"/><line nr="198" mi="0" ci="2" mb="0" cb="2"/><line nr="199" mi="0" ci="5" mb="0" cb="0"/><line nr="200" mi="0" ci="2" mb="0" cb="0"/><line nr="201" mi="0" ci="3" mb="0" cb="2"/><line nr="202" mi="0" ci="5" mb="0" cb="0"/><line nr="208" mi="0" ci="4" mb="0" cb="0"/><line nr="209" mi="0" ci="3" mb="0" cb="0"/><line nr="210" mi="0" ci="3" mb="0" cb="0"/><line nr="211" mi="1" ci="0" mb="0" cb="0"/><line nr="212" mi="6" ci="0" mb="0" cb="0"/><line nr="214" mi="0" ci="1" mb="0" cb="0"/><line nr="215" mi="0" ci="1" mb="0" cb="0"/><line nr="232" mi="0" ci="5" mb="0" cb="0"/><line nr="233" mi="0" ci="1" mb="0" cb="0"/><line nr="253" mi="0" ci="5" mb="0" cb="2"/><line nr="254" mi="0" ci="5" mb="0" cb="0"/><line nr="258" mi="0" ci="4" mb="0" cb="0"/><line nr="259" mi="0" ci="3" mb="0" cb="0"/><line nr="260" mi="0" ci="1" mb="0" cb="0"/><line nr="270" mi="0" ci="5" mb="0" cb="2"/><line nr="271" mi="0" ci="2" mb="0" cb="0"/><line nr="275" mi="0" ci="5" mb="0" cb="0"/><line nr="276" mi="0" ci="2" mb="0" cb="0"/><line nr="277" mi="0" ci="3" mb="0" cb="0"/><line nr="278" mi="1" ci="0" mb="0" cb="0"/><line nr="279" mi="2" ci="0" mb="0" cb="0"/><line nr="289" mi="0" ci="12" mb="2" cb="2"/><line nr="290" mi="0" ci="5" mb="0" cb="2"/><line nr="302" mi="0" ci="3" mb="0" cb="0"/><line nr="312" mi="0" ci="3" mb="0" cb="0"/><line nr="330" mi="0" ci="3" mb="0" cb="2"/><line nr="331" mi="0" ci="5" mb="0" cb="0"/><line nr="335" mi="0" ci="3" mb="0" cb="0"/><line nr="336" mi="0" ci="5" mb="0" cb="2"/><line nr="337" mi="0" ci="5" mb="0" cb="0"/><line nr="341" mi="0" ci="2" mb="0" cb="0"/><line nr="343" mi="0" ci="4" mb="0" cb="0"/><line nr="344" mi="1" ci="1" mb="0" cb="0"/><line nr="346" mi="0" ci="10" mb="0" cb="0"/><line nr="348" mi="0" ci="9" mb="0" cb="0"/><line nr="373" mi="0" ci="3" mb="0" cb="2"/><line nr="374" mi="0" ci="5" mb="0" cb="0"/><line nr="378" mi="0" ci="3" mb="0" cb="0"/><line nr="379" mi="0" ci="5" mb="0" cb="2"/><line nr="380" mi="0" ci="5" mb="0" cb="0"/><line nr="384" mi="0" ci="2" mb="0" cb="0"/><line nr="386" mi="0" ci="2" mb="0" cb="0"/><line nr="388" mi="0" ci="2" mb="0" cb="2"/><line nr="389" mi="0" ci="4" mb="0" cb="0"/><line nr="392" mi="0" ci="7" mb="0" cb="2"/><line nr="393" mi="0" ci="8" mb="0" cb="0"/><line nr="394" mi="0" ci="2" mb="0" cb="0"/><line nr="395" mi="0" ci="4" mb="0" cb="0"/><line nr="396" mi="0" ci="5" mb="0" cb="0"/><line nr="397" mi="0" ci="10" mb="0" cb="0"/><line nr="398" mi="0" ci="1" mb="0" cb="0"/><line nr="401" mi="1" ci="0" mb="0" cb="0"/><line nr="402" mi="2" ci="0" mb="0" cb="0"/><line nr="403" mi="1" ci="1" mb="0" cb="0"/><line nr="405" mi="0" ci="2" mb="0" cb="0"/><line nr="427" mi="0" ci="5" mb="0" cb="0"/><line nr="439" mi="0" ci="2" mb="0" cb="0"/><line nr="440" mi="0" ci="16" mb="0" cb="2"/><line nr="441" mi="0" ci="4" mb="0" cb="0"/><line nr="443" mi="0" ci="2" mb="0" cb="0"/><line nr="470" mi="0" ci="3" mb="0" cb="2"/><line nr="471" mi="0" ci="5" mb="0" cb="0"/><line nr="475" mi="0" ci="3" mb="0" cb="0"/><line nr="476" mi="0" ci="5" mb="0" cb="2"/><line nr="477" mi="0" ci="5" mb="0" cb="0"/><line nr="481" mi="0" ci="4" mb="0" cb="2"/><line nr="482" mi="0" ci="5" mb="0" cb="0"/><line nr="487" mi="0" ci="2" mb="0" cb="0"/><line nr="489" mi="0" ci="2" mb="0" cb="2"/><line nr="490" mi="0" ci="4" mb="0" cb="0"/><line nr="494" mi="0" ci="7" mb="0" cb="0"/><line nr="495" mi="0" ci="7" mb="0" cb="2"/><line nr="496" mi="0" ci="8" mb="0" cb="0"/><line nr="497" mi="0" ci="2" mb="0" cb="0"/><line nr="498" mi="0" ci="18" mb="0" cb="0"/><line nr="499" mi="0" ci="1" mb="0" cb="0"/><line nr="501" mi="0" ci="4" mb="0" cb="0"/><line nr="504" mi="0" ci="4" mb="0" cb="0"/><line nr="506" mi="1" ci="0" mb="0" cb="0"/><line nr="507" mi="2" ci="0" mb="0" cb="0"/><line nr="508" mi="1" ci="1" mb="0" cb="0"/><line nr="509" mi="0" ci="1" mb="0" cb="0"/><line nr="534" mi="0" ci="3" mb="1" cb="1"/><line nr="535" mi="5" ci="0" mb="0" cb="0"/><line nr="538" mi="0" ci="5" mb="0" cb="0"/><line nr="539" mi="0" ci="5" mb="0" cb="0"/><line nr="540" mi="0" ci="2" mb="0" cb="0"/><line nr="564" mi="0" ci="5" mb="0" cb="0"/><line nr="565" mi="0" ci="1" mb="0" cb="0"/><line nr="587" mi="0" ci="6" mb="0" cb="0"/><line nr="617" mi="0" ci="8" mb="0" cb="4"/><line nr="618" mi="0" ci="5" mb="0" cb="0"/><line nr="622" mi="0" ci="3" mb="1" cb="1"/><line nr="623" mi="5" ci="0" mb="0" cb="0"/><line nr="627" mi="0" ci="3" mb="0" cb="0"/><line nr="628" mi="0" ci="5" mb="0" cb="2"/><line nr="629" mi="0" ci="5" mb="0" cb="0"/><line nr="633" mi="0" ci="3" mb="0" cb="0"/><line nr="634" mi="0" ci="8" mb="0" cb="0"/><line nr="635" mi="0" ci="5" mb="0" cb="0"/><line nr="636" mi="0" ci="1" mb="0" cb="0"/><line nr="664" mi="0" ci="3" mb="1" cb="1"/><line nr="665" mi="5" ci="0" mb="0" cb="0"/><line nr="668" mi="0" ci="5" mb="0" cb="0"/><line nr="669" mi="0" ci="5" mb="0" cb="0"/><line nr="670" mi="0" ci="2" mb="0" cb="0"/><line nr="697" mi="0" ci="5" mb="0" cb="0"/><line nr="698" mi="0" ci="1" mb="0" cb="0"/><line nr="722" mi="0" ci="6" mb="0" cb="0"/><line nr="736" mi="0" ci="5" mb="0" cb="0"/><line nr="750" mi="0" ci="5" mb="0" cb="0"/><line nr="751" mi="0" ci="4" mb="0" cb="0"/><line nr="752" mi="0" ci="3" mb="0" cb="0"/><line nr="755" mi="0" ci="4" mb="0" cb="0"/><line nr="756" mi="0" ci="3" mb="0" cb="0"/><line nr="757" mi="0" ci="3" mb="0" cb="0"/><line nr="759" mi="1" ci="1" mb="0" cb="0"/><line nr="761" mi="0" ci="4" mb="0" cb="0"/><line nr="779" mi="0" ci="3" mb="1" cb="1"/><line nr="780" mi="5" ci="0" mb="0" cb="0"/><line nr="783" mi="0" ci="6" mb="1" cb="3"/><line nr="784" mi="0" ci="6" mb="0" cb="0"/><line nr="786" mi="0" ci="2" mb="0" cb="0"/><line nr="800" mi="0" ci="4" mb="0" cb="0"/><line nr="803" mi="0" ci="4" mb="0" cb="0"/><line nr="805" mi="0" ci="1" mb="0" cb="0"/><line nr="831" mi="0" ci="3" mb="0" cb="0"/><line nr="832" mi="0" ci="3" mb="0" cb="0"/><line nr="833" mi="0" ci="3" mb="0" cb="0"/><line nr="834" mi="0" ci="6" mb="0" cb="0"/><line nr="835" mi="0" ci="5" mb="0" cb="0"/><line nr="839" mi="0" ci="3" mb="0" cb="0"/><line nr="840" mi="0" ci="3" mb="0" cb="0"/><line nr="841" mi="0" ci="3" mb="0" cb="0"/><line nr="844" mi="0" ci="2" mb="0" cb="0"/><line nr="846" mi="0" ci="3" mb="0" cb="0"/><line nr="847" mi="0" ci="4" mb="0" cb="0"/><line nr="848" mi="0" ci="1" mb="0" cb="0"/><line nr="872" mi="0" ci="4" mb="0" cb="0"/><line nr="873" mi="0" ci="5" mb="0" cb="0"/><line nr="874" mi="0" ci="2" mb="0" cb="0"/><line nr="894" mi="0" ci="7" mb="0" cb="0"/><line nr="895" mi="1" ci="1" mb="0" cb="0"/><line nr="896" mi="0" ci="1" mb="0" cb="0"/><line nr="912" mi="0" ci="4" mb="0" cb="0"/><line nr="913" mi="0" ci="4" mb="0" cb="0"/><line nr="914" mi="0" ci="2" mb="0" cb="0"/><line nr="931" mi="0" ci="4" mb="0" cb="0"/><line nr="932" mi="0" ci="1" mb="0" cb="0"/><line nr="947" mi="0" ci="4" mb="0" cb="0"/><line nr="948" mi="0" ci="4" mb="0" cb="0"/><line nr="949" mi="0" ci="2" mb="0" cb="0"/><counter type="INSTRUCTION" missed="48" covered="651"/><counter type="BRANCH" missed="7" covered="55"/><counter type="LINE" missed="14" covered="172"/><counter type="COMPLEXITY" missed="7" covered="61"/><counter type="METHOD" missed="0" covered="37"/><counter type="CLASS" missed="0" covered="1"/></sourcefile><sourcefile name="InvalidCovarianceMatrixException.java"><line nr="30" mi="0" ci="2" mb="0" cb="0"/><line nr="31" mi="0" ci="1" mb="0" cb="0"/><line nr="38" mi="0" ci="3" mb="0" cb="0"/><line nr="39" mi="0" ci="1" mb="0" cb="0"/><line nr="47" mi="0" ci="4" mb="0" cb="0"/><line nr="48" mi="0" ci="1" mb="0" cb="0"/><line nr="55" mi="0" ci="3" mb="0" cb="0"/><line nr="56" mi="0" ci="1" mb="0" cb="0"/><counter type="INSTRUCTION" missed="0" covered="16"/><counter type="LINE" missed="0" covered="8"/><counter type="COMPLEXITY" missed="0" covered="4"/><counter type="METHOD" missed="0" covered="4"/><counter type="CLASS" missed="0" covered="1"/></sourcefile><counter type="INSTRUCTION" missed="65" covered="848"/><counter type="BRANCH" missed="10" covered="72"/><counter type="LINE" missed="18" covered="227"/><counter type="COMPLEXITY" missed="10" covered="81"/><counter type="METHOD" missed="0" covered="50"/><counter type="CLASS" missed="0" covered="3"/></package><package name="com/irurueta/algebra"><class name="com/irurueta/algebra/GaussJordanElimination" sourcefilename="GaussJordanElimination.java"><method name="&lt;init&gt;" desc="()V" line="26"><counter type="INSTRUCTION" missed="3" covered="0"/><counter type="LINE" missed="1" covered="0"/><counter type="COMPLEXITY" missed="1" covered="0"/><counter type="METHOD" missed="1" covered="0"/></method><method name="process" desc="(Lcom/irurueta/algebra/Matrix;Lcom/irurueta/algebra/Matrix;)V" line="48"><counter type="INSTRUCTION" missed="0" covered="320"/><counter type="BRANCH" missed="0" covered="48"/><counter type="LINE" missed="0" covered="59"/><counter type="COMPLEXITY" missed="0" covered="25"/><counter type="METHOD" missed="0" covered="1"/></method><method name="process" desc="(Lcom/irurueta/algebra/Matrix;[D)V" line="152"><counter type="INSTRUCTION" missed="1" covered="22"/><counter type="BRANCH" missed="2" covered="2"/><counter type="LINE" missed="0" covered="6"/><counter type="COMPLEXITY" missed="2" covered="1"/><counter type="METHOD" missed="0" covered="1"/></method><method name="inverse" desc="(Lcom/irurueta/algebra/Matrix;)V" line="171"><counter type="INSTRUCTION" missed="0" covered="5"/><counter type="LINE" missed="0" covered="2"/><counter type="COMPLEXITY" missed="0" covered="1"/><counter type="METHOD" missed="0" covered="1"/></method><method name="swap" desc="([D[DII)V" line="183"><counter type="INSTRUCTION" missed="0" covered="17"/><counter type="LINE" missed="0" covered="5"/><counter type="COMPLEXITY" missed="0" covered="1"/><counter type="METHOD" missed="0" covered="1"/></method><counter type="INSTRUCTION" missed="4" covered="364"/><counter type="BRANCH" missed="2" covered="50"/><counter type="LINE" missed="1" covered="72"/><counter type="COMPLEXITY" missed="3" covered="28"/><counter type="METHOD" missed="1" covered="4"/><counter type="CLASS" missed="0" covered="1"/></class><class name="com/irurueta/algebra/Matrix" sourcefilename="Matrix.java"><method name="&lt;init&gt;" desc="(II)V" line="70"><counter type="INSTRUCTION" missed="0" covered="7"/><counter type="LINE" missed="0" covered="3"/><counter type="COMPLEXITY" missed="0" covered="1"/><counter type="METHOD" missed="0" covered="1"/></method><method name="getRows" desc="()I" line="79"><counter type="INSTRUCTION" missed="0" covered="3"/><counter type="LINE" missed="0" covered="1"/><counter type="COMPLEXITY" missed="0" covered="1"/><counter type="METHOD" missed="0" covered="1"/></method><method name="getColumns" desc="()I" line="87"><counter type="INSTRUCTION" missed="0" covered="3"/><counter type="LINE" missed="0" covered="1"/><counter type="COMPLEXITY" missed="0" covered="1"/><counter type="METHOD" missed="0" covered="1"/></method><method name="getElementAt" desc="(II)D" line="106"><counter type="INSTRUCTION" missed="0" covered="10"/><counter type="LINE" missed="0" covered="1"/><counter type="COMPLEXITY" missed="0" covered="1"/><counter type="METHOD" missed="0" covered="1"/></method><method name="getIndex" desc="(II)I" line="117"><counter type="INSTRUCTION" missed="0" covered="7"/><counter type="LINE" missed="0" covered="1"/><counter type="COMPLEXITY" missed="0" covered="1"/><counter type="METHOD" missed="0" covered="1"/></method><method name="getElementAtIndex" desc="(I)D" line="135"><counter type="INSTRUCTION" missed="0" covered="5"/><counter type="LINE" missed="0" covered="1"/><counter type="COMPLEXITY" missed="0" covered="1"/><counter type="METHOD" missed="0" covered="1"/></method><method name="getElementAtIndex" desc="(IZ)D" line="152"><counter type="INSTRUCTION" missed="0" covered="27"/><counter type="BRANCH" missed="0" covered="2"/><counter type="LINE" missed="0" covered="5"/><counter type="COMPLEXITY" missed="0" covered="2"/><counter type="METHOD" missed="0" covered="1"/></method><method name="setElementAt" desc="(IID)V" line="177"><counter type="INSTRUCTION" missed="0" covered="11"/><counter type="LINE" missed="0" covered="2"/><counter type="COMPLEXITY" missed="0" covered="1"/><counter type="METHOD" missed="0" covered="1"/></method><method name="setElementAtIndex" desc="(ID)V" line="196"><counter type="INSTRUCTION" missed="0" covered="6"/><counter type="LINE" missed="0" covered="2"/><counter type="COMPLEXITY" missed="0" covered="1"/><counter type="METHOD" missed="0" covered="1"/></method><method name="setElementAtIndex" desc="(IDZ)V" line="212"><counter type="INSTRUCTION" missed="0" covered="29"/><counter type="BRANCH" missed="0" covered="2"/><counter type="LINE" missed="0" covered="6"/><counter type="COMPLEXITY" missed="0" covered="2"/><counter type="METHOD" missed="0" covered="1"/></method><method name="clone" desc="()Lcom/irurueta/algebra/Matrix;" line="227"><counter type="INSTRUCTION" missed="1" covered="16"/><counter type="LINE" missed="0" covered="5"/><counter type="COMPLEXITY" missed="0" covered="1"/><counter type="METHOD" missed="0" covered="1"/></method><method name="copyTo" desc="(Lcom/irurueta/algebra/Matrix;)V" line="245"><counter type="INSTRUCTION" missed="1" covered="28"/><counter type="BRANCH" missed="1" covered="3"/><counter type="LINE" missed="0" covered="5"/><counter type="COMPLEXITY" missed="1" covered="2"/><counter type="METHOD" missed="0" covered="1"/></method><method name="copyFrom" desc="(Lcom/irurueta/algebra/Matrix;)V" line="264"><counter type="INSTRUCTION" missed="1" covered="28"/><counter type="BRANCH" missed="1" covered="3"/><counter type="LINE" missed="0" covered="5"/><counter type="COMPLEXITY" missed="1" covered="2"/><counter type="METHOD" missed="0" covered="1"/></method><method name="internalAdd" desc="(Lcom/irurueta/algebra/Matrix;Lcom/irurueta/algebra/Matrix;)V" line="280"><counter type="INSTRUCTION" missed="0" covered="27"/><counter type="BRANCH" missed="0" covered="2"/><counter type="LINE" missed="0" covered="4"/><counter type="COMPLEXITY" missed="0" covered="2"/><counter type="METHOD" missed="0" covered="1"/></method><method name="add" desc="(Lcom/irurueta/algebra/Matrix;Lcom/irurueta/algebra/Matrix;)V" line="299"><counter type="INSTRUCTION" missed="35" covered="0"/><counter type="BRANCH" missed="8" covered="0"/><counter type="LINE" missed="6" covered="0"/><counter type="COMPLEXITY" missed="5" covered="0"/><counter type="METHOD" missed="1" covered="0"/></method><method name="addAndReturnNew" desc="(Lcom/irurueta/algebra/Matrix;)Lcom/irurueta/algebra/Matrix;" line="323"><counter type="INSTRUCTION" missed="0" covered="28"/><counter type="BRANCH" missed="1" covered="3"/><counter type="LINE" missed="0" covered="5"/><counter type="COMPLEXITY" missed="1" covered="2"/><counter type="METHOD" missed="0" covered="1"/></method><method name="add" desc="(Lcom/irurueta/algebra/Matrix;)V" line="341"><counter type="INSTRUCTION" missed="0" covered="19"/><counter type="BRANCH" missed="1" covered="3"/><counter type="LINE" missed="0" covered="4"/><counter type="COMPLEXITY" missed="1" covered="2"/><counter type="METHOD" missed="0" covered="1"/></method><method name="internalSubtract" desc="(Lcom/irurueta/algebra/Matrix;Lcom/irurueta/algebra/Matrix;)V" line="354"><counter type="INSTRUCTION" missed="0" covered="27"/><counter type="BRANCH" missed="0" covered="2"/><counter type="LINE" missed="0" covered="4"/><counter type="COMPLEXITY" missed="0" covered="2"/><counter type="METHOD" missed="0" covered="1"/></method><method name="subtract" desc="(Lcom/irurueta/algebra/Matrix;Lcom/irurueta/algebra/Matrix;)V" line="373"><counter type="INSTRUCTION" missed="35" covered="0"/><counter type="BRANCH" missed="8" covered="0"/><counter type="LINE" missed="6" covered="0"/><counter type="COMPLEXITY" missed="5" covered="0"/><counter type="METHOD" missed="1" covered="0"/></method><method name="subtractAndReturnNew" desc="(Lcom/irurueta/algebra/Matrix;)Lcom/irurueta/algebra/Matrix;" line="397"><counter type="INSTRUCTION" missed="0" covered="28"/><counter type="BRANCH" missed="1" covered="3"/><counter type="LINE" missed="0" covered="5"/><counter type="COMPLEXITY" missed="1" covered="2"/><counter type="METHOD" missed="0" covered="1"/></method><method name="subtract" desc="(Lcom/irurueta/algebra/Matrix;)V" line="414"><counter type="INSTRUCTION" missed="4" covered="15"/><counter type="BRANCH" missed="2" covered="2"/><counter type="LINE" missed="1" covered="3"/><counter type="COMPLEXITY" missed="2" covered="1"/><counter type="METHOD" missed="0" covered="1"/></method><method name="internalMultiply" desc="(Lcom/irurueta/algebra/Matrix;[D[I)V" line="430"><counter type="INSTRUCTION" missed="0" covered="59"/><counter type="BRANCH" missed="0" covered="6"/><counter type="LINE" missed="0" covered="8"/><counter type="COMPLEXITY" missed="0" covered="4"/><counter type="METHOD" missed="0" covered="1"/></method><method name="internalMultiply" desc="(Lcom/irurueta/algebra/Matrix;Lcom/irurueta/algebra/Matrix;)V" line="450"><counter type="INSTRUCTION" missed="0" covered="8"/><counter type="LINE" missed="0" covered="2"/><counter type="COMPLEXITY" missed="0" covered="1"/><counter type="METHOD" missed="0" covered="1"/></method><method name="multiply" desc="(Lcom/irurueta/algebra/Matrix;Lcom/irurueta/algebra/Matrix;)V" line="466"><counter type="INSTRUCTION" missed="10" covered="20"/><counter type="BRANCH" missed="3" covered="3"/><counter type="LINE" missed="2" covered="4"/><counter type="COMPLEXITY" missed="3" covered="1"/><counter type="METHOD" missed="0" covered="1"/></method><method name="multiplyAndReturnNew" desc="(Lcom/irurueta/algebra/Matrix;)Lcom/irurueta/algebra/Matrix;" line="494"><counter type="INSTRUCTION" missed="0" covered="23"/><counter type="BRANCH" missed="0" covered="2"/><counter type="LINE" missed="0" covered="5"/><counter type="COMPLEXITY" missed="0" covered="2"/><counter type="METHOD" missed="0" covered="1"/></method><method name="multiply" desc="(Lcom/irurueta/algebra/Matrix;)V" line="517"><counter type="INSTRUCTION" missed="0" covered="55"/><counter type="BRANCH" missed="0" covered="4"/><counter type="LINE" missed="0" covered="13"/><counter type="COMPLEXITY" missed="0" covered="3"/><counter type="METHOD" missed="0" covered="1"/></method><method name="internalMultiplyKronecker" desc="(Lcom/irurueta/algebra/Matrix;[D[I)V" line="546"><counter type="INSTRUCTION" missed="0" covered="87"/><counter type="BRANCH" missed="0" covered="8"/><counter type="LINE" missed="0" covered="15"/><counter type="COMPLEXITY" missed="0" covered="5"/><counter type="METHOD" missed="0" covered="1"/></method><method name="internalMultiplyKronecker" desc="(Lcom/irurueta/algebra/Matrix;Lcom/irurueta/algebra/Matrix;)V" line="576"><counter type="INSTRUCTION" missed="0" covered="8"/><counter type="LINE" missed="0" covered="2"/><counter type="COMPLEXITY" missed="0" covered="1"/><counter type="METHOD" missed="0" covered="1"/></method><method name="multiplyKronecker" desc="(Lcom/irurueta/algebra/Matrix;Lcom/irurueta/algebra/Matrix;)V" line="588"><counter type="INSTRUCTION" missed="5" covered="26"/><counter type="BRANCH" missed="3" covered="1"/><counter type="LINE" missed="0" covered="7"/><counter type="COMPLEXITY" missed="2" covered="1"/><counter type="METHOD" missed="0" covered="1"/></method><method name="multiplyKroneckerAndReturnNew" desc="(Lcom/irurueta/algebra/Matrix;)Lcom/irurueta/algebra/Matrix;" line="608"><counter type="INSTRUCTION" missed="1" covered="23"/><counter type="LINE" missed="0" covered="5"/><counter type="COMPLEXITY" missed="0" covered="1"/><counter type="METHOD" missed="0" covered="1"/></method><method name="multiplyKronecker" desc="(Lcom/irurueta/algebra/Matrix;)V" line="626"><counter type="INSTRUCTION" missed="0" covered="55"/><counter type="BRANCH" missed="0" covered="2"/><counter type="LINE" missed="0" covered="14"/><counter type="COMPLEXITY" missed="0" covered="2"/><counter type="METHOD" missed="0" covered="1"/></method><method name="multiplyByScalar" desc="(DLcom/irurueta/algebra/Matrix;)V" line="653"><counter type="INSTRUCTION" missed="0" covered="24"/><counter type="BRANCH" missed="0" covered="2"/><counter type="LINE" missed="0" covered="4"/><counter type="COMPLEXITY" missed="0" covered="2"/><counter type="METHOD" missed="0" covered="1"/></method><method name="multiplyByScalarAndReturnNew" desc="(D)Lcom/irurueta/algebra/Matrix;" line="667"><counter type="INSTRUCTION" missed="1" covered="17"/><counter type="LINE" missed="0" covered="5"/><counter type="COMPLEXITY" missed="0" covered="1"/><counter type="METHOD" missed="0" covered="1"/></method><method name="multiplyByScalar" desc="(D)V" line="681"><counter type="INSTRUCTION" missed="0" covered="5"/><counter type="LINE" missed="0" covered="2"/><counter type="COMPLEXITY" missed="0" covered="1"/><counter type="METHOD" missed="0" covered="1"/></method><method name="equals" desc="(Ljava/lang/Object;)Z" line="692"><counter type="INSTRUCTION" missed="2" covered="19"/><counter type="BRANCH" missed="1" covered="5"/><counter type="LINE" missed="1" covered="7"/><counter type="COMPLEXITY" missed="1" covered="3"/><counter type="METHOD" missed="0" covered="1"/></method><method name="hashCode" desc="()I" line="714"><counter type="INSTRUCTION" missed="0" covered="30"/><counter type="LINE" missed="0" covered="2"/><counter type="COMPLEXITY" missed="0" covered="1"/><counter type="METHOD" missed="0" covered="1"/></method><method name="equals" desc="(Lcom/irurueta/algebra/Matrix;)Z" line="726"><counter type="INSTRUCTION" missed="0" covered="5"/><counter type="LINE" missed="0" covered="1"/><counter type="COMPLEXITY" missed="0" covered="1"/><counter type="METHOD" missed="0" covered="1"/></method><method name="equals" desc="(Lcom/irurueta/algebra/Matrix;D)Z" line="740"><counter type="INSTRUCTION" missed="2" covered="46"/><counter type="BRANCH" missed="1" covered="9"/><counter type="LINE" missed="1" covered="10"/><counter type="COMPLEXITY" missed="1" covered="5"/><counter type="METHOD" missed="0" covered="1"/></method><method name="internalElementByElementProduct" desc="(Lcom/irurueta/algebra/Matrix;Lcom/irurueta/algebra/Matrix;)V" line="766"><counter type="INSTRUCTION" missed="0" covered="27"/><counter type="BRANCH" missed="0" covered="2"/><counter type="LINE" missed="0" covered="4"/><counter type="COMPLEXITY" missed="0" covered="2"/><counter type="METHOD" missed="0" covered="1"/></method><method name="elementByElementProduct" desc="(Lcom/irurueta/algebra/Matrix;Lcom/irurueta/algebra/Matrix;)V" line="785"><counter type="INSTRUCTION" missed="35" covered="0"/><counter type="BRANCH" missed="8" covered="0"/><counter type="LINE" missed="6" covered="0"/><counter type="COMPLEXITY" missed="5" covered="0"/><counter type="METHOD" missed="1" covered="0"/></method><method name="elementByElementProductAndReturnNew" desc="(Lcom/irurueta/algebra/Matrix;)Lcom/irurueta/algebra/Matrix;" line="821"><counter type="INSTRUCTION" missed="0" covered="28"/><counter type="BRANCH" missed="1" covered="3"/><counter type="LINE" missed="0" covered="5"/><counter type="COMPLEXITY" missed="1" covered="2"/><counter type="METHOD" missed="0" covered="1"/></method><method name="elementByElementProduct" desc="(Lcom/irurueta/algebra/Matrix;)V" line="853"><counter type="INSTRUCTION" missed="0" covered="19"/><counter type="BRANCH" missed="1" covered="3"/><counter type="LINE" missed="0" covered="4"/><counter type="COMPLEXITY" missed="1" covered="2"/><counter type="METHOD" missed="0" covered="1"/></method><method name="internalTranspose" desc="([D[I)V" line="868"><counter type="INSTRUCTION" missed="0" covered="33"/><counter type="BRANCH" missed="0" covered="4"/><counter type="LINE" missed="0" covered="4"/><counter type="COMPLEXITY" missed="0" covered="3"/><counter type="METHOD" missed="0" covered="1"/></method><method name="internalTranspose" desc="(Lcom/irurueta/algebra/Matrix;)V" line="881"><counter type="INSTRUCTION" missed="0" covered="7"/><counter type="LINE" missed="0" covered="2"/><counter type="COMPLEXITY" missed="0" covered="1"/><counter type="METHOD" missed="0" covered="1"/></method><method name="transpose" desc="(Lcom/irurueta/algebra/Matrix;)V" line="891"><counter type="INSTRUCTION" missed="22" covered="0"/><counter type="BRANCH" missed="4" covered="0"/><counter type="LINE" missed="5" covered="0"/><counter type="COMPLEXITY" missed="3" covered="0"/><counter type="METHOD" missed="1" covered="0"/></method><method name="transposeAndReturnNew" desc="()Lcom/irurueta/algebra/Matrix;" line="908"><counter type="INSTRUCTION" missed="1" covered="16"/><counter type="LINE" missed="0" covered="5"/><counter type="COMPLEXITY" missed="0" covered="1"/><counter type="METHOD" missed="0" covered="1"/></method><method name="transpose" desc="()V" line="925"><counter type="INSTRUCTION" missed="0" covered="51"/><counter type="BRANCH" missed="0" covered="2"/><counter type="LINE" missed="0" covered="13"/><counter type="COMPLEXITY" missed="0" covered="2"/><counter type="METHOD" missed="0" covered="1"/></method><method name="initialize" desc="(D)V" line="951"><counter type="INSTRUCTION" missed="0" covered="5"/><counter type="LINE" missed="0" covered="2"/><counter type="COMPLEXITY" missed="0" covered="1"/><counter type="METHOD" missed="0" covered="1"/></method><method name="resize" desc="(II)V" line="963"><counter type="INSTRUCTION" missed="0" covered="5"/><counter type="LINE" missed="0" covered="2"/><counter type="COMPLEXITY" missed="0" covered="1"/><counter type="METHOD" missed="0" covered="1"/></method><method name="internalResize" desc="(II)V" line="975"><counter type="INSTRUCTION" missed="0" covered="43"/><counter type="BRANCH" missed="0" covered="6"/><counter type="LINE" missed="0" covered="11"/><counter type="COMPLEXITY" missed="0" covered="4"/><counter type="METHOD" missed="0" covered="1"/></method><method name="reset" desc="(IID)V" line="1005"><counter type="INSTRUCTION" missed="0" covered="8"/><counter type="LINE" missed="0" covered="3"/><counter type="COMPLEXITY" missed="0" covered="1"/><counter type="METHOD" missed="0" covered="1"/></method><method name="toArray" desc="()[D" line="1015"><counter type="INSTRUCTION" missed="0" covered="4"/><counter type="LINE" missed="0" covered="1"/><counter type="COMPLEXITY" missed="0" covered="1"/><counter type="METHOD" missed="0" covered="1"/></method><method name="toArray" desc="(Z)[D" line="1026"><counter type="INSTRUCTION" missed="0" covered="51"/><counter type="BRANCH" missed="0" covered="6"/><counter type="LINE" missed="0" covered="11"/><counter type="COMPLEXITY" missed="0" covered="4"/><counter type="METHOD" missed="0" covered="1"/></method><method name="toArray" desc="([D)V" line="1055"><counter type="INSTRUCTION" missed="0" covered="5"/><counter type="LINE" missed="0" covered="2"/><counter type="COMPLEXITY" missed="0" covered="1"/><counter type="METHOD" missed="0" covered="1"/></method><method name="toArray" desc="([DZ)V" line="1069"><counter type="INSTRUCTION" missed="5" covered="52"/><counter type="BRANCH" missed="1" covered="7"/><counter type="LINE" missed="1" covered="10"/><counter type="COMPLEXITY" missed="1" covered="4"/><counter type="METHOD" missed="0" covered="1"/></method><method name="getBuffer" desc="()[D" line="1095"><counter type="INSTRUCTION" missed="0" covered="3"/><counter type="LINE" missed="0" covered="1"/><counter type="COMPLEXITY" missed="0" covered="1"/><counter type="METHOD" missed="0" covered="1"/></method><method name="internalGetSubmatrix" desc="(IIIILcom/irurueta/algebra/Matrix;)V" line="1111"><counter type="INSTRUCTION" missed="0" covered="41"/><counter type="BRANCH" missed="0" covered="4"/><counter type="LINE" missed="0" covered="8"/><counter type="COMPLEXITY" missed="0" covered="3"/><counter type="METHOD" missed="0" covered="1"/></method><method name="getSubmatrix" desc="(IIIILcom/irurueta/algebra/Matrix;)V" line="1140"><counter type="INSTRUCTION" missed="5" covered="63"/><counter type="BRANCH" missed="11" covered="13"/><counter type="LINE" missed="1" covered="8"/><counter type="COMPLEXITY" missed="11" covered="2"/><counter type="METHOD" missed="0" covered="1"/></method><method name="getSubmatrix" desc="(IIII)Lcom/irurueta/algebra/Matrix;" line="1177"><counter type="INSTRUCTION" missed="6" covered="58"/><counter type="BRANCH" missed="4" covered="16"/><counter type="LINE" missed="2" covered="6"/><counter type="COMPLEXITY" missed="4" covered="7"/><counter type="METHOD" missed="0" covered="1"/></method><method name="internalGetSubmatrixAsArray" desc="(IIIIZ[D)V" line="1216"><counter type="INSTRUCTION" missed="0" covered="60"/><counter type="BRANCH" missed="0" covered="10"/><counter type="LINE" missed="0" covered="11"/><counter type="COMPLEXITY" missed="0" covered="6"/><counter type="METHOD" missed="0" covered="1"/></method><method name="getSubmatrixAsArray" desc="(IIII[D)V" line="1254"><counter type="INSTRUCTION" missed="8" covered="55"/><counter type="BRANCH" missed="11" covered="11"/><counter type="LINE" missed="2" covered="5"/><counter type="COMPLEXITY" missed="11" covered="1"/><counter type="METHOD" missed="0" covered="1"/></method><method name="getSubmatrixAsArray" desc="(IIIIZ[D)V" line="1295"><counter type="INSTRUCTION" missed="8" covered="55"/><counter type="BRANCH" missed="11" covered="11"/><counter type="LINE" missed="2" covered="5"/><counter type="COMPLEXITY" missed="11" covered="1"/><counter type="METHOD" missed="0" covered="1"/></method><method name="getSubmatrixAsArray" desc="(IIII)[D" line="1331"><counter type="INSTRUCTION" missed="0" covered="8"/><counter type="LINE" missed="0" covered="1"/><counter type="COMPLEXITY" missed="0" covered="1"/><counter type="METHOD" missed="0" covered="1"/></method><method name="getSubmatrixAsArray" desc="(IIIIZ)[D" line="1354"><counter type="INSTRUCTION" missed="0" covered="59"/><counter type="BRANCH" missed="4" covered="16"/><counter type="LINE" missed="0" covered="6"/><counter type="COMPLEXITY" missed="4" covered="7"/><counter type="METHOD" missed="0" covered="1"/></method><method name="setSubmatrix" desc="(IIIILcom/irurueta/algebra/Matrix;)V" line="1388"><counter type="INSTRUCTION" missed="0" covered="18"/><counter type="LINE" missed="0" covered="4"/><counter type="COMPLEXITY" missed="0" covered="1"/><counter type="METHOD" missed="0" covered="1"/></method><method name="setSubmatrix" desc="(IIIILcom/irurueta/algebra/Matrix;IIII)V" line="1420"><counter type="INSTRUCTION" missed="0" covered="144"/><counter type="BRANCH" missed="2" covered="46"/><counter type="LINE" missed="0" covered="20"/><counter type="COMPLEXITY" missed="2" covered="23"/><counter type="METHOD" missed="0" covered="1"/></method><method name="setSubmatrix" desc="(IIIID)V" line="1484"><counter type="INSTRUCTION" missed="0" covered="59"/><counter type="BRANCH" missed="0" covered="24"/><counter type="LINE" missed="0" covered="6"/><counter type="COMPLEXITY" missed="0" covered="13"/><counter type="METHOD" missed="0" covered="1"/></method><method name="setSubmatrix" desc="(IIII[D)V" line="1517"><counter type="INSTRUCTION" missed="0" covered="9"/><counter type="LINE" missed="0" covered="2"/><counter type="COMPLEXITY" missed="0" covered="1"/><counter type="METHOD" missed="0" covered="1"/></method><method name="setSubmatrix" desc="(IIII[DZ)V" line="1540"><counter type="INSTRUCTION" missed="0" covered="14"/><counter type="LINE" missed="0" covered="2"/><counter type="COMPLEXITY" missed="0" covered="1"/><counter type="METHOD" missed="0" covered="1"/></method><method name="setSubmatrix" desc="(IIII[DII)V" line="1566"><counter type="INSTRUCTION" missed="0" covered="11"/><counter type="LINE" missed="0" covered="2"/><counter type="COMPLEXITY" missed="0" covered="1"/><counter type="METHOD" missed="0" covered="1"/></method><method name="setSubmatrix" desc="(IIII[DIIZ)V" line="1598"><counter type="INSTRUCTION" missed="0" covered="145"/><counter type="BRANCH" missed="4" covered="38"/><counter type="LINE" missed="0" covered="23"/><counter type="COMPLEXITY" missed="4" covered="18"/><counter type="METHOD" missed="0" covered="1"/></method><method name="identity" desc="(Lcom/irurueta/algebra/Matrix;)V" line="1652"><counter type="INSTRUCTION" missed="0" covered="32"/><counter type="BRANCH" missed="0" covered="4"/><counter type="LINE" missed="0" covered="5"/><counter type="COMPLEXITY" missed="0" covered="3"/><counter type="METHOD" missed="0" covered="1"/></method><method name="identity" desc="(II)Lcom/irurueta/algebra/Matrix;" line="1672"><counter type="INSTRUCTION" missed="0" covered="10"/><counter type="LINE" missed="0" covered="3"/><counter type="COMPLEXITY" missed="0" covered="1"/><counter type="METHOD" missed="0" covered="1"/></method><method name="fillWithUniformRandomValues" desc="(DDLjava/util/Random;Lcom/irurueta/algebra/Matrix;)V" line="1691"><counter type="INSTRUCTION" missed="0" covered="27"/><counter type="BRANCH" missed="0" covered="2"/><counter type="LINE" missed="0" covered="5"/><counter type="COMPLEXITY" missed="0" covered="2"/><counter type="METHOD" missed="0" covered="1"/></method><method name="fillWithUniformRandomValues" desc="(DDLcom/irurueta/algebra/Matrix;)V" line="1712"><counter type="INSTRUCTION" missed="8" covered="0"/><counter type="LINE" missed="2" covered="0"/><counter type="COMPLEXITY" missed="1" covered="0"/><counter type="METHOD" missed="1" covered="0"/></method><method name="createWithUniformRandomValues" desc="(IIDD)Lcom/irurueta/algebra/Matrix;" line="1731"><counter type="INSTRUCTION" missed="0" covered="9"/><counter type="LINE" missed="0" covered="1"/><counter type="COMPLEXITY" missed="0" covered="1"/><counter type="METHOD" missed="0" covered="1"/></method><method name="createWithUniformRandomValues" desc="(IIDDLjava/util/Random;)Lcom/irurueta/algebra/Matrix;" line="1754"><counter type="INSTRUCTION" missed="0" covered="13"/><counter type="LINE" missed="0" covered="3"/><counter type="COMPLEXITY" missed="0" covered="1"/><counter type="METHOD" missed="0" covered="1"/></method><method name="fillWithGaussianRandomValues" desc="(DDLjava/util/Random;Lcom/irurueta/algebra/Matrix;)V" line="1774"><counter type="INSTRUCTION" missed="0" covered="27"/><counter type="BRANCH" missed="0" covered="2"/><counter type="LINE" missed="0" covered="5"/><counter type="COMPLEXITY" missed="0" covered="2"/><counter type="METHOD" missed="0" covered="1"/></method><method name="fillWithGaussianRandomValues" desc="(DDLcom/irurueta/algebra/Matrix;)V" line="1797"><counter type="INSTRUCTION" missed="8" covered="0"/><counter type="LINE" missed="2" covered="0"/><counter type="COMPLEXITY" missed="1" covered="0"/><counter type="METHOD" missed="1" covered="0"/></method><method name="createWithGaussianRandomValues" desc="(IIDD)Lcom/irurueta/algebra/Matrix;" line="1819"><counter type="INSTRUCTION" missed="0" covered="9"/><counter type="LINE" missed="0" covered="1"/><counter type="COMPLEXITY" missed="0" covered="1"/><counter type="METHOD" missed="0" covered="1"/></method><method name="createWithGaussianRandomValues" desc="(IIDDLjava/util/Random;)Lcom/irurueta/algebra/Matrix;" line="1843"><counter type="INSTRUCTION" missed="0" covered="13"/><counter type="LINE" missed="0" covered="3"/><counter type="COMPLEXITY" missed="0" covered="1"/><counter type="METHOD" missed="0" covered="1"/></method><method name="diagonal" desc="([DLcom/irurueta/algebra/Matrix;)V" line="1860"><counter type="INSTRUCTION" missed="0" covered="24"/><counter type="BRANCH" missed="0" covered="2"/><counter type="LINE" missed="0" covered="4"/><counter type="COMPLEXITY" missed="0" covered="2"/><counter type="METHOD" missed="0" covered="1"/></method><method name="diagonal" desc="([D)Lcom/irurueta/algebra/Matrix;" line="1879"><counter type="INSTRUCTION" missed="1" covered="16"/><counter type="LINE" missed="0" covered="5"/><counter type="COMPLEXITY" missed="0" covered="1"/><counter type="METHOD" missed="0" covered="1"/></method><method name="newFromArray" desc="([D)Lcom/irurueta/algebra/Matrix;" line="1894"><counter type="INSTRUCTION" missed="0" covered="4"/><counter type="LINE" missed="0" covered="1"/><counter type="COMPLEXITY" missed="0" covered="1"/><counter type="METHOD" missed="0" covered="1"/></method><method name="newFromArray" desc="([DZ)Lcom/irurueta/algebra/Matrix;" line="1904"><counter type="INSTRUCTION" missed="1" covered="42"/><counter type="BRANCH" missed="0" covered="2"/><counter type="LINE" missed="0" covered="8"/><counter type="COMPLEXITY" missed="0" covered="2"/><counter type="METHOD" missed="0" covered="1"/></method><method name="fromArray" desc="([D)V" line="1924"><counter type="INSTRUCTION" missed="0" covered="5"/><counter type="LINE" missed="0" covered="2"/><counter type="COMPLEXITY" missed="0" covered="1"/><counter type="METHOD" missed="0" covered="1"/></method><method name="fromArray" desc="([DZ)V" line="1936"><counter type="INSTRUCTION" missed="0" covered="54"/><counter type="BRANCH" missed="0" covered="8"/><counter type="LINE" missed="0" covered="10"/><counter type="COMPLEXITY" missed="0" covered="5"/><counter type="METHOD" missed="0" covered="1"/></method><method name="symmetrize" desc="(Lcom/irurueta/algebra/Matrix;)V" line="1965"><counter type="INSTRUCTION" missed="0" covered="82"/><counter type="BRANCH" missed="1" covered="9"/><counter type="LINE" missed="0" covered="14"/><counter type="COMPLEXITY" missed="1" covered="5"/><counter type="METHOD" missed="0" covered="1"/></method><method name="symmetrizeAndReturnNew" desc="()Lcom/irurueta/algebra/Matrix;" line="2001"><counter type="INSTRUCTION" missed="0" covered="13"/><counter type="LINE" missed="0" covered="3"/><counter type="COMPLEXITY" missed="0" covered="1"/><counter type="METHOD" missed="0" covered="1"/></method><method name="symmetrize" desc="()V" line="2013"><counter type="INSTRUCTION" missed="0" covered="4"/><counter type="LINE" missed="0" covered="2"/><counter type="COMPLEXITY" missed="0" covered="1"/><counter type="METHOD" missed="0" covered="1"/></method><counter type="INSTRUCTION" missed="206" covered="2374"/><counter type="BRANCH" missed="94" covered="318"/><counter type="LINE" missed="40" covered="433"/><counter type="COMPLEXITY" missed="85" covered="211"/><counter type="METHOD" missed="6" covered="84"/><counter type="CLASS" missed="0" covered="1"/></class><class name="com/irurueta/algebra/NormType" sourcefilename="NormType.java"><method name="&lt;clinit&gt;" desc="()V" line="22"><counter type="INSTRUCTION" missed="0" covered="34"/><counter type="LINE" missed="0" covered="4"/><counter type="COMPLEXITY" missed="0" covered="1"/><counter type="METHOD" missed="0" covered="1"/></method><counter type="INSTRUCTION" missed="0" covered="34"/><counter type="LINE" missed="0" covered="4"/><counter type="COMPLEXITY" missed="0" covered="1"/><counter type="METHOD" missed="0" covered="1"/><counter type="CLASS" missed="0" covered="1"/></class><class name="com/irurueta/algebra/Complex" sourcefilename="Complex.java"><method name="&lt;init&gt;" desc="()V" line="39"><counter type="INSTRUCTION" missed="0" covered="9"/><counter type="LINE" missed="0" covered="3"/><counter type="COMPLEXITY" missed="0" covered="1"/><counter type="METHOD" missed="0" covered="1"/></method><method name="&lt;init&gt;" desc="(D)V" line="48"><counter type="INSTRUCTION" missed="0" covered="9"/><counter type="LINE" missed="0" covered="4"/><counter type="COMPLEXITY" missed="0" covered="1"/><counter type="METHOD" missed="0" covered="1"/></method><method name="&lt;init&gt;" desc="(DD)V" line="58"><counter type="INSTRUCTION" missed="0" covered="9"/><counter type="LINE" missed="0" covered="4"/><counter type="COMPLEXITY" missed="0" covered="1"/><counter type="METHOD" missed="0" covered="1"/></method><method name="&lt;init&gt;" desc="(Lcom/irurueta/algebra/Complex;)V" line="67"><counter type="INSTRUCTION" missed="0" covered="11"/><counter type="LINE" missed="0" covered="4"/><counter type="COMPLEXITY" missed="0" covered="1"/><counter type="METHOD" missed="0" covered="1"/></method><method name="getReal" desc="()D" line="77"><counter type="INSTRUCTION" missed="0" covered="3"/><counter type="LINE" missed="0" covered="1"/><counter type="COMPLEXITY" missed="0" covered="1"/><counter type="METHOD" missed="0" covered="1"/></method><method name="setReal" desc="(D)V" line="85"><counter type="INSTRUCTION" missed="0" covered="4"/><counter type="LINE" missed="0" covered="2"/><counter type="COMPLEXITY" missed="0" covered="1"/><counter type="METHOD" missed="0" covered="1"/></method><method name="getImaginary" desc="()D" line="93"><counter type="INSTRUCTION" missed="0" covered="3"/><counter type="LINE" missed="0" covered="1"/><counter type="COMPLEXITY" missed="0" covered="1"/><counter type="METHOD" missed="0" covered="1"/></method><method name="setImaginary" desc="(D)V" line="101"><counter type="INSTRUCTION" missed="0" covered="4"/><counter type="LINE" missed="0" covered="2"/><counter type="COMPLEXITY" missed="0" covered="1"/><counter type="METHOD" missed="0" covered="1"/></method><method name="setRealAndImaginary" desc="(DD)V" line="110"><counter type="INSTRUCTION" missed="0" covered="7"/><counter type="LINE" missed="0" covered="3"/><counter type="COMPLEXITY" missed="0" covered="1"/><counter type="METHOD" missed="0" covered="1"/></method><method name="getModulus" desc="()D" line="120"><counter type="INSTRUCTION" missed="0" covered="13"/><counter type="LINE" missed="0" covered="1"/><counter type="COMPLEXITY" missed="0" covered="1"/><counter type="METHOD" missed="0" covered="1"/></method><method name="getPhase" desc="()D" line="130"><counter type="INSTRUCTION" missed="0" covered="6"/><counter type="LINE" missed="0" covered="1"/><counter type="COMPLEXITY" missed="0" covered="1"/><counter type="METHOD" missed="0" covered="1"/></method><method name="setModulusAndPhase" desc="(DD)V" line="139"><counter type="INSTRUCTION" missed="0" covered="13"/><counter type="LINE" missed="0" covered="3"/><counter type="COMPLEXITY" missed="0" covered="1"/><counter type="METHOD" missed="0" covered="1"/></method><method name="conjugate" desc="(Lcom/irurueta/algebra/Complex;)V" line="151"><counter type="INSTRUCTION" missed="0" covered="10"/><counter type="LINE" missed="0" covered="3"/><counter type="COMPLEXITY" missed="0" covered="1"/><counter type="METHOD" missed="0" covered="1"/></method><method name="conjugateAndReturnNew" desc="()Lcom/irurueta/algebra/Complex;" line="161"><counter type="INSTRUCTION" missed="0" covered="9"/><counter type="LINE" missed="0" covered="3"/><counter type="COMPLEXITY" missed="0" covered="1"/><counter type="METHOD" missed="0" covered="1"/></method><method name="conjugate" desc="()V" line="170"><counter type="INSTRUCTION" missed="0" covered="4"/><counter type="LINE" missed="0" covered="2"/><counter type="COMPLEXITY" missed="0" covered="1"/><counter type="METHOD" missed="0" covered="1"/></method><method name="add" desc="(Lcom/irurueta/algebra/Complex;Lcom/irurueta/algebra/Complex;)V" line="180"><counter type="INSTRUCTION" missed="0" covered="15"/><counter type="LINE" missed="0" covered="3"/><counter type="COMPLEXITY" missed="0" covered="1"/><counter type="METHOD" missed="0" covered="1"/></method><method name="addAndReturnNew" desc="(Lcom/irurueta/algebra/Complex;)Lcom/irurueta/algebra/Complex;" line="191"><counter type="INSTRUCTION" missed="0" covered="10"/><counter type="LINE" missed="0" covered="3"/><counter type="COMPLEXITY" missed="0" covered="1"/><counter type="METHOD" missed="0" covered="1"/></method><method name="add" desc="(Lcom/irurueta/algebra/Complex;)V" line="201"><counter type="INSTRUCTION" missed="0" covered="5"/><counter type="LINE" missed="0" covered="2"/><counter type="COMPLEXITY" missed="0" covered="1"/><counter type="METHOD" missed="0" covered="1"/></method><method name="subtract" desc="(Lcom/irurueta/algebra/Complex;Lcom/irurueta/algebra/Complex;)V" line="211"><counter type="INSTRUCTION" missed="0" covered="15"/><counter type="LINE" missed="0" covered="3"/><counter type="COMPLEXITY" missed="0" covered="1"/><counter type="METHOD" missed="0" covered="1"/></method><method name="subtractAndReturnNew" desc="(Lcom/irurueta/algebra/Complex;)Lcom/irurueta/algebra/Complex;" line="222"><counter type="INSTRUCTION" missed="0" covered="10"/><counter type="LINE" missed="0" covered="3"/><counter type="COMPLEXITY" missed="0" covered="1"/><counter type="METHOD" missed="0" covered="1"/></method><method name="subtract" desc="(Lcom/irurueta/algebra/Complex;)V" line="232"><counter type="INSTRUCTION" missed="0" covered="5"/><counter type="LINE" missed="0" covered="2"/><counter type="COMPLEXITY" missed="0" covered="1"/><counter type="METHOD" missed="0" covered="1"/></method><method name="multiply" desc="(Lcom/irurueta/algebra/Complex;Lcom/irurueta/algebra/Complex;)V" line="242"><counter type="INSTRUCTION" missed="0" covered="31"/><counter type="LINE" missed="0" covered="5"/><counter type="COMPLEXITY" missed="0" covered="1"/><counter type="METHOD" missed="0" covered="1"/></method><method name="multiplyAndReturnNew" desc="(Lcom/irurueta/algebra/Complex;)Lcom/irurueta/algebra/Complex;" line="257"><counter type="INSTRUCTION" missed="0" covered="10"/><counter type="LINE" missed="0" covered="3"/><counter type="COMPLEXITY" missed="0" covered="1"/><counter type="METHOD" missed="0" covered="1"/></method><method name="multiply" desc="(Lcom/irurueta/algebra/Complex;)V" line="267"><counter type="INSTRUCTION" missed="0" covered="5"/><counter type="LINE" missed="0" covered="2"/><counter type="COMPLEXITY" missed="0" covered="1"/><counter type="METHOD" missed="0" covered="1"/></method><method name="divide" desc="(Lcom/irurueta/algebra/Complex;Lcom/irurueta/algebra/Complex;)V" line="277"><counter type="INSTRUCTION" missed="0" covered="55"/><counter type="LINE" missed="0" covered="5"/><counter type="COMPLEXITY" missed="0" covered="1"/><counter type="METHOD" missed="0" covered="1"/></method><method name="divideAndReturnNew" desc="(Lcom/irurueta/algebra/Complex;)Lcom/irurueta/algebra/Complex;" line="296"><counter type="INSTRUCTION" missed="0" covered="10"/><counter type="LINE" missed="0" covered="3"/><counter type="COMPLEXITY" missed="0" covered="1"/><counter type="METHOD" missed="0" covered="1"/></method><method name="divide" desc="(Lcom/irurueta/algebra/Complex;)V" line="306"><counter type="INSTRUCTION" missed="0" covered="5"/><counter type="LINE" missed="0" covered="2"/><counter type="COMPLEXITY" missed="0" covered="1"/><counter type="METHOD" missed="0" covered="1"/></method><method name="multiplyByScalar" desc="(DLcom/irurueta/algebra/Complex;)V" line="317"><counter type="INSTRUCTION" missed="0" covered="13"/><counter type="LINE" missed="0" covered="3"/><counter type="COMPLEXITY" missed="0" covered="1"/><counter type="METHOD" missed="0" covered="1"/></method><method name="multiplyByScalarAndReturnNew" desc="(D)Lcom/irurueta/algebra/Complex;" line="329"><counter type="INSTRUCTION" missed="0" covered="10"/><counter type="LINE" missed="0" covered="3"/><counter type="COMPLEXITY" missed="0" covered="1"/><counter type="METHOD" missed="0" covered="1"/></method><method name="multiplyByScalar" desc="(D)V" line="339"><counter type="INSTRUCTION" missed="0" covered="5"/><counter type="LINE" missed="0" covered="2"/><counter type="COMPLEXITY" missed="0" covered="1"/><counter type="METHOD" missed="0" covered="1"/></method><method name="pow" desc="(DLcom/irurueta/algebra/Complex;)V" line="349"><counter type="INSTRUCTION" missed="0" covered="11"/><counter type="LINE" missed="0" covered="3"/><counter type="COMPLEXITY" missed="0" covered="1"/><counter type="METHOD" missed="0" covered="1"/></method><method name="powAndReturnNew" desc="(D)Lcom/irurueta/algebra/Complex;" line="360"><counter type="INSTRUCTION" missed="0" covered="10"/><counter type="LINE" missed="0" covered="3"/><counter type="COMPLEXITY" missed="0" covered="1"/><counter type="METHOD" missed="0" covered="1"/></method><method name="pow" desc="(D)V" line="370"><counter type="INSTRUCTION" missed="0" covered="5"/><counter type="LINE" missed="0" covered="2"/><counter type="COMPLEXITY" missed="0" covered="1"/><counter type="METHOD" missed="0" covered="1"/></method><method name="sqrt" desc="(Lcom/irurueta/algebra/Complex;)V" line="379"><counter type="INSTRUCTION" missed="0" covered="5"/><counter type="LINE" missed="0" covered="2"/><counter type="COMPLEXITY" missed="0" covered="1"/><counter type="METHOD" missed="0" covered="1"/></method><method name="sqrtAndReturnNew" desc="()Lcom/irurueta/algebra/Complex;" line="388"><counter type="INSTRUCTION" missed="0" covered="9"/><counter type="LINE" missed="0" covered="3"/><counter type="COMPLEXITY" missed="0" covered="1"/><counter type="METHOD" missed="0" covered="1"/></method><method name="sqrt" desc="()V" line="397"><counter type="INSTRUCTION" missed="0" covered="4"/><counter type="LINE" missed="0" covered="2"/><counter type="COMPLEXITY" missed="0" covered="1"/><counter type="METHOD" missed="0" covered="1"/></method><method name="equals" desc="(Ljava/lang/Object;)Z" line="409"><counter type="INSTRUCTION" missed="2" covered="20"/><counter type="BRANCH" missed="1" covered="5"/><counter type="LINE" missed="0" covered="5"/><counter type="COMPLEXITY" missed="1" covered="3"/><counter type="METHOD" missed="0" covered="1"/></method><method name="hashCode" desc="()I" line="423"><counter type="INSTRUCTION" missed="34" covered="0"/><counter type="LINE" missed="4" covered="0"/><counter type="COMPLEXITY" missed="1" covered="0"/><counter type="METHOD" missed="1" covered="0"/></method><method name="equals" desc="(Lcom/irurueta/algebra/Complex;D)Z" line="440"><counter type="INSTRUCTION" missed="1" covered="23"/><counter type="BRANCH" missed="1" covered="3"/><counter type="LINE" missed="0" covered="2"/><counter type="COMPLEXITY" missed="1" covered="2"/><counter type="METHOD" missed="0" covered="1"/></method><method name="clone" desc="()Lcom/irurueta/algebra/Complex;" line="450"><counter type="INSTRUCTION" missed="0" covered="8"/><counter type="LINE" missed="0" covered="1"/><counter type="COMPLEXITY" missed="0" covered="1"/><counter type="METHOD" missed="0" covered="1"/></method><method name="copyFrom" desc="(Lcom/irurueta/algebra/Complex;)V" line="458"><counter type="INSTRUCTION" missed="0" covered="9"/><counter type="LINE" missed="0" covered="3"/><counter type="COMPLEXITY" missed="0" covered="1"/><counter type="METHOD" missed="0" covered="1"/></method><counter type="INSTRUCTION" missed="37" covered="422"/><counter type="BRANCH" missed="2" covered="8"/><counter type="LINE" missed="4" covered="107"/><counter type="COMPLEXITY" missed="3" covered="43"/><counter type="METHOD" missed="1" covered="40"/><counter type="CLASS" missed="0" covered="1"/></class><class name="com/irurueta/algebra/NoConvergenceException" sourcefilename="NoConvergenceException.java"><method name="&lt;init&gt;" desc="()V" line="28"><counter type="INSTRUCTION" missed="0" covered="3"/><counter type="LINE" missed="0" covered="2"/><counter type="COMPLEXITY" missed="0" covered="1"/><counter type="METHOD" missed="0" covered="1"/></method><method name="&lt;init&gt;" desc="(Ljava/lang/String;)V" line="36"><counter type="INSTRUCTION" missed="0" covered="4"/><counter type="LINE" missed="0" covered="2"/><counter type="COMPLEXITY" missed="0" covered="1"/><counter type="METHOD" missed="0" covered="1"/></method><method name="&lt;init&gt;" desc="(Ljava/lang/String;Ljava/lang/Throwable;)V" line="45"><counter type="INSTRUCTION" missed="0" covered="5"/><counter type="LINE" missed="0" covered="2"/><counter type="COMPLEXITY" missed="0" covered="1"/><counter type="METHOD" missed="0" covered="1"/></method><method name="&lt;init&gt;" desc="(Ljava/lang/Throwable;)V" line="53"><counter type="INSTRUCTION" missed="0" covered="4"/><counter type="LINE" missed="0" covered="2"/><counter type="COMPLEXITY" missed="0" covered="1"/><counter type="METHOD" missed="0" covered="1"/></method><counter type="INSTRUCTION" missed="0" covered="16"/><counter type="LINE" missed="0" covered="8"/><counter type="COMPLEXITY" missed="0" covered="4"/><counter type="METHOD" missed="0" covered="4"/><counter type="CLASS" missed="0" covered="1"/></class><class name="com/irurueta/algebra/CholeskyDecomposer" sourcefilename="CholeskyDecomposer.java"><method name="&lt;init&gt;" desc="()V" line="44"><counter type="INSTRUCTION" missed="0" covered="9"/><counter type="LINE" missed="0" covered="4"/><counter type="COMPLEXITY" missed="0" covered="1"/><counter type="METHOD" missed="0" covered="1"/></method><method name="&lt;init&gt;" desc="(Lcom/irurueta/algebra/Matrix;)V" line="54"><counter type="INSTRUCTION" missed="0" covered="10"/><counter type="LINE" missed="0" covered="4"/><counter type="COMPLEXITY" missed="0" covered="1"/><counter type="METHOD" missed="0" covered="1"/></method><method name="getDecomposerType" desc="()Lcom/irurueta/algebra/DecomposerType;" line="65"><counter type="INSTRUCTION" missed="0" covered="2"/><counter type="LINE" missed="0" covered="1"/><counter type="COMPLEXITY" missed="0" covered="1"/><counter type="METHOD" missed="0" covered="1"/></method><method name="setInputMatrix" desc="(Lcom/irurueta/algebra/Matrix;)V" line="76"><counter type="INSTRUCTION" missed="0" covered="10"/><counter type="LINE" missed="0" covered="4"/><counter type="COMPLEXITY" missed="0" covered="1"/><counter type="METHOD" missed="0" covered="1"/></method><method name="isDecompositionAvailable" desc="()Z" line="92"><counter type="INSTRUCTION" missed="0" covered="7"/><counter type="BRANCH" missed="0" covered="2"/><counter type="LINE" missed="0" covered="1"/><counter type="COMPLEXITY" missed="0" covered="2"/><counter type="METHOD" missed="0" covered="1"/></method><method name="decompose" desc="()V" line="129"><counter type="INSTRUCTION" missed="10" covered="168"/><counter type="BRANCH" missed="1" covered="19"/><counter type="LINE" missed="3" covered="32"/><counter type="COMPLEXITY" missed="1" covered="10"/><counter type="METHOD" missed="0" covered="1"/></method><method name="getL" desc="()Lcom/irurueta/algebra/Matrix;" line="198"><counter type="INSTRUCTION" missed="0" covered="11"/><counter type="BRANCH" missed="0" covered="2"/><counter type="LINE" missed="0" covered="3"/><counter type="COMPLEXITY" missed="0" covered="2"/><counter type="METHOD" missed="0" covered="1"/></method><method name="getR" desc="()Lcom/irurueta/algebra/Matrix;" line="217"><counter type="INSTRUCTION" missed="0" covered="10"/><counter type="BRANCH" missed="0" covered="2"/><counter type="LINE" missed="0" covered="3"/><counter type="COMPLEXITY" missed="0" covered="2"/><counter type="METHOD" missed="0" covered="1"/></method><method name="isSPD" desc="()Z" line="238"><counter type="INSTRUCTION" missed="0" covered="10"/><counter type="BRANCH" missed="0" covered="2"/><counter type="LINE" missed="0" covered="3"/><counter type="COMPLEXITY" missed="0" covered="2"/><counter type="METHOD" missed="0" covered="1"/></method><method name="solve" desc="(Lcom/irurueta/algebra/Matrix;Lcom/irurueta/algebra/Matrix;)V" line="276"><counter type="INSTRUCTION" missed="4" covered="159"/><counter type="BRANCH" missed="2" covered="20"/><counter type="LINE" missed="1" covered="29"/><counter type="COMPLEXITY" missed="2" covered="10"/><counter type="METHOD" missed="0" covered="1"/></method><method name="solve" desc="(Lcom/irurueta/algebra/Matrix;)Lcom/irurueta/algebra/Matrix;" line="359"><counter type="INSTRUCTION" missed="0" covered="19"/><counter type="LINE" missed="0" covered="5"/><counter type="COMPLEXITY" missed="0" covered="1"/><counter type="METHOD" missed="0" covered="1"/></method><counter type="INSTRUCTION" missed="14" covered="415"/><counter type="BRANCH" missed="3" covered="47"/><counter type="LINE" missed="4" covered="89"/><counter type="COMPLEXITY" missed="3" covered="33"/><counter type="METHOD" missed="0" covered="11"/><counter type="CLASS" missed="0" covered="1"/></class><class name="com/irurueta/algebra/OneNormComputer" sourcefilename="OneNormComputer.java"><method name="&lt;init&gt;" desc="()V" line="31"><counter type="INSTRUCTION" missed="0" covered="3"/><counter type="LINE" missed="0" covered="2"/><counter type="COMPLEXITY" missed="0" covered="1"/><counter type="METHOD" missed="0" covered="1"/></method><method name="getNormType" desc="()Lcom/irurueta/algebra/NormType;" line="40"><counter type="INSTRUCTION" missed="0" covered="2"/><counter type="LINE" missed="0" covered="1"/><counter type="COMPLEXITY" missed="0" covered="1"/><counter type="METHOD" missed="0" covered="1"/></method><method name="norm" desc="(Lcom/irurueta/algebra/Matrix;)D" line="49"><counter type="INSTRUCTION" missed="0" covered="42"/><counter type="BRANCH" missed="0" covered="6"/><counter type="LINE" missed="0" covered="9"/><counter type="COMPLEXITY" missed="0" covered="4"/><counter type="METHOD" missed="0" covered="1"/></method><method name="getNorm" desc="(Lcom/irurueta/algebra/Matrix;)D" line="72"><counter type="INSTRUCTION" missed="0" covered="3"/><counter type="LINE" missed="0" covered="1"/><counter type="COMPLEXITY" missed="0" covered="1"/><counter type="METHOD" missed="0" covered="1"/></method><method name="norm" desc="([D)D" line="81"><counter type="INSTRUCTION" missed="0" covered="25"/><counter type="BRANCH" missed="0" covered="2"/><counter type="LINE" missed="0" covered="4"/><counter type="COMPLEXITY" missed="0" covered="2"/><counter type="METHOD" missed="0" covered="1"/></method><method name="norm" desc="([DLcom/irurueta/algebra/Matrix;)D" line="102"><counter type="INSTRUCTION" missed="0" covered="31"/><counter type="BRANCH" missed="3" covered="5"/><counter type="LINE" missed="0" covered="8"/><counter type="COMPLEXITY" missed="3" covered="2"/><counter type="METHOD" missed="0" covered="1"/></method><method name="getNorm" desc="([D)D" line="125"><counter type="INSTRUCTION" missed="0" covered="3"/><counter type="LINE" missed="0" covered="1"/><counter type="COMPLEXITY" missed="0" covered="1"/><counter type="METHOD" missed="0" covered="1"/></method><counter type="INSTRUCTION" missed="0" covered="109"/><counter type="BRANCH" missed="3" covered="13"/><counter type="LINE" missed="0" covered="26"/><counter type="COMPLEXITY" missed="3" covered="12"/><counter type="METHOD" missed="0" covered="7"/><counter type="CLASS" missed="0" covered="1"/></class><class name="com/irurueta/algebra/SingularMatrixException" sourcefilename="SingularMatrixException.java"><method name="&lt;init&gt;" desc="()V" line="26"><counter type="INSTRUCTION" missed="0" covered="3"/><counter type="LINE" missed="0" covered="2"/><counter type="COMPLEXITY" missed="0" covered="1"/><counter type="METHOD" missed="0" covered="1"/></method><method name="&lt;init&gt;" desc="(Ljava/lang/String;)V" line="34"><counter type="INSTRUCTION" missed="4" covered="0"/><counter type="LINE" missed="2" covered="0"/><counter type="COMPLEXITY" missed="1" covered="0"/><counter type="METHOD" missed="1" covered="0"/></method><method name="&lt;init&gt;" desc="(Ljava/lang/String;Ljava/lang/Throwable;)V" line="43"><counter type="INSTRUCTION" missed="5" covered="0"/><counter type="LINE" missed="2" covered="0"/><counter type="COMPLEXITY" missed="1" covered="0"/><counter type="METHOD" missed="1" covered="0"/></method><method name="&lt;init&gt;" desc="(Ljava/lang/Throwable;)V" line="51"><counter type="INSTRUCTION" missed="4" covered="0"/><counter type="LINE" missed="2" covered="0"/><counter type="COMPLEXITY" missed="1" covered="0"/><counter type="METHOD" missed="1" covered="0"/></method><counter t
[...]
10" ci="0" mb="4" cb="0"/><line nr="374" mi="4" ci="0" mb="0" cb="0"/><line nr="378" mi="10" ci="0" mb="4" cb="0"/><line nr="379" mi="6" ci="0" mb="0" cb="0"/><line nr="382" mi="4" ci="0" mb="0" cb="0"/><line nr="383" mi="1" ci="0" mb="0" cb="0"/><line nr="397" mi="0" ci="10" mb="1" cb="3"/><line nr="398" mi="0" ci="4" mb="0" cb="0"/><line nr="401" mi="0" ci="8" mb="0" cb="0"/><line nr="402" mi="0" ci="4" mb="0" cb="0"/><line nr="403" mi="0" ci="2" mb="0" cb="0"/><line nr="414" mi="0" ci="10" mb="2" cb="2"/><line nr="415" mi="4" ci="0" mb="0" cb="0"/><line nr="418" mi="0" ci="4" mb="0" cb="0"/><line nr="419" mi="0" ci="1" mb="0" cb="0"/><line nr="430" mi="0" ci="3" mb="0" cb="0"/><line nr="432" mi="0" ci="7" mb="0" cb="2"/><line nr="433" mi="0" ci="8" mb="0" cb="2"/><line nr="434" mi="0" ci="2" mb="0" cb="0"/><line nr="435" mi="0" ci="8" mb="0" cb="2"/><line nr="436" mi="0" ci="22" mb="0" cb="0"/><line nr="439" mi="0" ci="8" mb="0" cb="0"/><line nr="442" mi="0" ci="1" mb="0" cb="0"/><line nr="450" mi="0" ci="7" mb="0" cb="0"/><line nr="451" mi="0" ci="1" mb="0" cb="0"/><line nr="466" mi="0" ci="5" mb="1" cb="1"/><line nr="467" mi="4" ci="0" mb="0" cb="0"/><line nr="471" mi="0" ci="10" mb="2" cb="2"/><line nr="472" mi="6" ci="0" mb="0" cb="0"/><line nr="475" mi="0" ci="4" mb="0" cb="0"/><line nr="476" mi="0" ci="1" mb="0" cb="0"/><line nr="494" mi="0" ci="5" mb="0" cb="2"/><line nr="495" mi="0" ci="4" mb="0" cb="0"/><line nr="498" mi="0" ci="8" mb="0" cb="0"/><line nr="499" mi="0" ci="4" mb="0" cb="0"/><line nr="500" mi="0" ci="2" mb="0" cb="0"/><line nr="517" mi="0" ci="5" mb="0" cb="2"/><line nr="518" mi="0" ci="4" mb="0" cb="0"/><line nr="522" mi="0" ci="7" mb="0" cb="0"/><line nr="523" mi="0" ci="4" mb="0" cb="0"/><line nr="524" mi="0" ci="2" mb="0" cb="0"/><line nr="525" mi="0" ci="8" mb="0" cb="2"/><line nr="526" mi="0" ci="4" mb="0" cb="0"/><line nr="527" mi="0" ci="5" mb="0" cb="0"/><line nr="530" mi="0" ci="5" mb="0" cb="0"/><line nr="532" mi="0" ci="4" mb="0" cb="0"/><line nr="533" mi="0" ci="3" mb="0" cb="0"/><line nr="534" mi="0" ci="3" mb="0" cb="0"/><line nr="535" mi="0" ci="1" mb="0" cb="0"/><line nr="546" mi="0" ci="3" mb="0" cb="0"/><line nr="547" mi="0" ci="3" mb="0" cb="0"/><line nr="549" mi="0" ci="8" mb="0" cb="2"/><line nr="550" mi="0" ci="5" mb="0" cb="0"/><line nr="551" mi="0" ci="8" mb="0" cb="2"/><line nr="552" mi="0" ci="5" mb="0" cb="0"/><line nr="553" mi="0" ci="10" mb="0" cb="0"/><line nr="555" mi="0" ci="7" mb="0" cb="2"/><line nr="556" mi="0" ci="4" mb="0" cb="0"/><line nr="557" mi="0" ci="7" mb="0" cb="2"/><line nr="558" mi="0" ci="4" mb="0" cb="0"/><line nr="559" mi="0" ci="10" mb="0" cb="0"/><line nr="562" mi="0" ci="4" mb="0" cb="0"/><line nr="563" mi="0" ci="8" mb="0" cb="0"/><line nr="568" mi="0" ci="1" mb="0" cb="0"/><line nr="576" mi="0" ci="7" mb="0" cb="0"/><line nr="577" mi="0" ci="1" mb="0" cb="0"/><line nr="588" mi="0" ci="6" mb="0" cb="0"/><line nr="589" mi="0" ci="6" mb="0" cb="0"/><line nr="590" mi="4" ci="4" mb="3" cb="1"/><line nr="592" mi="0" ci="4" mb="0" cb="0"/><line nr="593" mi="1" ci="1" mb="0" cb="0"/><line nr="596" mi="0" ci="4" mb="0" cb="0"/><line nr="597" mi="0" ci="1" mb="0" cb="0"/><line nr="608" mi="0" ci="2" mb="0" cb="0"/><line nr="610" mi="0" ci="14" mb="0" cb="0"/><line nr="611" mi="0" ci="4" mb="0" cb="0"/><line nr="612" mi="1" ci="1" mb="0" cb="0"/><line nr="613" mi="0" ci="2" mb="0" cb="0"/><line nr="626" mi="0" ci="6" mb="0" cb="0"/><line nr="627" mi="0" ci="6" mb="0" cb="0"/><line nr="628" mi="0" ci="5" mb="0" cb="0"/><line nr="629" mi="0" ci="3" mb="0" cb="0"/><line nr="630" mi="0" ci="2" mb="0" cb="0"/><line nr="631" mi="0" ci="7" mb="0" cb="2"/><line nr="632" mi="0" ci="4" mb="0" cb="0"/><line nr="633" mi="0" ci="4" mb="0" cb="0"/><line nr="636" mi="0" ci="5" mb="0" cb="0"/><line nr="638" mi="0" ci="3" mb="0" cb="0"/><line nr="639" mi="0" ci="3" mb="0" cb="0"/><line nr="640" mi="0" ci="3" mb="0" cb="0"/><line nr="641" mi="0" ci="3" mb="0" cb="0"/><line nr="642" mi="0" ci="1" mb="0" cb="0"/><line nr="653" mi="0" ci="6" mb="0" cb="0"/><line nr="654" mi="0" ci="7" mb="0" cb="2"/><line nr="655" mi="0" ci="10" mb="0" cb="0"/><line nr="657" mi="0" ci="1" mb="0" cb="0"/><line nr="667" mi="0" ci="2" mb="0" cb="0"/><line nr="669" mi="0" ci="8" mb="0" cb="0"/><line nr="670" mi="0" ci="4" mb="0" cb="0"/><line nr="671" mi="1" ci="1" mb="0" cb="0"/><line nr="672" mi="0" ci="2" mb="0" cb="0"/><line nr="681" mi="0" ci="4" mb="0" cb="0"/><line nr="682" mi="0" ci="1" mb="0" cb="0"/><line nr="692" mi="0" ci="2" mb="1" cb="1"/><line nr="693" mi="2" ci="0" mb="0" cb="0"/><line nr="695" mi="0" ci="3" mb="0" cb="2"/><line nr="696" mi="0" ci="2" mb="0" cb="0"/><line nr="698" mi="0" ci="3" mb="0" cb="2"/><line nr="699" mi="0" ci="2" mb="0" cb="0"/><line nr="702" mi="0" ci="3" mb="0" cb="0"/><line nr="703" mi="0" ci="4" mb="0" cb="0"/><line nr="714" mi="0" ci="20" mb="0" cb="0"/><line nr="715" mi="0" ci="10" mb="0" cb="0"/><line nr="726" mi="0" ci="5" mb="0" cb="0"/><line nr="740" mi="0" ci="2" mb="0" cb="2"/><line nr="741" mi="0" ci="2" mb="0" cb="0"/><line nr="743" mi="0" ci="5" mb="0" cb="2"/><line nr="744" mi="0" ci="2" mb="0" cb="0"/><line nr="746" mi="0" ci="5" mb="1" cb="1"/><line nr="747" mi="2" ci="0" mb="0" cb="0"/><line nr="751" mi="0" ci="6" mb="0" cb="0"/><line nr="752" mi="0" ci="7" mb="0" cb="2"/><line nr="753" mi="0" ci="13" mb="0" cb="2"/><line nr="754" mi="0" ci="2" mb="0" cb="0"/><line nr="757" mi="0" ci="2" mb="0" cb="0"/><line nr="766" mi="0" ci="6" mb="0" cb="0"/><line nr="767" mi="0" ci="7" mb="0" cb="2"/><line nr="768" mi="0" ci="13" mb="0" cb="0"/><line nr="770" mi="0" ci="1" mb="0" cb="0"/><line nr="785" mi="10" ci="0" mb="4" cb="0"/><line nr="786" mi="4" ci="0" mb="0" cb="0"/><line nr="790" mi="10" ci="0" mb="4" cb="0"/><line nr="791" mi="6" ci="0" mb="0" cb="0"/><line nr="794" mi="4" ci="0" mb="0" cb="0"/><line nr="795" mi="1" ci="0" mb="0" cb="0"/><line nr="821" mi="0" ci="10" mb="1" cb="3"/><line nr="822" mi="0" ci="4" mb="0" cb="0"/><line nr="825" mi="0" ci="8" mb="0" cb="0"/><line nr="826" mi="0" ci="4" mb="0" cb="0"/><line nr="827" mi="0" ci="2" mb="0" cb="0"/><line nr="853" mi="0" ci="10" mb="1" cb="3"/><line nr="854" mi="0" ci="4" mb="0" cb="0"/><line nr="857" mi="0" ci="4" mb="0" cb="0"/><line nr="858" mi="0" ci="1" mb="0" cb="0"/><line nr="868" mi="0" ci="8" mb="0" cb="2"/><line nr="869" mi="0" ci="8" mb="0" cb="2"/><line nr="870" mi="0" ci="16" mb="0" cb="0"/><line nr="874" mi="0" ci="1" mb="0" cb="0"/><line nr="881" mi="0" ci="6" mb="0" cb="0"/><line nr="882" mi="0" ci="1" mb="0" cb="0"/><line nr="891" mi="10" ci="0" mb="4" cb="0"/><line nr="893" mi="6" ci="0" mb="0" cb="0"/><line nr="894" mi="2" ci="0" mb="0" cb="0"/><line nr="896" mi="3" ci="0" mb="0" cb="0"/><line nr="897" mi="1" ci="0" mb="0" cb="0"/><line nr="908" mi="0" ci="2" mb="0" cb="0"/><line nr="910" mi="0" ci="8" mb="0" cb="0"/><line nr="911" mi="0" ci="3" mb="0" cb="0"/><line nr="912" mi="1" ci="1" mb="0" cb="0"/><line nr="913" mi="0" ci="2" mb="0" cb="0"/><line nr="925" mi="0" ci="7" mb="0" cb="0"/><line nr="926" mi="0" ci="4" mb="0" cb="0"/><line nr="927" mi="0" ci="2" mb="0" cb="0"/><line nr="928" mi="0" ci="8" mb="0" cb="2"/><line nr="929" mi="0" ci="4" mb="0" cb="0"/><line nr="930" mi="0" ci="5" mb="0" cb="0"/><line nr="932" mi="0" ci="4" mb="0" cb="0"/><line nr="937" mi="0" ci="3" mb="0" cb="0"/><line nr="938" mi="0" ci="4" mb="0" cb="0"/><line nr="939" mi="0" ci="3" mb="0" cb="0"/><line nr="941" mi="0" ci="3" mb="0" cb="0"/><line nr="942" mi="0" ci="3" mb="0" cb="0"/><line nr="943" mi="0" ci="1" mb="0" cb="0"/><line nr="951" mi="0" ci="4" mb="0" cb="0"/><line nr="952" mi="0" ci="1" mb="0" cb="0"/><line nr="963" mi="0" ci="4" mb="0" cb="0"/><line nr="964" mi="0" ci="1" mb="0" cb="0"/><line nr="975" mi="0" ci="4" mb="0" cb="4"/><line nr="976" mi="0" ci="4" mb="0" cb="0"/><line nr="979" mi="0" ci="3" mb="0" cb="0"/><line nr="980" mi="0" ci="3" mb="0" cb="0"/><line nr="983" mi="0" ci="6" mb="0" cb="0"/><line nr="984" mi="0" ci="4" mb="0" cb="0"/><line nr="987" mi="0" ci="2" mb="0" cb="0"/><line nr="988" mi="0" ci="7" mb="0" cb="2"/><line nr="989" mi="0" ci="5" mb="0" cb="0"/><line nr="990" mi="0" ci="4" mb="0" cb="0"/><line nr="992" mi="0" ci="1" mb="0" cb="0"/><line nr="1005" mi="0" ci="4" mb="0" cb="0"/><line nr="1006" mi="0" ci="3" mb="0" cb="0"/><line nr="1007" mi="0" ci="1" mb="0" cb="0"/><line nr="1015" mi="0" ci="4" mb="0" cb="0"/><line nr="1026" mi="0" ci="6" mb="0" cb="0"/><line nr="1028" mi="0" ci="2" mb="0" cb="2"/><line nr="1029" mi="0" ci="5" mb="0" cb="0"/><line nr="1031" mi="0" ci="3" mb="0" cb="0"/><line nr="1033" mi="0" ci="2" mb="0" cb="0"/><line nr="1035" mi="0" ci="8" mb="0" cb="2"/><line nr="1036" mi="0" ci="8" mb="0" cb="2"/><line nr="1037" mi="0" ci="10" mb="0" cb="0"/><line nr="1038" mi="0" ci="4" mb="0" cb="0"/><line nr="1039" mi="0" ci="1" mb="0" cb="0"/><line nr="1043" mi="0" ci="2" mb="0" cb="0"/><line nr="1055" mi="0" ci="4" mb="0" cb="0"/><line nr="1056" mi="0" ci="1" mb="0" cb="0"/><line nr="1069" mi="0" ci="6" mb="1" cb="1"/><line nr="1070" mi="5" ci="0" mb="0" cb="0"/><line nr="1074" mi="0" ci="2" mb="0" cb="2"/><line nr="1075" mi="0" ci="10" mb="0" cb="0"/><line nr="1078" mi="0" ci="2" mb="0" cb="0"/><line nr="1080" mi="0" ci="8" mb="0" cb="2"/><line nr="1081" mi="0" ci="8" mb="0" cb="2"/><line nr="1082" mi="0" ci="10" mb="0" cb="0"/><line nr="1083" mi="0" ci="4" mb="0" cb="0"/><line nr="1084" mi="0" ci="1" mb="0" cb="0"/><line nr="1088" mi="0" ci="1" mb="0" cb="0"/><line nr="1095" mi="0" ci="3" mb="0" cb="0"/><line nr="1111" mi="0" ci="4" mb="0" cb="0"/><line nr="1112" mi="0" ci="7" mb="0" cb="2"/><line nr="1113" mi="0" ci="7" mb="0" cb="2"/><line nr="1114" mi="0" ci="18" mb="0" cb="0"/><line nr="1116" mi="0" ci="1" mb="0" cb="0"/><line nr="1118" mi="0" ci="2" mb="0" cb="0"/><line nr="1119" mi="0" ci="1" mb="0" cb="0"/><line nr="1121" mi="0" ci="1" mb="0" cb="0"/><line nr="1140" mi="0" ci="30" mb="10" cb="10"/><line nr="1146" mi="4" ci="0" mb="0" cb="0"/><line nr="1149" mi="0" ci="6" mb="0" cb="0"/><line nr="1150" mi="0" ci="6" mb="0" cb="0"/><line nr="1151" mi="0" ci="8" mb="1" cb="3"/><line nr="1154" mi="0" ci="4" mb="0" cb="0"/><line nr="1155" mi="1" ci="1" mb="0" cb="0"/><line nr="1157" mi="0" ci="7" mb="0" cb="0"/><line nr="1159" mi="0" ci="1" mb="0" cb="0"/><line nr="1177" mi="0" ci="30" mb="4" cb="16"/><line nr="1183" mi="0" ci="4" mb="0" cb="0"/><line nr="1188" mi="0" ci="14" mb="0" cb="0"/><line nr="1190" mi="1" ci="0" mb="0" cb="0"/><line nr="1191" mi="5" ci="0" mb="0" cb="0"/><line nr="1192" mi="0" ci="1" mb="0" cb="0"/><line nr="1193" mi="0" ci="7" mb="0" cb="0"/><line nr="1195" mi="0" ci="2" mb="0" cb="0"/><line nr="1216" mi="0" ci="2" mb="0" cb="0"/><line nr="1217" mi="0" ci="2" mb="0" cb="2"/><line nr="1218" mi="0" ci="8" mb="0" cb="2"/><line nr="1219" mi="0" ci="7" mb="0" cb="2"/><line nr="1220" mi="0" ci="12" mb="0" cb="0"/><line nr="1221" mi="0" ci="1" mb="0" cb="0"/><line nr="1225" mi="0" ci="7" mb="0" cb="2"/><line nr="1226" mi="0" ci="7" mb="0" cb="2"/><line nr="1227" mi="0" ci="12" mb="0" cb="0"/><line nr="1228" mi="0" ci="1" mb="0" cb="0"/><line nr="1232" mi="0" ci="1" mb="0" cb="0"/><line nr="1254" mi="0" ci="30" mb="10" cb="10"/><line nr="1260" mi="4" ci="0" mb="0" cb="0"/><line nr="1263" mi="0" ci="12" mb="0" cb="0"/><line nr="1265" mi="0" ci="4" mb="1" cb="1"/><line nr="1266" mi="4" ci="0" mb="0" cb="0"/><line nr="1269" mi="0" ci="8" mb="0" cb="0"/><line nr="1271" mi="0" ci="1" mb="0" cb="0"/><line nr="1295" mi="0" ci="30" mb="10" cb="10"/><line nr="1301" mi="4" ci="0" mb="0" cb="0"/><line nr="1304" mi="0" ci="12" mb="0" cb="0"/><line nr="1306" mi="0" ci="4" mb="1" cb="1"/><line nr="1307" mi="4" ci="0" mb="0" cb="0"/><line nr="1310" mi="0" ci="8" mb="0" cb="0"/><line nr="1312" mi="0" ci="1" mb="0" cb="0"/><line nr="1331" mi="0" ci="8" mb="0" cb="0"/><line nr="1354" mi="0" ci="30" mb="4" cb="16"/><line nr="1360" mi="0" ci="4" mb="0" cb="0"/><line nr="1363" mi="0" ci="12" mb="0" cb="0"/><line nr="1366" mi="0" ci="3" mb="0" cb="0"/><line nr="1367" mi="0" ci="8" mb="0" cb="0"/><line nr="1369" mi="0" ci="2" mb="0" cb="0"/><line nr="1388" mi="0" ci="10" mb="0" cb="0"/><line nr="1389" mi="0" ci="4" mb="0" cb="0"/><line nr="1390" mi="0" ci="3" mb="0" cb="0"/><line nr="1391" mi="0" ci="1" mb="0" cb="0"/><line nr="1420" mi="0" ci="30" mb="0" cb="20"/><line nr="1426" mi="0" ci="4" mb="0" cb="0"/><line nr="1429" mi="0" ci="30" mb="2" cb="18"/><line nr="1438" mi="0" ci="4" mb="0" cb="0"/><line nr="1441" mi="0" ci="6" mb="0" cb="0"/><line nr="1442" mi="0" ci="6" mb="0" cb="0"/><line nr="1443" mi="0" ci="6" mb="0" cb="0"/><line nr="1444" mi="0" ci="6" mb="0" cb="0"/><line nr="1446" mi="0" ci="6" mb="0" cb="4"/><line nr="1447" mi="0" ci="4" mb="0" cb="0"/><line nr="1451" mi="0" ci="2" mb="0" cb="0"/><line nr="1453" mi="0" ci="7" mb="0" cb="2"/><line nr="1454" mi="0" ci="7" mb="0" cb="0"/><line nr="1455" mi="0" ci="7" mb="0" cb="0"/><line nr="1456" mi="0" ci="7" mb="0" cb="2"/><line nr="1458" mi="0" ci="8" mb="0" cb="0"/><line nr="1459" mi="0" ci="1" mb="0" cb="0"/><line nr="1460" mi="0" ci="1" mb="0" cb="0"/><line nr="1466" mi="0" ci="1" mb="0" cb="0"/><line nr="1468" mi="0" ci="1" mb="0" cb="0"/><line nr="1484" mi="0" ci="30" mb="0" cb="20"/><line nr="1490" mi="0" ci="4" mb="0" cb="0"/><line nr="1493" mi="0" ci="7" mb="0" cb="2"/><line nr="1494" mi="0" ci="7" mb="0" cb="2"/><line nr="1495" mi="0" ci="10" mb="0" cb="0"/><line nr="1498" mi="0" ci="1" mb="0" cb="0"/><line nr="1517" mi="0" ci="8" mb="0" cb="0"/><line nr="1519" mi="0" ci="1" mb="0" cb="0"/><line nr="1540" mi="0" ci="13" mb="0" cb="0"/><line nr="1542" mi="0" ci="1" mb="0" cb="0"/><line nr="1566" mi="0" ci="10" mb="0" cb="0"/><line nr="1569" mi="0" ci="1" mb="0" cb="0"/><line nr="1598" mi="0" ci="30" mb="0" cb="20"/><line nr="1604" mi="0" ci="4" mb="0" cb="0"/><line nr="1607" mi="0" ci="15" mb="4" cb="6"/><line nr="1610" mi="0" ci="4" mb="0" cb="0"/><line nr="1613" mi="0" ci="6" mb="0" cb="0"/><line nr="1614" mi="0" ci="6" mb="0" cb="0"/><line nr="1615" mi="0" ci="4" mb="0" cb="0"/><line nr="1616" mi="0" ci="6" mb="0" cb="0"/><line nr="1618" mi="0" ci="3" mb="0" cb="2"/><line nr="1619" mi="0" ci="4" mb="0" cb="0"/><line nr="1622" mi="0" ci="2" mb="0" cb="0"/><line nr="1623" mi="0" ci="2" mb="0" cb="2"/><line nr="1625" mi="0" ci="8" mb="0" cb="2"/><line nr="1626" mi="0" ci="7" mb="0" cb="0"/><line nr="1627" mi="0" ci="7" mb="0" cb="2"/><line nr="1630" mi="0" ci="7" mb="0" cb="0"/><line nr="1631" mi="0" ci="1" mb="0" cb="0"/><line nr="1632" mi="0" ci="1" mb="0" cb="0"/><line nr="1637" mi="0" ci="7" mb="0" cb="2"/><line nr="1638" mi="0" ci="7" mb="0" cb="2"/><line nr="1639" mi="0" ci="12" mb="0" cb="0"/><line nr="1640" mi="0" ci="1" mb="0" cb="0"/><line nr="1644" mi="0" ci="1" mb="0" cb="0"/><line nr="1652" mi="0" ci="3" mb="0" cb="0"/><line nr="1654" mi="0" ci="11" mb="0" cb="2"/><line nr="1655" mi="0" ci="7" mb="0" cb="2"/><line nr="1656" mi="0" ci="10" mb="0" cb="0"/><line nr="1658" mi="0" ci="1" mb="0" cb="0"/><line nr="1672" mi="0" ci="6" mb="0" cb="0"/><line nr="1673" mi="0" ci="2" mb="0" cb="0"/><line nr="1674" mi="0" ci="2" mb="0" cb="0"/><line nr="1691" mi="0" ci="5" mb="0" cb="0"/><line nr="1693" mi="0" ci="6" mb="0" cb="0"/><line nr="1695" mi="0" ci="7" mb="0" cb="2"/><line nr="1696" mi="0" ci="8" mb="0" cb="0"/><line nr="1698" mi="0" ci="1" mb="0" cb="0"/><line nr="1712" mi="7" ci="0" mb="0" cb="0"/><line nr="1713" mi="1" ci="0" mb="0" cb="0"/><line nr="1731" mi="0" ci="9" mb="0" cb="0"/><line nr="1754" mi="0" ci="6" mb="0" cb="0"/><line nr="1755" mi="0" ci="5" mb="0" cb="0"/><line nr="1756" mi="0" ci="2" mb="0" cb="0"/><line nr="1774" mi="0" ci="7" mb="0" cb="0"/><line nr="1777" mi="0" ci="6" mb="0" cb="0"/><line nr="1779" mi="0" ci="7" mb="0" cb="2"/><line nr="1780" mi="0" ci="6" mb="0" cb="0"/><line nr="1782" mi="0" ci="1" mb="0" cb="0"/><line nr="1797" mi="7" ci="0" mb="0" cb="0"/><line nr="1799" mi="1" ci="0" mb="0" cb="0"/><line nr="1819" mi="0" ci="9" mb="0" cb="0"/><line nr="1843" mi="0" ci="6" mb="0" cb="0"/><line nr="1844" mi="0" ci="5" mb="0" cb="0"/><line nr="1845" mi="0" ci="2" mb="0" cb="0"/><line nr="1860" mi="0" ci="3" mb="0" cb="0"/><line nr="1863" mi="0" ci="8" mb="0" cb="2"/><line nr="1864" mi="0" ci="12" mb="0" cb="0"/><line nr="1866" mi="0" ci="1" mb="0" cb="0"/><line nr="1879" mi="0" ci="2" mb="0" cb="0"/><line nr="1881" mi="0" ci="8" mb="0" cb="0"/><line nr="1882" mi="0" ci="3" mb="0" cb="0"/><line nr="1883" mi="1" ci="1" mb="0" cb="0"/><line nr="1885" mi="0" ci="2" mb="0" cb="0"/><line nr="1894" mi="0" ci="4" mb="0" cb="0"/><line nr="1904" mi="0" ci="2" mb="0" cb="0"/><line nr="1906" mi="0" ci="2" mb="0" cb="2"/><line nr="1907" mi="0" ci="7" mb="0" cb="0"/><line nr="1908" mi="0" ci="11" mb="0" cb="0"/><line nr="1910" mi="0" ci="7" mb="0" cb="0"/><line nr="1911" mi="0" ci="10" mb="0" cb="0"/><line nr="1913" mi="1" ci="1" mb="0" cb="0"/><line nr="1914" mi="0" ci="2" mb="0" cb="0"/><line nr="1924" mi="0" ci="4" mb="0" cb="0"/><line nr="1925" mi="0" ci="1" mb="0" cb="0"/><line nr="1936" mi="0" ci="6" mb="0" cb="2"/><line nr="1937" mi="0" ci="5" mb="0" cb="0"/><line nr="1941" mi="0" ci="2" mb="0" cb="2"/><line nr="1942" mi="0" ci="9" mb="0" cb="0"/><line nr="1944" mi="0" ci="2" mb="0" cb="0"/><line nr="1946" mi="0" ci="8" mb="0" cb="2"/><line nr="1947" mi="0" ci="8" mb="0" cb="2"/><line nr="1948" mi="0" ci="12" mb="0" cb="0"/><line nr="1949" mi="0" ci="1" mb="0" cb="0"/><line nr="1953" mi="0" ci="1" mb="0" cb="0"/><line nr="1965" mi="0" ci="5" mb="0" cb="2"/><line nr="1966" mi="0" ci="5" mb="0" cb="0"/><line nr="1968" mi="0" ci="10" mb="1" cb="3"/><line nr="1969" mi="0" ci="5" mb="0" cb="0"/><line nr="1976" mi="0" ci="8" mb="0" cb="2"/><line nr="1977" mi="0" ci="8" mb="0" cb="2"/><line nr="1979" mi="0" ci="7" mb="0" cb="0"/><line nr="1980" mi="0" ci="5" mb="0" cb="0"/><line nr="1982" mi="0" ci="7" mb="0" cb="0"/><line nr="1983" mi="0" ci="5" mb="0" cb="0"/><line nr="1985" mi="0" ci="6" mb="0" cb="0"/><line nr="1986" mi="0" ci="5" mb="0" cb="0"/><line nr="1987" mi="0" ci="5" mb="0" cb="0"/><line nr="1990" mi="0" ci="1" mb="0" cb="0"/><line nr="2001" mi="0" ci="8" mb="0" cb="0"/><line nr="2002" mi="0" ci="3" mb="0" cb="0"/><line nr="2003" mi="0" ci="2" mb="0" cb="0"/><line nr="2013" mi="0" ci="3" mb="0" cb="0"/><line nr="2014" mi="0" ci="1" mb="0" cb="0"/><counter type="INSTRUCTION" missed="206" covered="2374"/><counter type="BRANCH" missed="94" covered="318"/><counter type="LINE" missed="40" covered="433"/><counter type="COMPLEXITY" missed="85" covered="211"/><counter type="METHOD" missed="6" covered="84"/><counter type="CLASS" missed="0" covered="1"/></sourcefile><sourcefile name="WrongSizeException.java"><line nr="26" mi="0" ci="2" mb="0" cb="0"/><line nr="27" mi="0" ci="1" mb="0" cb="0"/><line nr="34" mi="0" ci="3" mb="0" cb="0"/><line nr="35" mi="0" ci="1" mb="0" cb="0"/><line nr="43" mi="0" ci="4" mb="0" cb="0"/><line nr="44" mi="0" ci="1" mb="0" cb="0"/><line nr="51" mi="0" ci="3" mb="0" cb="0"/><line nr="52" mi="0" ci="1" mb="0" cb="0"/><counter type="INSTRUCTION" missed="0" covered="16"/><counter type="LINE" missed="0" covered="8"/><counter type="COMPLEXITY" missed="0" covered="4"/><counter type="METHOD" missed="0" covered="4"/><counter type="CLASS" missed="0" covered="1"/></sourcefile><counter type="INSTRUCTION" missed="1136" covered="11071"/><counter type="BRANCH" missed="287" covered="1192"/><counter type="LINE" missed="300" covered="2293"/><counter type="COMPLEXITY" missed="286" covered="890"/><counter type="METHOD" missed="34" covered="402"/><counter type="CLASS" missed="0" covered="29"/></package><counter type="INSTRUCTION" missed="1201" covered="11919"/><counter type="BRANCH" missed="297" covered="1264"/><counter type="LINE" missed="318" covered="2520"/><counter type="COMPLEXITY" missed="296" covered="971"/><counter type="METHOD" missed="34" covered="452"/><counter type="CLASS" missed="0" covered="32"/></report>