<?xml version="1.0" encoding="UTF-8" standalone="yes"?><!DOCTYPE report PUBLIC "-//JACOCO//DTD Report 1.1//EN" "report.dtd"><report name="com.irurueta:irurueta-algebra"><sessioninfo id="travis-job-7206baf6-7362-4618-b908-1439c922f990-a7b69843" start="1602785507458" dump="1602785513474"/><package name="com/irurueta/statistics"><class name="com/irurueta/statistics/MultivariateNormalDist" sourcefilename="MultivariateNormalDist.java"><method name="&lt;init&gt;" desc="()V" line="55"><counter type="INSTRUCTION" missed="0" covered="4"/><counter type="LINE" missed="0" covered="2"/><counter type="COMPLEXITY" missed="0" covered="1"/><counter type="METHOD" missed="0" covered="1"/></method><method name="&lt;init&gt;" desc="(I)V" line="66"><counter type="INSTRUCTION" missed="7" covered="20"/><counter type="BRANCH" missed="0" covered="2"/><counter type="LINE" missed="2" covered="7"/><counter type="COMPLEXITY" missed="0" covered="2"/><counter type="METHOD" missed="0" covered="1"/></method><method name="&lt;init&gt;" desc="([DLcom/irurueta/algebra/Matrix;)V" line="97"><counter type="INSTRUCTION" missed="0" covered="7"/><counter type="LINE" missed="0" covered="3"/><counter type="COMPLEXITY" missed="0" covered="1"/><counter type="METHOD" missed="0" covered="1"/></method><method name="&lt;init&gt;" desc="([DLcom/irurueta/algebra/Matrix;Z)V" line="121"><counter type="INSTRUCTION" missed="0" covered="8"/><counter type="LINE" missed="0" covered="3"/><counter type="COMPLEXITY" missed="0" covered="1"/><counter type="METHOD" missed="0" covered="1"/></method><method name="getMean" desc="()[D" line="131"><counter type="INSTRUCTION" missed="0" covered="3"/><counter type="LINE" missed="0" covered="1"/><counter type="COMPLEXITY" missed="0" covered="1"/><counter type="METHOD" missed="0" covered="1"/></method><method name="setMean" desc="([D)V" line="143"><counter type="INSTRUCTION" missed="0" covered="12"/><counter type="BRANCH" missed="0" covered="2"/><counter type="LINE" missed="0" covered="4"/><counter type="COMPLEXITY" missed="0" covered="2"/><counter type="METHOD" missed="0" covered="1"/></method><method name="getCovariance" desc="()Lcom/irurueta/algebra/Matrix;" line="156"><counter type="INSTRUCTION" missed="0" covered="4"/><counter type="LINE" missed="0" covered="1"/><counter type="COMPLEXITY" missed="0" covered="1"/><counter type="METHOD" missed="0" covered="1"/></method><method name="getCovariance" desc="(Lcom/irurueta/algebra/Matrix;)V" line="166"><counter type="INSTRUCTION" missed="0" covered="5"/><counter type="LINE" missed="0" covered="2"/><counter type="COMPLEXITY" missed="0" covered="1"/><counter type="METHOD" missed="0" covered="1"/></method><method name="setCovariance" desc="(Lcom/irurueta/algebra/Matrix;)V" line="177"><counter type="INSTRUCTION" missed="0" covered="5"/><counter type="LINE" missed="0" covered="2"/><counter type="COMPLEXITY" missed="0" covered="1"/><counter type="METHOD" missed="0" covered="1"/></method><method name="setCovariance" desc="(Lcom/irurueta/algebra/Matrix;Z)V" line="192"><counter type="INSTRUCTION" missed="7" covered="39"/><counter type="BRANCH" missed="0" covered="6"/><counter type="LINE" missed="2" covered="12"/><counter type="COMPLEXITY" missed="0" covered="4"/><counter type="METHOD" missed="0" covered="1"/></method><method name="setMeanAndCovariance" desc="([DLcom/irurueta/algebra/Matrix;)V" line="232"><counter type="INSTRUCTION" missed="0" covered="6"/><counter type="LINE" missed="0" covered="2"/><counter type="COMPLEXITY" missed="0" covered="1"/><counter type="METHOD" missed="0" covered="1"/></method><method name="setMeanAndCovariance" desc="([DLcom/irurueta/algebra/Matrix;Z)V" line="253"><counter type="INSTRUCTION" missed="0" covered="18"/><counter type="BRANCH" missed="0" covered="2"/><counter type="LINE" missed="0" covered="5"/><counter type="COMPLEXITY" missed="0" covered="2"/><counter type="METHOD" missed="0" covered="1"/></method><method name="isValidCovariance" desc="(Lcom/irurueta/algebra/Matrix;)Z" line="270"><counter type="INSTRUCTION" missed="3" covered="17"/><counter type="BRANCH" missed="0" covered="2"/><counter type="LINE" missed="2" covered="5"/><counter type="COMPLEXITY" missed="0" covered="2"/><counter type="METHOD" missed="0" covered="1"/></method><method name="isReady" desc="()Z" line="289"><counter type="INSTRUCTION" missed="0" covered="17"/><counter type="BRANCH" missed="2" covered="4"/><counter type="LINE" missed="0" covered="2"/><counter type="COMPLEXITY" missed="2" covered="2"/><counter type="METHOD" missed="0" covered="1"/></method><method name="getCovarianceBasis" desc="()Lcom/irurueta/algebra/Matrix;" line="302"><counter type="INSTRUCTION" missed="0" covered="3"/><counter type="LINE" missed="0" covered="1"/><counter type="COMPLEXITY" missed="0" covered="1"/><counter type="METHOD" missed="0" covered="1"/></method><method name="getVariances" desc="()[D" line="312"><counter type="INSTRUCTION" missed="0" covered="3"/><counter type="LINE" missed="0" covered="1"/><counter type="COMPLEXITY" missed="0" covered="1"/><counter type="METHOD" missed="0" covered="1"/></method><method name="p" desc="([D)D" line="330"><counter type="INSTRUCTION" missed="1" covered="46"/><counter type="BRANCH" missed="0" covered="4"/><counter type="LINE" missed="0" covered="10"/><counter type="COMPLEXITY" missed="0" covered="3"/><counter type="METHOD" missed="0" covered="1"/></method><method name="cdf" desc="([DLcom/irurueta/algebra/Matrix;)D" line="373"><counter type="INSTRUCTION" missed="4" covered="70"/><counter type="BRANCH" missed="0" covered="8"/><counter type="LINE" missed="2" covered="18"/><counter type="COMPLEXITY" missed="0" covered="5"/><counter type="METHOD" missed="0" covered="1"/></method><method name="cdf" desc="([D)D" line="425"><counter type="INSTRUCTION" missed="0" covered="5"/><counter type="LINE" missed="0" covered="1"/><counter type="COMPLEXITY" missed="0" covered="1"/><counter type="METHOD" missed="0" covered="1"/></method><method name="jointProbability" desc="([D)D" line="437"><counter type="INSTRUCTION" missed="0" covered="24"/><counter type="BRANCH" missed="0" covered="2"/><counter type="LINE" missed="0" covered="4"/><counter type="COMPLEXITY" missed="0" covered="2"/><counter type="METHOD" missed="0" covered="1"/></method><method name="invcdf" desc="([D[DLcom/irurueta/algebra/Matrix;)V" line="467"><counter type="INSTRUCTION" missed="4" covered="91"/><counter type="BRANCH" missed="0" covered="10"/><counter type="LINE" missed="2" covered="20"/><counter type="COMPLEXITY" missed="0" covered="6"/><counter type="METHOD" missed="0" covered="1"/></method><method name="invcdf" desc="([DLcom/irurueta/algebra/Matrix;)[D" line="531"><counter type="INSTRUCTION" missed="5" covered="15"/><counter type="BRANCH" missed="1" covered="1"/><counter type="LINE" missed="1" covered="4"/><counter type="COMPLEXITY" missed="1" covered="1"/><counter type="METHOD" missed="0" covered="1"/></method><method name="invcdf" desc="([D[D)V" line="560"><counter type="INSTRUCTION" missed="0" covered="6"/><counter type="LINE" missed="0" covered="2"/><counter type="COMPLEXITY" missed="0" covered="1"/><counter type="METHOD" missed="0" covered="1"/></method><method name="invcdf" desc="([D)[D" line="582"><counter type="INSTRUCTION" missed="0" covered="6"/><counter type="LINE" missed="0" covered="1"/><counter type="COMPLEXITY" missed="0" covered="1"/><counter type="METHOD" missed="0" covered="1"/></method><method name="invcdf" desc="(D[DLcom/irurueta/algebra/Matrix;)V" line="611"><counter type="INSTRUCTION" missed="5" covered="46"/><counter type="BRANCH" missed="1" covered="7"/><counter type="LINE" missed="1" covered="10"/><counter type="COMPLEXITY" missed="1" covered="4"/><counter type="METHOD" missed="0" covered="1"/></method><method name="invcdf" desc="(DLcom/irurueta/algebra/Matrix;)[D" line="658"><counter type="INSTRUCTION" missed="5" covered="15"/><counter type="BRANCH" missed="1" covered="1"/><counter type="LINE" missed="1" covered="4"/><counter type="COMPLEXITY" missed="1" covered="1"/><counter type="METHOD" missed="0" covered="1"/></method><method name="invcdf" desc="(D[D)V" line="690"><counter type="INSTRUCTION" missed="0" covered="6"/><counter type="LINE" missed="0" covered="2"/><counter type="COMPLEXITY" missed="0" covered="1"/><counter type="METHOD" missed="0" covered="1"/></method><method name="invcdf" desc="(D)[D" line="714"><counter type="INSTRUCTION" missed="0" covered="6"/><counter type="LINE" missed="0" covered="1"/><counter type="COMPLEXITY" missed="0" covered="1"/><counter type="METHOD" missed="0" covered="1"/></method><method name="mahalanobisDistance" desc="([D)D" line="728"><counter type="INSTRUCTION" missed="0" covered="5"/><counter type="LINE" missed="0" covered="1"/><counter type="COMPLEXITY" missed="0" covered="1"/><counter type="METHOD" missed="0" covered="1"/></method><method name="squaredMahalanobisDistance" desc="([D)D" line="742"><counter type="INSTRUCTION" missed="1" covered="27"/><counter type="LINE" missed="0" covered="8"/><counter type="COMPLEXITY" missed="0" covered="1"/><counter type="METHOD" missed="0" covered="1"/></method><method name="processCovariance" desc="()V" line="771"><counter type="INSTRUCTION" missed="5" covered="26"/><counter type="BRANCH" missed="2" covered="4"/><counter type="LINE" missed="1" covered="7"/><counter type="COMPLEXITY" missed="2" covered="2"/><counter type="METHOD" missed="0" covered="1"/></method><method name="propagate" desc="(Lcom/irurueta/statistics/MultivariateNormalDist$JacobianEvaluator;[DLcom/irurueta/algebra/Matrix;Lcom/irurueta/statistics/MultivariateNormalDist;)V" line="823"><counter type="INSTRUCTION" missed="0" covered="39"/><counter type="LINE" missed="0" covered="12"/><counter type="COMPLEXITY" missed="0" covered="1"/><counter type="METHOD" missed="0" covered="1"/></method><method name="propagate" desc="(Lcom/irurueta/statistics/MultivariateNormalDist$JacobianEvaluator;[DLcom/irurueta/algebra/Matrix;)Lcom/irurueta/statistics/MultivariateNormalDist;" line="864"><counter type="INSTRUCTION" missed="0" covered="11"/><counter type="LINE" missed="0" covered="3"/><counter type="COMPLEXITY" missed="0" covered="1"/><counter type="METHOD" missed="0" covered="1"/></method><method name="propagate" desc="(Lcom/irurueta/statistics/MultivariateNormalDist$JacobianEvaluator;Lcom/irurueta/statistics/MultivariateNormalDist;Lcom/irurueta/statistics/MultivariateNormalDist;)V" line="886"><counter type="INSTRUCTION" missed="1" covered="9"/><counter type="LINE" missed="0" covered="3"/><counter type="COMPLEXITY" missed="0" covered="1"/><counter type="METHOD" missed="0" covered="1"/></method><method name="propagate" desc="(Lcom/irurueta/statistics/MultivariateNormalDist$JacobianEvaluator;Lcom/irurueta/statistics/MultivariateNormalDist;)Lcom/irurueta/statistics/MultivariateNormalDist;" line="904"><counter type="INSTRUCTION" missed="0" covered="10"/><counter type="LINE" missed="0" covered="3"/><counter type="COMPLEXITY" missed="0" covered="1"/><counter type="METHOD" missed="0" covered="1"/></method><method name="propagateThisDistribution" desc="(Lcom/irurueta/statistics/MultivariateNormalDist$JacobianEvaluator;Lcom/irurueta/statistics/MultivariateNormalDist;)V" line="923"><counter type="INSTRUCTION" missed="0" covered="5"/><counter type="LINE" missed="0" covered="2"/><counter type="COMPLEXITY" missed="0" covered="1"/><counter type="METHOD" missed="0" covered="1"/></method><method name="propagateThisDistribution" desc="(Lcom/irurueta/statistics/MultivariateNormalDist$JacobianEvaluator;)Lcom/irurueta/statistics/MultivariateNormalDist;" line="939"><counter type="INSTRUCTION" missed="0" covered="10"/><counter type="LINE" missed="0" covered="3"/><counter type="COMPLEXITY" missed="0" covered="1"/><counter type="METHOD" missed="0" covered="1"/></method><counter type="INSTRUCTION" missed="48" covered="649"/><counter type="BRANCH" missed="7" covered="55"/><counter type="LINE" missed="14" covered="172"/><counter type="COMPLEXITY" missed="7" covered="61"/><counter type="METHOD" missed="0" covered="37"/><counter type="CLASS" missed="0" covered="1"/></class><class name="com/irurueta/statistics/InvalidCovarianceMatrixException" sourcefilename="InvalidCovarianceMatrixException.java"><method name="&lt;init&gt;" desc="()V" line="30"><counter type="INSTRUCTION" missed="0" covered="3"/><counter type="LINE" missed="0" covered="2"/><counter type="COMPLEXITY" missed="0" covered="1"/><counter type="METHOD" missed="0" covered="1"/></method><method name="&lt;init&gt;" desc="(Ljava/lang/String;)V" line="38"><counter type="INSTRUCTION" missed="0" covered="4"/><counter type="LINE" missed="0" covered="2"/><counter type="COMPLEXITY" missed="0" covered="1"/><counter type="METHOD" missed="0" covered="1"/></method><method name="&lt;init&gt;" desc="(Ljava/lang/String;Ljava/lang/Throwable;)V" line="47"><counter type="INSTRUCTION" missed="0" covered="5"/><counter type="LINE" missed="0" covered="2"/><counter type="COMPLEXITY" missed="0" covered="1"/><counter type="METHOD" missed="0" covered="1"/></method><method name="&lt;init&gt;" desc="(Ljava/lang/Throwable;)V" line="55"><counter type="INSTRUCTION" missed="0" covered="4"/><counter type="LINE" missed="0" covered="2"/><counter type="COMPLEXITY" missed="0" covered="1"/><counter type="METHOD" missed="0" covered="1"/></method><counter type="INSTRUCTION" missed="0" covered="16"/><counter type="LINE" missed="0" covered="8"/><counter type="COMPLEXITY" missed="0" covered="4"/><counter type="METHOD" missed="0" covered="4"/><counter type="CLASS" missed="0" covered="1"/></class><class name="com/irurueta/statistics/MultivariateGaussianRandomizer" sourcefilename="MultivariateGaussianRandomizer.java"><method name="&lt;init&gt;" desc="()V" line="60"><counter type="INSTRUCTION" missed="0" covered="6"/><counter type="LINE" missed="0" covered="2"/><counter type="COMPLEXITY" missed="0" covered="1"/><counter type="METHOD" missed="0" covered="1"/></method><method name="&lt;init&gt;" desc="(Ljava/util/Random;)V" line="71"><counter type="INSTRUCTION" missed="1" covered="25"/><counter type="BRANCH" missed="0" covered="2"/><counter type="LINE" missed="0" covered="8"/><counter type="COMPLEXITY" missed="0" covered="2"/><counter type="METHOD" missed="0" covered="1"/></method><method name="&lt;init&gt;" desc="([DLcom/irurueta/algebra/Matrix;)V" line="95"><counter type="INSTRUCTION" missed="0" covered="8"/><counter type="LINE" missed="0" covered="2"/><counter type="COMPLEXITY" missed="0" covered="1"/><counter type="METHOD" missed="0" covered="1"/></method><method name="&lt;init&gt;" desc="(Ljava/util/Random;[DLcom/irurueta/algebra/Matrix;)V" line="113"><counter type="INSTRUCTION" missed="4" covered="12"/><counter type="BRANCH" missed="1" covered="1"/><counter type="LINE" missed="1" covered="5"/><counter type="COMPLEXITY" missed="1" covered="1"/><counter type="METHOD" missed="0" covered="1"/></method><method name="getMean" desc="()[D" line="127"><counter type="INSTRUCTION" missed="0" covered="3"/><counter type="LINE" missed="0" covered="1"/><counter type="COMPLEXITY" missed="0" covered="1"/><counter type="METHOD" missed="0" covered="1"/></method><method name="getCovariance" desc="()Lcom/irurueta/algebra/Matrix;" line="135"><counter type="INSTRUCTION" missed="0" covered="3"/><counter type="LINE" missed="0" covered="1"/><counter type="COMPLEXITY" missed="0" covered="1"/><counter type="METHOD" missed="0" covered="1"/></method><method name="setMeanAndCovariance" desc="([DLcom/irurueta/algebra/Matrix;)V" line="150"><counter type="INSTRUCTION" missed="7" covered="43"/><counter type="BRANCH" missed="1" covered="5"/><counter type="LINE" missed="2" covered="13"/><counter type="COMPLEXITY" missed="1" covered="3"/><counter type="METHOD" missed="0" covered="1"/></method><method name="next" desc="([D)V" line="183"><counter type="INSTRUCTION" missed="5" covered="71"/><counter type="BRANCH" missed="1" covered="9"/><counter type="LINE" missed="1" covered="12"/><counter type="COMPLEXITY" missed="1" covered="5"/><counter type="METHOD" missed="0" covered="1"/></method><method name="next" desc="()[D" line="219"><counter type="INSTRUCTION" missed="0" covered="10"/><counter type="LINE" missed="0" covered="3"/><counter type="COMPLEXITY" missed="0" covered="1"/><counter type="METHOD" missed="0" covered="1"/></method><counter type="INSTRUCTION" missed="17" covered="181"/><counter type="BRANCH" missed="3" covered="17"/><counter type="LINE" missed="4" covered="47"/><counter type="COMPLEXITY" missed="3" covered="16"/><counter type="METHOD" missed="0" covered="9"/><counter type="CLASS" missed="0" covered="1"/></class><sourcefile name="MultivariateGaussianRandomizer.java"><line nr="60" mi="0" ci="5" mb="0" cb="0"/><line nr="61" mi="0" ci="1" mb="0" cb="0"/><line nr="71" mi="0" ci="2" mb="0" cb="0"/><line nr="72" mi="0" ci="2" mb="0" cb="2"/><line nr="73" mi="0" ci="4" mb="0" cb="0"/><line nr="76" mi="0" ci="3" mb="0" cb="0"/><line nr="77" mi="0" ci="4" mb="0" cb="0"/><line nr="79" mi="0" ci="8" mb="0" cb="0"/><line nr="80" mi="1" ci="1" mb="0" cb="0"/><line nr="81" mi="0" ci="1" mb="0" cb="0"/><line nr="95" mi="0" ci="7" mb="0" cb="0"/><line nr="96" mi="0" ci="1" mb="0" cb="0"/><line nr="113" mi="0" ci="2" mb="0" cb="0"/><line nr="114" mi="0" ci="2" mb="1" cb="1"/><line nr="115" mi="4" ci="0" mb="0" cb="0"/><line nr="118" mi="0" ci="3" mb="0" cb="0"/><line nr="119" mi="0" ci="4" mb="0" cb="0"/><line nr="120" mi="0" ci="1" mb="0" cb="0"/><line nr="127" mi="0" ci="3" mb="0" cb="0"/><line nr="135" mi="0" ci="3" mb="0" cb="0"/><line nr="150" mi="0" ci="3" mb="0" cb="0"/><line nr="151" mi="0" ci="5" mb="0" cb="2"/><line nr="152" mi="0" ci="3" mb="1" cb="1"/><line nr="153" mi="0" ci="5" mb="0" cb="0"/><line nr="157" mi="0" ci="5" mb="0" cb="0"/><line nr="158" mi="0" ci="2" mb="0" cb="0"/><line nr="159" mi="0" ci="3" mb="0" cb="2"/><line nr="160" mi="0" ci="5" mb="0" cb="0"/><line nr="165" mi="0" ci="3" mb="0" cb="0"/><line nr="166" mi="0" ci="3" mb="0" cb="0"/><line nr="168" mi="0" ci="4" mb="0" cb="0"/><line nr="169" mi="1" ci="0" mb="0" cb="0"/><line nr="170" mi="6" ci="0" mb="0" cb="0"/><line nr="172" mi="0" ci="1" mb="0" cb="0"/><line nr="173" mi="0" ci="1" mb="0" cb="0"/><line nr="183" mi="0" ci="3" mb="0" cb="0"/><line nr="185" mi="0" ci="5" mb="1" cb="1"/><line nr="186" mi="5" ci="0" mb="0" cb="0"/><line nr="191" mi="0" ci="3" mb="0" cb="0"/><line nr="192" mi="0" ci="7" mb="0" cb="2"/><line nr="193" mi="0" ci="6" mb="0" cb="0"/><line nr="198" mi="0" ci="7" mb="0" cb="2"/><line nr="199" mi="0" ci="4" mb="0" cb="0"/><line nr="201" mi="0" ci="7" mb="0" cb="2"/><line nr="202" mi="0" ci="3" mb="0" cb="2"/><line nr="204" mi="0" ci="15" mb="0" cb="0"/><line nr="209" mi="0" ci="10" mb="0" cb="0"/><line nr="211" mi="0" ci="1" mb="0" cb="0"/><line nr="219" mi="0" ci="5" mb="0" cb="0"/><line nr="220" mi="0" ci="3" mb="0" cb="0"/><line nr="221" mi="0" ci="2" mb="0" cb="0"/><counter type="INSTRUCTION" missed="17" covered="181"/><counter type="BRANCH" missed="3" covered="17"/><counter type="LINE" missed="4" covered="47"/><counter type="COMPLEXITY" missed="3" covered="16"/><counter type="METHOD" missed="0" covered="9"/><counter type="CLASS" missed="0" covered="1"/></sourcefile><sourcefile name="MultivariateNormalDist.java"><line nr="55" mi="0" ci="3" mb="0" cb="0"/><line nr="56" mi="0" ci="1" mb="0" cb="0"/><line nr="66" mi="0" ci="2" mb="0" cb="0"/><line nr="67" mi="0" ci="2" mb="0" cb="2"/><line nr="68" mi="0" ci="5" mb="0" cb="0"/><line nr="72" mi="0" ci="4" mb="0" cb="0"/><line nr="74" mi="0" ci="5" mb="0" cb="0"/><line nr="75" mi="1" ci="0" mb="0" cb="0"/><line nr="76" mi="6" ci="0" mb="0" cb="0"/><line nr="78" mi="0" ci="1" mb="0" cb="0"/><line nr="79" mi="0" ci="1" mb="0" cb="0"/><line nr="97" mi="0" ci="2" mb="0" cb="0"/><line nr="98" mi="0" ci="4" mb="0" cb="0"/><line nr="99" mi="0" ci="1" mb="0" cb="0"/><line nr="121" mi="0" ci="2" mb="0" cb="0"/><line nr="122" mi="0" ci="5" mb="0" cb="0"/><line nr="124" mi="0" ci="1" mb="0" cb="0"/><line nr="131" mi="0" ci="3" mb="0" cb="0"/><line nr="143" mi="0" ci="3" mb="0" cb="2"/><line nr="144" mi="0" ci="5" mb="0" cb="0"/><line nr="147" mi="0" ci="3" mb="0" cb="0"/><line nr="148" mi="0" ci="1" mb="0" cb="0"/><line nr="156" mi="0" ci="4" mb="0" cb="0"/><line nr="166" mi="0" ci="4" mb="0" cb="0"/><line nr="167" mi="0" ci="1" mb="0" cb="0"/><line nr="177" mi="0" ci="4" mb="0" cb="0"/><line nr="178" mi="0" ci="1" mb="0" cb="0"/><line nr="192" mi="0" ci="5" mb="0" cb="2"/><line nr="193" mi="0" ci="5" mb="0" cb="0"/><line nr="198" mi="0" ci="2" mb="0" cb="2"/><line nr="199" mi="0" ci="5" mb="0" cb="0"/><line nr="200" mi="0" ci="2" mb="0" cb="0"/><line nr="201" mi="0" ci="3" mb="0" cb="2"/><line nr="202" mi="0" ci="5" mb="0" cb="0"/><line nr="208" mi="0" ci="4" mb="0" cb="0"/><line nr="209" mi="0" ci="3" mb="0" cb="0"/><line nr="210" mi="0" ci="3" mb="0" cb="0"/><line nr="211" mi="1" ci="0" mb="0" cb="0"/><line nr="212" mi="6" ci="0" mb="0" cb="0"/><line nr="214" mi="0" ci="1" mb="0" cb="0"/><line nr="215" mi="0" ci="1" mb="0" cb="0"/><line nr="232" mi="0" ci="5" mb="0" cb="0"/><line nr="233" mi="0" ci="1" mb="0" cb="0"/><line nr="253" mi="0" ci="5" mb="0" cb="2"/><line nr="254" mi="0" ci="5" mb="0" cb="0"/><line nr="258" mi="0" ci="4" mb="0" cb="0"/><line nr="259" mi="0" ci="3" mb="0" cb="0"/><line nr="260" mi="0" ci="1" mb="0" cb="0"/><line nr="270" mi="0" ci="5" mb="0" cb="2"/><line nr="271" mi="0" ci="2" mb="0" cb="0"/><line nr="275" mi="0" ci="5" mb="0" cb="0"/><line nr="276" mi="0" ci="2" mb="0" cb="0"/><line nr="277" mi="0" ci="3" mb="0" cb="0"/><line nr="278" mi="1" ci="0" mb="0" cb="0"/><line nr="279" mi="2" ci="0" mb="0" cb="0"/><line nr="289" mi="0" ci="12" mb="2" cb="2"/><line nr="290" mi="0" ci="5" mb="0" cb="2"/><line nr="302" mi="0" ci="3" mb="0" cb="0"/><line nr="312" mi="0" ci="3" mb="0" cb="0"/><line nr="330" mi="0" ci="3" mb="0" cb="2"/><line nr="331" mi="0" ci="4" mb="0" cb="0"/><line nr="334" mi="0" ci="3" mb="0" cb="0"/><line nr="335" mi="0" ci="5" mb="0" cb="2"/><line nr="336" mi="0" ci="5" mb="0" cb="0"/><line nr="340" mi="0" ci="2" mb="0" cb="0"/><line nr="342" mi="0" ci="4" mb="0" cb="0"/><line nr="343" mi="1" ci="1" mb="0" cb="0"/><line nr="345" mi="0" ci="10" mb="0" cb="0"/><line nr="347" mi="0" ci="9" mb="0" cb="0"/><line nr="373" mi="0" ci="3" mb="0" cb="2"/><line nr="374" mi="0" ci="4" mb="0" cb="0"/><line nr="377" mi="0" ci="3" mb="0" cb="0"/><line nr="378" mi="0" ci="5" mb="0" cb="2"/><line nr="379" mi="0" ci="5" mb="0" cb="0"/><line nr="383" mi="0" ci="2" mb="0" cb="0"/><line nr="385" mi="0" ci="2" mb="0" cb="0"/><line nr="387" mi="0" ci="2" mb="0" cb="2"/><line nr="388" mi="0" ci="4" mb="0" cb="0"/><line nr="391" mi="0" ci="7" mb="0" cb="2"/><line nr="392" mi="0" ci="8" mb="0" cb="0"/><line nr="393" mi="0" ci="2" mb="0" cb="0"/><line nr="394" mi="0" ci="4" mb="0" cb="0"/><line nr="395" mi="0" ci="5" mb="0" cb="0"/><line nr="396" mi="0" ci="10" mb="0" cb="0"/><line nr="397" mi="0" ci="1" mb="0" cb="0"/><line nr="400" mi="1" ci="0" mb="0" cb="0"/><line nr="401" mi="2" ci="0" mb="0" cb="0"/><line nr="402" mi="1" ci="1" mb="0" cb="0"/><line nr="404" mi="0" ci="2" mb="0" cb="0"/><line nr="425" mi="0" ci="5" mb="0" cb="0"/><line nr="437" mi="0" ci="2" mb="0" cb="0"/><line nr="438" mi="0" ci="16" mb="0" cb="2"/><line nr="439" mi="0" ci="4" mb="0" cb="0"/><line nr="441" mi="0" ci="2" mb="0" cb="0"/><line nr="467" mi="0" ci="3" mb="0" cb="2"/><line nr="468" mi="0" ci="5" mb="0" cb="0"/><line nr="472" mi="0" ci="3" mb="0" cb="0"/><line nr="473" mi="0" ci="5" mb="0" cb="2"/><line nr="474" mi="0" ci="5" mb="0" cb="0"/><line nr="478" mi="0" ci="4" mb="0" cb="2"/><line nr="479" mi="0" ci="5" mb="0" cb="0"/><line nr="484" mi="0" ci="2" mb="0" cb="0"/><line nr="486" mi="0" ci="2" mb="0" cb="2"/><line nr="487" mi="0" ci="4" mb="0" cb="0"/><line nr="491" mi="0" ci="7" mb="0" cb="0"/><line nr="492" mi="0" ci="7" mb="0" cb="2"/><line nr="493" mi="0" ci="8" mb="0" cb="0"/><line nr="494" mi="0" ci="2" mb="0" cb="0"/><line nr="495" mi="0" ci="18" mb="0" cb="0"/><line nr="496" mi="0" ci="1" mb="0" cb="0"/><line nr="498" mi="0" ci="4" mb="0" cb="0"/><line nr="501" mi="0" ci="4" mb="0" cb="0"/><line nr="503" mi="1" ci="0" mb="0" cb="0"/><line nr="504" mi="2" ci="0" mb="0" cb="0"/><line nr="505" mi="1" ci="1" mb="0" cb="0"/><line nr="506" mi="0" ci="1" mb="0" cb="0"/><line nr="531" mi="0" ci="3" mb="1" cb="1"/><line nr="532" mi="5" ci="0" mb="0" cb="0"/><line nr="535" mi="0" ci="5" mb="0" cb="0"/><line nr="536" mi="0" ci="5" mb="0" cb="0"/><line nr="537" mi="0" ci="2" mb="0" cb="0"/><line nr="560" mi="0" ci="5" mb="0" cb="0"/><line nr="561" mi="0" ci="1" mb="0" cb="0"/><line nr="582" mi="0" ci="6" mb="0" cb="0"/><line nr="611" mi="0" ci="8" mb="0" cb="4"/><line nr="612" mi="0" ci="5" mb="0" cb="0"/><line nr="616" mi="0" ci="3" mb="1" cb="1"/><line nr="617" mi="5" ci="0" mb="0" cb="0"/><line nr="621" mi="0" ci="3" mb="0" cb="0"/><line nr="622" mi="0" ci="5" mb="0" cb="2"/><line nr="623" mi="0" ci="5" mb="0" cb="0"/><line nr="627" mi="0" ci="3" mb="0" cb="0"/><line nr="628" mi="0" ci="8" mb="0" cb="0"/><line nr="629" mi="0" ci="5" mb="0" cb="0"/><line nr="630" mi="0" ci="1" mb="0" cb="0"/><line nr="658" mi="0" ci="3" mb="1" cb="1"/><line nr="659" mi="5" ci="0" mb="0" cb="0"/><line nr="662" mi="0" ci="5" mb="0" cb="0"/><line nr="663" mi="0" ci="5" mb="0" cb="0"/><line nr="664" mi="0" ci="2" mb="0" cb="0"/><line nr="690" mi="0" ci="5" mb="0" cb="0"/><line nr="691" mi="0" ci="1" mb="0" cb="0"/><line nr="714" mi="0" ci="6" mb="0" cb="0"/><line nr="728" mi="0" ci="5" mb="0" cb="0"/><line nr="742" mi="0" ci="5" mb="0" cb="0"/><line nr="743" mi="0" ci="4" mb="0" cb="0"/><line nr="744" mi="0" ci="3" mb="0" cb="0"/><line nr="747" mi="0" ci="4" mb="0" cb="0"/><line nr="748" mi="0" ci="3" mb="0" cb="0"/><line nr="749" mi="0" ci="3" mb="0" cb="0"/><line nr="751" mi="1" ci="1" mb="0" cb="0"/><line nr="753" mi="0" ci="4" mb="0" cb="0"/><line nr="771" mi="0" ci="3" mb="1" cb="1"/><line nr="772" mi="5" ci="0" mb="0" cb="0"/><line nr="775" mi="0" ci="6" mb="1" cb="3"/><line nr="776" mi="0" ci="6" mb="0" cb="0"/><line nr="778" mi="0" ci="2" mb="0" cb="0"/><line nr="792" mi="0" ci="4" mb="0" cb="0"/><line nr="795" mi="0" ci="4" mb="0" cb="0"/><line nr="797" mi="0" ci="1" mb="0" cb="0"/><line nr="823" mi="0" ci="3" mb="0" cb="0"/><line nr="824" mi="0" ci="3" mb="0" cb="0"/><line nr="825" mi="0" ci="3" mb="0" cb="0"/><line nr="826" mi="0" ci="6" mb="0" cb="0"/><line nr="827" mi="0" ci="5" mb="0" cb="0"/><line nr="831" mi="0" ci="3" mb="0" cb="0"/><line nr="832" mi="0" ci="3" mb="0" cb="0"/><line nr="833" mi="0" ci="3" mb="0" cb="0"/><line nr="836" mi="0" ci="2" mb="0" cb="0"/><line nr="838" mi="0" ci="3" mb="0" cb="0"/><line nr="839" mi="0" ci="4" mb="0" cb="0"/><line nr="840" mi="0" ci="1" mb="0" cb="0"/><line nr="864" mi="0" ci="4" mb="0" cb="0"/><line nr="865" mi="0" ci="5" mb="0" cb="0"/><line nr="866" mi="0" ci="2" mb="0" cb="0"/><line nr="886" mi="0" ci="7" mb="0" cb="0"/><line nr="887" mi="1" ci="1" mb="0" cb="0"/><line nr="888" mi="0" ci="1" mb="0" cb="0"/><line nr="904" mi="0" ci="4" mb="0" cb="0"/><line nr="905" mi="0" ci="4" mb="0" cb="0"/><line nr="906" mi="0" ci="2" mb="0" cb="0"/><line nr="923" mi="0" ci="4" mb="0" cb="0"/><line nr="924" mi="0" ci="1" mb="0" cb="0"/><line nr="939" mi="0" ci="4" mb="0" cb="0"/><line nr="940" mi="0" ci="4" mb="0" cb="0"/><line nr="941" mi="0" ci="2" mb="0" cb="0"/><counter type="INSTRUCTION" missed="48" covered="649"/><counter type="BRANCH" missed="7" covered="55"/><counter type="LINE" missed="14" covered="172"/><counter type="COMPLEXITY" missed="7" covered="61"/><counter type="METHOD" missed="0" covered="37"/><counter type="CLASS" missed="0" covered="1"/></sourcefile><sourcefile name="InvalidCovarianceMatrixException.java"><line nr="30" mi="0" ci="2" mb="0" cb="0"/><line nr="31" mi="0" ci="1" mb="0" cb="0"/><line nr="38" mi="0" ci="3" mb="0" cb="0"/><line nr="39" mi="0" ci="1" mb="0" cb="0"/><line nr="47" mi="0" ci="4" mb="0" cb="0"/><line nr="48" mi="0" ci="1" mb="0" cb="0"/><line nr="55" mi="0" ci="3" mb="0" cb="0"/><line nr="56" mi="0" ci="1" mb="0" cb="0"/><counter type="INSTRUCTION" missed="0" covered="16"/><counter type="LINE" missed="0" covered="8"/><counter type="COMPLEXITY" missed="0" covered="4"/><counter type="METHOD" missed="0" covered="4"/><counter type="CLASS" missed="0" covered="1"/></sourcefile><counter type="INSTRUCTION" missed="65" covered="846"/><counter type="BRANCH" missed="10" covered="72"/><counter type="LINE" missed="18" covered="227"/><counter type="COMPLEXITY" missed="10" covered="81"/><counter type="METHOD" missed="0" covered="50"/><counter type="CLASS" missed="0" covered="3"/></package><package name="com/irurueta/algebra"><class name="com/irurueta/algebra/GaussJordanElimination" sourcefilename="GaussJordanElimination.java"><method name="process" desc="(Lcom/irurueta/algebra/Matrix;Lcom/irurueta/algebra/Matrix;)V" line="54"><counter type="INSTRUCTION" missed="0" covered="320"/><counter type="BRANCH" missed="0" covered="48"/><counter type="LINE" missed="0" covered="61"/><counter type="COMPLEXITY" missed="0" covered="25"/><counter type="METHOD" missed="0" covered="1"/></method><method name="process" desc="(Lcom/irurueta/algebra/Matrix;[D)V" line="168"><counter type="INSTRUCTION" missed="1" covered="22"/><counter type="BRANCH" missed="2" covered="2"/><counter type="LINE" missed="0" covered="6"/><counter type="COMPLEXITY" missed="2" covered="1"/><counter type="METHOD" missed="0" covered="1"/></method><method name="inverse" desc="(Lcom/irurueta/algebra/Matrix;)V" line="187"><counter type="INSTRUCTION" missed="0" covered="5"/><counter type="LINE" missed="0" covered="2"/><counter type="COMPLEXITY" missed="0" covered="1"/><counter type="METHOD" missed="0" covered="1"/></method><method name="swap" desc="([D[DII)V" line="199"><counter type="INSTRUCTION" missed="0" covered="17"/><counter type="LINE" missed="0" covered="5"/><counter type="COMPLEXITY" missed="0" covered="1"/><counter type="METHOD" missed="0" covered="1"/></method><counter type="INSTRUCTION" missed="1" covered="364"/><counter type="BRANCH" missed="2" covered="50"/><counter type="LINE" missed="0" covered="74"/><counter type="COMPLEXITY" missed="2" covered="28"/><counter type="METHOD" missed="0" covered="4"/><counter type="CLASS" missed="0" covered="1"/></class><class name="com/irurueta/algebra/Matrix" sourcefilename="Matrix.java"><method name="&lt;init&gt;" desc="(II)V" line="70"><counter type="INSTRUCTION" missed="0" covered="7"/><counter type="LINE" missed="0" covered="3"/><counter type="COMPLEXITY" missed="0" covered="1"/><counter type="METHOD" missed="0" covered="1"/></method><method name="&lt;init&gt;" desc="(Lcom/irurueta/algebra/Matrix;)V" line="78"><counter type="INSTRUCTION" missed="1" covered="20"/><counter type="LINE" missed="1" covered="5"/><counter type="COMPLEXITY" missed="0" covered="1"/><counter type="METHOD" missed="0" covered="1"/></method><method name="getRows" desc="()I" line="93"><counter type="INSTRUCTION" missed="0" covered="3"/><counter type="LINE" missed="0" covered="1"/><counter type="COMPLEXITY" missed="0" covered="1"/><counter type="METHOD" missed="0" covered="1"/></method><method name="getColumns" desc="()I" line="101"><counter type="INSTRUCTION" missed="0" covered="3"/><counter type="LINE" missed="0" covered="1"/><counter type="COMPLEXITY" missed="0" covered="1"/><counter type="METHOD" missed="0" covered="1"/></method><method name="getElementAt" desc="(II)D" line="119"><counter type="INSTRUCTION" missed="0" covered="10"/><counter type="LINE" missed="0" covered="1"/><counter type="COMPLEXITY" missed="0" covered="1"/><counter type="METHOD" missed="0" covered="1"/></method><method name="getIndex" desc="(II)I" line="130"><counter type="INSTRUCTION" missed="0" covered="7"/><counter type="LINE" missed="0" covered="1"/><counter type="COMPLEXITY" missed="0" covered="1"/><counter type="METHOD" missed="0" covered="1"/></method><method name="getElementAtIndex" desc="(I)D" line="147"><counter type="INSTRUCTION" missed="0" covered="5"/><counter type="LINE" missed="0" covered="1"/><counter type="COMPLEXITY" missed="0" covered="1"/><counter type="METHOD" missed="0" covered="1"/></method><method name="getElementAtIndex" desc="(IZ)D" line="163"><counter type="INSTRUCTION" missed="0" covered="27"/><counter type="BRANCH" missed="0" covered="2"/><counter type="LINE" missed="0" covered="5"/><counter type="COMPLEXITY" missed="0" covered="2"/><counter type="METHOD" missed="0" covered="1"/></method><method name="setElementAt" desc="(IID)V" line="187"><counter type="INSTRUCTION" missed="0" covered="11"/><counter type="LINE" missed="0" covered="2"/><counter type="COMPLEXITY" missed="0" covered="1"/><counter type="METHOD" missed="0" covered="1"/></method><method name="setElementAtIndex" desc="(ID)V" line="205"><counter type="INSTRUCTION" missed="0" covered="6"/><counter type="LINE" missed="0" covered="2"/><counter type="COMPLEXITY" missed="0" covered="1"/><counter type="METHOD" missed="0" covered="1"/></method><method name="setElementAtIndex" desc="(IDZ)V" line="221"><counter type="INSTRUCTION" missed="0" covered="29"/><counter type="BRANCH" missed="0" covered="2"/><counter type="LINE" missed="0" covered="6"/><counter type="COMPLEXITY" missed="0" covered="2"/><counter type="METHOD" missed="0" covered="1"/></method><method name="clone" desc="()Lcom/irurueta/algebra/Matrix;" line="237"><counter type="INSTRUCTION" missed="1" covered="16"/><counter type="LINE" missed="1" covered="5"/><counter type="COMPLEXITY" missed="0" covered="1"/><counter type="METHOD" missed="0" covered="1"/></method><method name="copyTo" desc="(Lcom/irurueta/algebra/Matrix;)V" line="257"><counter type="INSTRUCTION" missed="1" covered="28"/><counter type="BRANCH" missed="1" covered="3"/><counter type="LINE" missed="1" covered="5"/><counter type="COMPLEXITY" missed="1" covered="2"/><counter type="METHOD" missed="0" covered="1"/></method><method name="copyFrom" desc="(Lcom/irurueta/algebra/Matrix;)V" line="278"><counter type="INSTRUCTION" missed="1" covered="28"/><counter type="BRANCH" missed="1" covered="3"/><counter type="LINE" missed="1" covered="5"/><counter type="COMPLEXITY" missed="1" covered="2"/><counter type="METHOD" missed="0" covered="1"/></method><method name="add" desc="(Lcom/irurueta/algebra/Matrix;Lcom/irurueta/algebra/Matrix;)V" line="302"><counter type="INSTRUCTION" missed="35" covered="0"/><counter type="BRANCH" missed="8" covered="0"/><counter type="LINE" missed="6" covered="0"/><counter type="COMPLEXITY" missed="5" covered="0"/><counter type="METHOD" missed="1" covered="0"/></method><method name="addAndReturnNew" desc="(Lcom/irurueta/algebra/Matrix;)Lcom/irurueta/algebra/Matrix;" line="325"><counter type="INSTRUCTION" missed="0" covered="28"/><counter type="BRANCH" missed="1" covered="3"/><counter type="LINE" missed="0" covered="5"/><counter type="COMPLEXITY" missed="1" covered="2"/><counter type="METHOD" missed="0" covered="1"/></method><method name="add" desc="(Lcom/irurueta/algebra/Matrix;)V" line="342"><counter type="INSTRUCTION" missed="0" covered="19"/><counter type="BRANCH" missed="1" covered="3"/><counter type="LINE" missed="0" covered="4"/><counter type="COMPLEXITY" missed="1" covered="2"/><counter type="METHOD" missed="0" covered="1"/></method><method name="subtract" desc="(Lcom/irurueta/algebra/Matrix;Lcom/irurueta/algebra/Matrix;)V" line="361"><counter type="INSTRUCTION" missed="35" covered="0"/><counter type="BRANCH" missed="8" covered="0"/><counter type="LINE" missed="6" covered="0"/><counter type="COMPLEXITY" missed="5" covered="0"/><counter type="METHOD" missed="1" covered="0"/></method><method name="subtractAndReturnNew" desc="(Lcom/irurueta/algebra/Matrix;)Lcom/irurueta/algebra/Matrix;" line="385"><counter type="INSTRUCTION" missed="0" covered="28"/><counter type="BRANCH" missed="1" covered="3"/><counter type="LINE" missed="0" covered="5"/><counter type="COMPLEXITY" missed="1" covered="2"/><counter type="METHOD" missed="0" covered="1"/></method><method name="subtract" desc="(Lcom/irurueta/algebra/Matrix;)V" line="402"><counter type="INSTRUCTION" missed="4" covered="15"/><counter type="BRANCH" missed="2" covered="2"/><counter type="LINE" missed="1" covered="3"/><counter type="COMPLEXITY" missed="2" covered="1"/><counter type="METHOD" missed="0" covered="1"/></method><method name="multiply" desc="(Lcom/irurueta/algebra/Matrix;Lcom/irurueta/algebra/Matrix;)V" line="421"><counter type="INSTRUCTION" missed="10" covered="20"/><counter type="BRANCH" missed="3" covered="3"/><counter type="LINE" missed="2" covered="4"/><counter type="COMPLEXITY" missed="3" covered="1"/><counter type="METHOD" missed="0" covered="1"/></method><method name="multiplyAndReturnNew" desc="(Lcom/irurueta/algebra/Matrix;)Lcom/irurueta/algebra/Matrix;" line="449"><counter type="INSTRUCTION" missed="0" covered="23"/><counter type="BRANCH" missed="0" covered="2"/><counter type="LINE" missed="0" covered="5"/><counter type="COMPLEXITY" missed="0" covered="2"/><counter type="METHOD" missed="0" covered="1"/></method><method name="multiply" desc="(Lcom/irurueta/algebra/Matrix;)V" line="471"><counter type="INSTRUCTION" missed="0" covered="55"/><counter type="BRANCH" missed="0" covered="4"/><counter type="LINE" missed="0" covered="13"/><counter type="COMPLEXITY" missed="0" covered="3"/><counter type="METHOD" missed="0" covered="1"/></method><method name="multiplyKronecker" desc="(Lcom/irurueta/algebra/Matrix;Lcom/irurueta/algebra/Matrix;)V" line="500"><counter type="INSTRUCTION" missed="5" covered="26"/><counter type="BRANCH" missed="3" covered="1"/><counter type="LINE" missed="0" covered="7"/><counter type="COMPLEXITY" missed="2" covered="1"/><counter type="METHOD" missed="0" covered="1"/></method><method name="multiplyKroneckerAndReturnNew" desc="(Lcom/irurueta/algebra/Matrix;)Lcom/irurueta/algebra/Matrix;" line="520"><counter type="INSTRUCTION" missed="1" covered="23"/><counter type="LINE" missed="0" covered="5"/><counter type="COMPLEXITY" missed="0" covered="1"/><counter type="METHOD" missed="0" covered="1"/></method><method name="multiplyKronecker" desc="(Lcom/irurueta/algebra/Matrix;)V" line="539"><counter type="INSTRUCTION" missed="0" covered="55"/><counter type="BRANCH" missed="0" covered="2"/><counter type="LINE" missed="0" covered="14"/><counter type="COMPLEXITY" missed="0" covered="2"/><counter type="METHOD" missed="0" covered="1"/></method><method name="multiplyByScalar" desc="(DLcom/irurueta/algebra/Matrix;)V" line="566"><counter type="INSTRUCTION" missed="0" covered="24"/><counter type="BRANCH" missed="0" covered="2"/><counter type="LINE" missed="0" covered="4"/><counter type="COMPLEXITY" missed="0" covered="2"/><counter type="METHOD" missed="0" covered="1"/></method><method name="multiplyByScalarAndReturnNew" desc="(D)Lcom/irurueta/algebra/Matrix;" line="580"><counter type="INSTRUCTION" missed="1" covered="17"/><counter type="LINE" missed="1" covered="5"/><counter type="COMPLEXITY" missed="0" covered="1"/><counter type="METHOD" missed="0" covered="1"/></method><method name="multiplyByScalar" desc="(D)V" line="596"><counter type="INSTRUCTION" missed="0" covered="5"/><counter type="LINE" missed="0" covered="2"/><counter type="COMPLEXITY" missed="0" covered="1"/><counter type="METHOD" missed="0" covered="1"/></method><method name="equals" desc="(Ljava/lang/Object;)Z" line="607"><counter type="INSTRUCTION" missed="2" covered="19"/><counter type="BRANCH" missed="1" covered="5"/><counter type="LINE" missed="1" covered="7"/><counter type="COMPLEXITY" missed="1" covered="3"/><counter type="METHOD" missed="0" covered="1"/></method><method name="hashCode" desc="()I" line="629"><counter type="INSTRUCTION" missed="0" covered="30"/><counter type="LINE" missed="0" covered="2"/><counter type="COMPLEXITY" missed="0" covered="1"/><counter type="METHOD" missed="0" covered="1"/></method><method name="equals" desc="(Lcom/irurueta/algebra/Matrix;)Z" line="641"><counter type="INSTRUCTION" missed="0" covered="5"/><counter type="LINE" missed="0" covered="1"/><counter type="COMPLEXITY" missed="0" covered="1"/><counter type="METHOD" missed="0" covered="1"/></method><method name="equals" desc="(Lcom/irurueta/algebra/Matrix;D)Z" line="655"><counter type="INSTRUCTION" missed="2" covered="46"/><counter type="BRANCH" missed="1" covered="9"/><counter type="LINE" missed="1" covered="10"/><counter type="COMPLEXITY" missed="1" covered="5"/><counter type="METHOD" missed="0" covered="1"/></method><method name="elementByElementProduct" desc="(Lcom/irurueta/algebra/Matrix;Lcom/irurueta/algebra/Matrix;)V" line="688"><counter type="INSTRUCTION" missed="35" covered="0"/><counter type="BRANCH" missed="8" covered="0"/><counter type="LINE" missed="6" covered="0"/><counter type="COMPLEXITY" missed="5" covered="0"/><counter type="METHOD" missed="1" covered="0"/></method><method name="elementByElementProductAndReturnNew" desc="(Lcom/irurueta/algebra/Matrix;)Lcom/irurueta/algebra/Matrix;" line="724"><counter type="INSTRUCTION" missed="0" covered="28"/><counter type="BRANCH" missed="1" covered="3"/><counter type="LINE" missed="0" covered="5"/><counter type="COMPLEXITY" missed="1" covered="2"/><counter type="METHOD" missed="0" covered="1"/></method><method name="elementByElementProduct" desc="(Lcom/irurueta/algebra/Matrix;)V" line="756"><counter type="INSTRUCTION" missed="0" covered="19"/><counter type="BRANCH" missed="1" covered="3"/><counter type="LINE" missed="0" covered="4"/><counter type="COMPLEXITY" missed="1" covered="2"/><counter type="METHOD" missed="0" covered="1"/></method><method name="transpose" desc="(Lcom/irurueta/algebra/Matrix;)V" line="770"><counter type="INSTRUCTION" missed="22" covered="0"/><counter type="BRANCH" missed="4" covered="0"/><counter type="LINE" missed="6" covered="0"/><counter type="COMPLEXITY" missed="3" covered="0"/><counter type="METHOD" missed="1" covered="0"/></method><method name="transposeAndReturnNew" desc="()Lcom/irurueta/algebra/Matrix;" line="789"><counter type="INSTRUCTION" missed="1" covered="16"/><counter type="LINE" missed="1" covered="5"/><counter type="COMPLEXITY" missed="0" covered="1"/><counter type="METHOD" missed="0" covered="1"/></method><method name="transpose" desc="()V" line="809"><counter type="INSTRUCTION" missed="0" covered="51"/><counter type="BRANCH" missed="0" covered="2"/><counter type="LINE" missed="0" covered="13"/><counter type="COMPLEXITY" missed="0" covered="2"/><counter type="METHOD" missed="0" covered="1"/></method><method name="initialize" desc="(D)V" line="835"><counter type="INSTRUCTION" missed="0" covered="5"/><counter type="LINE" missed="0" covered="2"/><counter type="COMPLEXITY" missed="0" covered="1"/><counter type="METHOD" missed="0" covered="1"/></method><method name="resize" desc="(II)V" line="847"><counter type="INSTRUCTION" missed="0" covered="5"/><counter type="LINE" missed="0" covered="2"/><counter type="COMPLEXITY" missed="0" covered="1"/><counter type="METHOD" missed="0" covered="1"/></method><method name="reset" desc="(IID)V" line="861"><counter type="INSTRUCTION" missed="0" covered="8"/><counter type="LINE" missed="0" covered="3"/><counter type="COMPLEXITY" missed="0" covered="1"/><counter type="METHOD" missed="0" covered="1"/></method><method name="toArray" desc="()[D" line="871"><counter type="INSTRUCTION" missed="0" covered="4"/><counter type="LINE" missed="0" covered="1"/><counter type="COMPLEXITY" missed="0" covered="1"/><counter type="METHOD" missed="0" covered="1"/></method><method name="toArray" desc="(Z)[D" line="883"><counter type="INSTRUCTION" missed="0" covered="51"/><counter type="BRANCH" missed="0" covered="6"/><counter type="LINE" missed="0" covered="11"/><counter type="COMPLEXITY" missed="0" covered="4"/><counter type="METHOD" missed="0" covered="1"/></method><method name="toArray" desc="([D)V" line="912"><counter type="INSTRUCTION" missed="0" covered="5"/><counter type="LINE" missed="0" covered="2"/><counter type="COMPLEXITY" missed="0" covered="1"/><counter type="METHOD" missed="0" covered="1"/></method><method name="toArray" desc="([DZ)V" line="927"><counter type="INSTRUCTION" missed="5" covered="52"/><counter type="BRANCH" missed="1" covered="7"/><counter type="LINE" missed="1" covered="10"/><counter type="COMPLEXITY" missed="1" covered="4"/><counter type="METHOD" missed="0" covered="1"/></method><method name="getBuffer" desc="()[D" line="953"><counter type="INSTRUCTION" missed="0" covered="3"/><counter type="LINE" missed="0" covered="1"/><counter type="COMPLEXITY" missed="0" covered="1"/><counter type="METHOD" missed="0" covered="1"/></method><method name="getSubmatrix" desc="(IIIILcom/irurueta/algebra/Matrix;)V" line="973"><counter type="INSTRUCTION" missed="5" covered="63"/><counter type="BRANCH" missed="11" covered="13"/><counter type="LINE" missed="2" covered="8"/><counter type="COMPLEXITY" missed="11" covered="2"/><counter type="METHOD" missed="0" covered="1"/></method><method name="getSubmatrix" desc="(IIII)Lcom/irurueta/algebra/Matrix;" line="1012"><counter type="INSTRUCTION" missed="6" covered="58"/><counter type="BRANCH" missed="4" covered="16"/><counter type="LINE" missed="2" covered="6"/><counter type="COMPLEXITY" missed="4" covered="7"/><counter type="METHOD" missed="0" covered="1"/></method><method name="getSubmatrixAsArray" desc="(IIII[D)V" line="1054"><counter type="INSTRUCTION" missed="8" covered="55"/><counter type="BRANCH" missed="11" covered="11"/><counter type="LINE" missed="2" covered="5"/><counter type="COMPLEXITY" missed="11" covered="1"/><counter type="METHOD" missed="0" covered="1"/></method><method name="getSubmatrixAsArray" desc="(IIIIZ[D)V" line="1096"><counter type="INSTRUCTION" missed="8" covered="55"/><counter type="BRANCH" missed="11" covered="11"/><counter type="LINE" missed="2" covered="5"/><counter type="COMPLEXITY" missed="11" covered="1"/><counter type="METHOD" missed="0" covered="1"/></method><method name="getSubmatrixAsArray" desc="(IIII)[D" line="1131"><counter type="INSTRUCTION" missed="0" covered="8"/><counter type="LINE" missed="0" covered="1"/><counter type="COMPLEXITY" missed="0" covered="1"/><counter type="METHOD" missed="0" covered="1"/></method><method name="getSubmatrixAsArray" desc="(IIIIZ)[D" line="1154"><counter type="INSTRUCTION" missed="0" covered="59"/><counter type="BRANCH" missed="4" covered="16"/><counter type="LINE" missed="0" covered="6"/><counter type="COMPLEXITY" missed="4" covered="7"/><counter type="METHOD" missed="0" covered="1"/></method><method name="setSubmatrix" desc="(IIIILcom/irurueta/algebra/Matrix;)V" line="1187"><counter type="INSTRUCTION" missed="0" covered="18"/><counter type="LINE" missed="0" covered="4"/><counter type="COMPLEXITY" missed="0" covered="1"/><counter type="METHOD" missed="0" covered="1"/></method><method name="setSubmatrix" desc="(IIIILcom/irurueta/algebra/Matrix;IIII)V" line="1220"><counter type="INSTRUCTION" missed="0" covered="144"/><counter type="BRANCH" missed="2" covered="46"/><counter type="LINE" missed="0" covered="20"/><counter type="COMPLEXITY" missed="2" covered="23"/><counter type="METHOD" missed="0" covered="1"/></method><method name="setSubmatrix" desc="(IIIID)V" line="1280"><counter type="INSTRUCTION" missed="0" covered="59"/><counter type="BRANCH" missed="0" covered="24"/><counter type="LINE" missed="0" covered="6"/><counter type="COMPLEXITY" missed="0" covered="13"/><counter type="METHOD" missed="0" covered="1"/></method><method name="setSubmatrix" desc="(IIII[D)V" line="1312"><counter type="INSTRUCTION" missed="0" covered="9"/><counter type="LINE" missed="0" covered="2"/><counter type="COMPLEXITY" missed="0" covered="1"/><counter type="METHOD" missed="0" covered="1"/></method><method name="setSubmatrix" desc="(IIII[DZ)V" line="1335"><counter type="INSTRUCTION" missed="0" covered="14"/><counter type="LINE" missed="0" covered="2"/><counter type="COMPLEXITY" missed="0" covered="1"/><counter type="METHOD" missed="0" covered="1"/></method><method name="setSubmatrix" desc="(IIII[DII)V" line="1361"><counter type="INSTRUCTION" missed="0" covered="11"/><counter type="LINE" missed="0" covered="2"/><counter type="COMPLEXITY" missed="0" covered="1"/><counter type="METHOD" missed="0" covered="1"/></method><method name="setSubmatrix" desc="(IIII[DIIZ)V" line="1393"><counter type="INSTRUCTION" missed="0" covered="145"/><counter type="BRANCH" missed="4" covered="38"/><counter type="LINE" missed="0" covered="23"/><counter type="COMPLEXITY" missed="4" covered="18"/><counter type="METHOD" missed="0" covered="1"/></method><method name="identity" desc="(Lcom/irurueta/algebra/Matrix;)V" line="1447"><counter type="INSTRUCTION" missed="0" covered="32"/><counter type="BRANCH" missed="0" covered="4"/><counter type="LINE" missed="0" covered="5"/><counter type="COMPLEXITY" missed="0" covered="3"/><counter type="METHOD" missed="0" covered="1"/></method><method name="identity" desc="(II)Lcom/irurueta/algebra/Matrix;" line="1467"><counter type="INSTRUCTION" missed="0" covered="10"/><counter type="LINE" missed="0" covered="3"/><counter type="COMPLEXITY" missed="0" covered="1"/><counter type="METHOD" missed="0" covered="1"/></method><method name="fillWithUniformRandomValues" desc="(DDLjava/util/Random;Lcom/irurueta/algebra/Matrix;)V" line="1485"><counter type="INSTRUCTION" missed="0" covered="27"/><counter type="BRANCH" missed="0" covered="2"/><counter type="LINE" missed="0" covered="5"/><counter type="COMPLEXITY" missed="0" covered="2"/><counter type="METHOD" missed="0" covered="1"/></method><method name="fillWithUniformRandomValues" desc="(DDLcom/irurueta/algebra/Matrix;)V" line="1505"><counter type="INSTRUCTION" missed="8" covered="0"/><counter type="LINE" missed="2" covered="0"/><counter type="COMPLEXITY" missed="1" covered="0"/><counter type="METHOD" missed="1" covered="0"/></method><method name="createWithUniformRandomValues" desc="(IIDD)Lcom/irurueta/algebra/Matrix;" line="1523"><counter type="INSTRUCTION" missed="0" covered="9"/><counter type="LINE" missed="0" covered="1"/><counter type="COMPLEXITY" missed="0" covered="1"/><counter type="METHOD" missed="0" covered="1"/></method><method name="createWithUniformRandomValues" desc="(IIDDLjava/util/Random;)Lcom/irurueta/algebra/Matrix;" line="1546"><counter type="INSTRUCTION" missed="0" covered="13"/><counter type="LINE" missed="0" covered="3"/><counter type="COMPLEXITY" missed="0" covered="1"/><counter type="METHOD" missed="0" covered="1"/></method><method name="fillWithGaussianRandomValues" desc="(DDLjava/util/Random;Lcom/irurueta/algebra/Matrix;)V" line="1565"><counter type="INSTRUCTION" missed="0" covered="27"/><counter type="BRANCH" missed="0" covered="2"/><counter type="LINE" missed="0" covered="5"/><counter type="COMPLEXITY" missed="0" covered="2"/><counter type="METHOD" missed="0" covered="1"/></method><method name="fillWithGaussianRandomValues" desc="(DDLcom/irurueta/algebra/Matrix;)V" line="1587"><counter type="INSTRUCTION" missed="8" covered="0"/><counter type="LINE" missed="2" covered="0"/><counter type="COMPLEXITY" missed="1" covered="0"/><counter type="METHOD" missed="1" covered="0"/></method><method name="createWithGaussianRandomValues" desc="(IIDD)Lcom/irurueta/algebra/Matrix;" line="1609"><counter type="INSTRUCTION" missed="0" covered="9"/><counter type="LINE" missed="0" covered="1"/><counter type="COMPLEXITY" missed="0" covered="1"/><counter type="METHOD" missed="0" covered="1"/></method><method name="createWithGaussianRandomValues" desc="(IIDDLjava/util/Random;)Lcom/irurueta/algebra/Matrix;" line="1633"><counter type="INSTRUCTION" missed="0" covered="13"/><counter type="LINE" missed="0" covered="3"/><counter type="COMPLEXITY" missed="0" covered="1"/><counter type="METHOD" missed="0" covered="1"/></method><method name="diagonal" desc="([DLcom/irurueta/algebra/Matrix;)V" line="1649"><counter type="INSTRUCTION" missed="0" covered="24"/><counter type="BRANCH" missed="0" covered="2"/><counter type="LINE" missed="0" covered="4"/><counter type="COMPLEXITY" missed="0" covered="2"/><counter type="METHOD" missed="0" covered="1"/></method><method name="diagonal" desc="([D)Lcom/irurueta/algebra/Matrix;" line="1667"><counter type="INSTRUCTION" missed="1" covered="16"/><counter type="LINE" missed="1" covered="5"/><counter type="COMPLEXITY" missed="0" covered="1"/><counter type="METHOD" missed="0" covered="1"/></method><method name="newFromArray" desc="([D)Lcom/irurueta/algebra/Matrix;" line="1684"><counter type="INSTRUCTION" missed="0" covered="4"/><counter type="LINE" missed="0" covered="1"/><counter type="COMPLEXITY" missed="0" covered="1"/><counter type="METHOD" missed="0" covered="1"/></method><method name="newFromArray" desc="([DZ)Lcom/irurueta/algebra/Matrix;" line="1694"><counter type="INSTRUCTION" missed="1" covered="42"/><counter type="BRANCH" missed="0" covered="2"/><counter type="LINE" missed="1" covered="8"/><counter type="COMPLEXITY" missed="0" covered="2"/><counter type="METHOD" missed="0" covered="1"/></method><method name="fromArray" desc="([D)V" line="1716"><counter type="INSTRUCTION" missed="0" covered="5"/><counter type="LINE" missed="0" covered="2"/><counter type="COMPLEXITY" missed="0" covered="1"/><counter type="METHOD" missed="0" covered="1"/></method><method name="fromArray" desc="([DZ)V" line="1728"><counter type="INSTRUCTION" missed="0" covered="54"/><counter type="BRANCH" missed="0" covered="8"/><counter type="LINE" missed="0" covered="10"/><counter type="COMPLEXITY" missed="0" covered="5"/><counter type="METHOD" missed="0" covered="1"/></method><method name="symmetrize" desc="(Lcom/irurueta/algebra/Matrix;)V" line="1757"><counter type="INSTRUCTION" missed="0" covered="82"/><counter type="BRANCH" missed="1" covered="9"/><counter type="LINE" missed="0" covered="14"/><counter type="COMPLEXITY" missed="1" covered="5"/><counter type="METHOD" missed="0" covered="1"/></method><method name="symmetrizeAndReturnNew" desc="()Lcom/irurueta/algebra/Matrix;" line="1796"><counter type="INSTRUCTION" missed="0" covered="13"/><counter type="LINE" missed="0" covered="3"/><counter type="COMPLEXITY" missed="0" covered="1"/><counter type="METHOD" missed="0" covered="1"/></method><method name="symmetrize" desc="()V" line="1808"><counter type="INSTRUCTION" missed="0" covered="4"/><counter type="LINE" missed="0" covered="2"/><counter type="COMPLEXITY" missed="0" covered="1"/><counter type="METHOD" missed="0" covered="1"/></method><method name="internalAdd" desc="(Lcom/irurueta/algebra/Matrix;Lcom/irurueta/algebra/Matrix;)V" line="1817"><counter type="INSTRUCTION" missed="0" covered="27"/><counter type="BRANCH" missed="0" covered="2"/><counter type="LINE" missed="0" covered="4"/><counter type="COMPLEXITY" missed="0" covered="2"/><counter type="METHOD" missed="0" covered="1"/></method><method name="internalSubtract" desc="(Lcom/irurueta/algebra/Matrix;Lcom/irurueta/algebra/Matrix;)V" line="1829"><counter type="INSTRUCTION" missed="0" covered="27"/><counter type="BRANCH" missed="0" covered="2"/><counter type="LINE" missed="0" covered="4"/><counter type="COMPLEXITY" missed="0" covered="2"/><counter type="METHOD" missed="0" covered="1"/></method><method name="internalMultiply" desc="(Lcom/irurueta/algebra/Matrix;[D[I)V" line="1844"><counter type="INSTRUCTION" missed="0" covered="59"/><counter type="BRANCH" missed="0" covered="6"/><counter type="LINE" missed="0" covered="8"/><counter type="COMPLEXITY" missed="0" covered="4"/><counter type="METHOD" missed="0" covered="1"/></method><method name="internalMultiply" desc="(Lcom/irurueta/algebra/Matrix;Lcom/irurueta/algebra/Matrix;)V" line="1864"><counter type="INSTRUCTION" missed="0" covered="8"/><counter type="LINE" missed="0" covered="2"/><counter type="COMPLEXITY" missed="0" covered="1"/><counter type="METHOD" missed="0" covered="1"/></method><method name="internalMultiplyKronecker" desc="(Lcom/irurueta/algebra/Matrix;[D[I)V" line="1876"><counter type="INSTRUCTION" missed="0" covered="87"/><counter type="BRANCH" missed="0" covered="8"/><counter type="LINE" missed="0" covered="15"/><counter type="COMPLEXITY" missed="0" covered="5"/><counter type="METHOD" missed="0" covered="1"/></method><method name="internalMultiplyKronecker" desc="(Lcom/irurueta/algebra/Matrix;Lcom/irurueta/algebra/Matrix;)V" line="1906"><counter type="INSTRUCTION" missed="0" covered="8"/><counter type="LINE" missed="0" covered="2"/><counter type="COMPLEXITY" missed="0" covered="1"/><counter type="METHOD" missed="0" covered="1"/></method><method name="internalElementByElementProduct" desc="(Lcom/irurueta/algebra/Matrix;Lcom/irurueta/algebra/Matrix;)V" line="1915"><counter type="INSTRUCTION" missed="0" covered="27"/><counter type="BRANCH" missed="0" covered="2"/><counter type="LINE" missed="0" covered="4"/><counter type="COMPLEXITY" missed="0" covered="2"/><counter type="METHOD" missed="0" covered="1"/></method><method name="internalTranspose" desc="([D[I)V" line="1929"><counter type="INSTRUCTION" missed="0" covered="33"/><counter type="BRANCH" missed="0" covered="4"/><counter type="LINE" missed="0" covered="4"/><counter type="COMPLEXITY" missed="0" covered="3"/><counter type="METHOD" missed="0" covered="1"/></method><method name="internalTranspose" desc="(Lcom/irurueta/algebra/Matrix;)V" line="1942"><counter type="INSTRUCTION" missed="0" covered="7"/><counter type="LINE" missed="0" covered="2"/><counter type="COMPLEXITY" missed="0" covered="1"/><counter type="METHOD" missed="0" covered="1"/></method><method name="internalResize" desc="(II)V" line="1955"><counter type="INSTRUCTION" missed="0" covered="43"/><counter type="BRANCH" missed="0" covered="6"/><counter type="LINE" missed="0" covered="11"/><counter type="COMPLEXITY" missed="0" covered="4"/><counter type="METHOD" missed="0" covered="1"/></method><method name="internalGetSubmatrix" desc="(IIIILcom/irurueta/algebra/Matrix;)V" line="1987"><counter type="INSTRUCTION" missed="0" covered="41"/><counter type="BRANCH" missed="0" covered="4"/><counter type="LINE" missed="0" covered="9"/><counter type="COMPLEXITY" missed="0" covered="3"/><counter type="METHOD" missed="0" covered="1"/></method><method name="internalGetSubmatrixAsArray" desc="(IIIIZ[D)V" line="2019"><counter type="INSTRUCTION" missed="0" covered="60"/><counter type="BRANCH" missed="0" covered="10"/><counter type="LINE" missed="0" covered="11"/><counter type="COMPLEXITY" missed="0" covered="6"/><counter type="METHOD" missed="0" covered="1"/></method><counter type="INSTRUCTION" missed="207" covered="2394"/><counter type="BRANCH" missed="94" covered="318"/><counter type="LINE" missed="50" covered="439"/><counter type="COMPLEXITY" missed="85" covered="212"/><counter type="METHOD" missed="6" covered="85"/><counter type="CLASS" missed="0" covered="1"/></class><class name="com/irurueta/algebra/NormType" sourcefilename="NormType.java"><method name="&lt;clinit&gt;" desc="()V" line="22"><counter type="INSTRUCTION" missed="0" covered="34"/><counter type="LINE" missed="0" covered="4"/><counter type="COMPLEXITY" missed="0" covered="1"/><counter type="METHOD" missed="0" covered="1"/></method><counter type="INSTRUCTION" missed="0" covered="34"/><counter type="LINE" missed="0" covered="4"/><counter type="COMPLEXITY" missed="0" covered="1"/><counter type="METHOD" missed="0" covered="1"/><counter type="CLASS" missed="0" covered="1"/></class><class name="com/irurueta/algebra/NoConvergenceException" sourcefilename="NoConvergenceException.java"><method name="&lt;init&gt;" desc="()V" line="28"><counter type="INSTRUCTION" missed="0" covered="3"/><counter type="LINE" missed="0" covered="2"/><counter type="COMPLEXITY" missed="0" covered="1"/><counter type="METHOD" missed="0" covered="1"/></method><method name="&lt;init&gt;" desc="(Ljava/lang/String;)V" line="36"><counter type="INSTRUCTION" missed="0" covered="4"/><counter type="LINE" missed="0" covered="2"/><counter type="COMPLEXITY" missed="0" covered="1"/><counter type="METHOD" missed="0" covered="1"/></method><method name="&lt;init&gt;" desc="(Ljava/lang/String;Ljava/lang/Throwable;)V" line="45"><counter type="INSTRUCTION" missed="0" covered="5"/><counter type="LINE" missed="0" covered="2"/><counter type="COMPLEXITY" missed="0" covered="1"/><counter type="METHOD" missed="0" covered="1"/></method><method name="&lt;init&gt;" desc="(Ljava/lang/Throwable;)V" line="53"><counter type="INSTRUCTION" missed="0" covered="4"/><counter type="LINE" missed="0" covered="2"/><counter type="COMPLEXITY" missed="0" covered="1"/><counter type="METHOD" missed="0" covered="1"/></method><counter type="INSTRUCTION" missed="0" covered="16"/><counter type="LINE" missed="0" covered="8"/><counter type="COMPLEXITY" missed="0" covered="4"/><counter type="METHOD" missed="0" covered="4"/><counter type="CLASS" missed="0" covered="1"/></class><class name="com/irurueta/algebra/Complex" sourcefilename="Complex.java"><method name="&lt;init&gt;" desc="()V" line="39"><counter type="INSTRUCTION" missed="0" covered="9"/><counter type="LINE" missed="0" covered="3"/><counter type="COMPLEXITY" missed="0" covered="1"/><counter type="METHOD" missed="0" covered="1"/></method><method name="&lt;init&gt;" desc="(D)V" line="48"><counter type="INSTRUCTION" missed="0" covered="9"/><counter type="LINE" missed="0" covered="4"/><counter type="COMPLEXITY" missed="0" covered="1"/><counter type="METHOD" missed="0" covered="1"/></method><method name="&lt;init&gt;" desc="(DD)V" line="58"><counter type="INSTRUCTION" missed="0" covered="9"/><counter type="LINE" missed="0" covered="4"/><counter type="COMPLEXITY" missed="0" covered="1"/><counter type="METHOD" missed="0" covered="1"/></method><method name="&lt;init&gt;" desc="(Lcom/irurueta/algebra/Complex;)V" line="67"><counter type="INSTRUCTION" missed="0" covered="11"/><counter type="LINE" missed="0" covered="4"/><counter type="COMPLEXITY" missed="0" covered="1"/><counter type="METHOD" missed="0" covered="1"/></method><method name="getReal" desc="()D" line="77"><counter type="INSTRUCTION" missed="0" covered="3"/><counter type="LINE" missed="0" covered="1"/><counter type="COMPLEXITY" missed="0" covered="1"/><counter type="METHOD" missed="0" covered="1"/></method><method name="setReal" desc="(D)V" line="85"><counter type="INSTRUCTION" missed="0" covered="4"/><counter type="LINE" missed="0" covered="2"/><counter type="COMPLEXITY" missed="0" covered="1"/><counter type="METHOD" missed="0" covered="1"/></method><method name="getImaginary" desc="()D" line="93"><counter type="INSTRUCTION" missed="0" covered="3"/><counter type="LINE" missed="0" covered="1"/><counter type="COMPLEXITY" missed="0" covered="1"/><counter type="METHOD" missed="0" covered="1"/></method><method name="setImaginary" desc="(D)V" line="101"><counter type="INSTRUCTION" missed="0" covered="4"/><counter type="LINE" missed="0" covered="2"/><counter type="COMPLEXITY" missed="0" covered="1"/><counter type="METHOD" missed="0" covered="1"/></method><method name="setRealAndImaginary" desc="(DD)V" line="110"><counter type="INSTRUCTION" missed="0" covered="7"/><counter type="LINE" missed="0" covered="3"/><counter type="COMPLEXITY" missed="0" covered="1"/><counter type="METHOD" missed="0" covered="1"/></method><method name="getModulus" desc="()D" line="120"><counter type="INSTRUCTION" missed="0" covered="13"/><counter type="LINE" missed="0" covered="1"/><counter type="COMPLEXITY" missed="0" covered="1"/><counter type="METHOD" missed="0" covered="1"/></method><method name="getPhase" desc="()D" line="130"><counter type="INSTRUCTION" missed="0" covered="6"/><counter type="LINE" missed="0" covered="1"/><counter type="COMPLEXITY" missed="0" covered="1"/><counter type="METHOD" missed="0" covered="1"/></method><method name="setModulusAndPhase" desc="(DD)V" line="139"><counter type="INSTRUCTION" missed="0" covered="13"/><counter type="LINE" missed="0" covered="3"/><counter type="COMPLEXITY" missed="0" covered="1"/><counter type="METHOD" missed="0" covered="1"/></method><method name="conjugate" desc="(Lcom/irurueta/algebra/Complex;)V" line="151"><counter type="INSTRUCTION" missed="0" covered="10"/><counter type="LINE" missed="0" covered="3"/><counter type="COMPLEXITY" missed="0" covered="1"/><counter type="METHOD" missed="0" covered="1"/></method><method name="conjugateAndReturnNew" desc="()Lcom/irurueta/algebra/Complex;" line="161"><counter type="INSTRUCTION" missed="0" covered="9"/><counter type="LINE" missed="0" covered="3"/><counter type="COMPLEXITY" missed="0" covered="1"/><counter type="METHOD" missed="0" covered="1"/></method><method name="conjugate" desc="()V" line="170"><counter type="INSTRUCTION" missed="0" covered="4"/><counter type="LINE" missed="0" covered="2"/><counter type="COMPLEXITY" missed="0" covered="1"/><counter type="METHOD" missed="0" covered="1"/></method><method name="add" desc="(Lcom/irurueta/algebra/Complex;Lcom/irurueta/algebra/Complex;)V" line="180"><counter type="INSTRUCTION" missed="0" covered="15"/><counter type="LINE" missed="0" covered="3"/><counter type="COMPLEXITY" missed="0" covered="1"/><counter type="METHOD" missed="0" covered="1"/></method><method name="addAndReturnNew" desc="(Lcom/irurueta/algebra/Complex;)Lcom/irurueta/algebra/Complex;" line="191"><counter type="INSTRUCTION" missed="0" covered="10"/><counter type="LINE" missed="0" covered="3"/><counter type="COMPLEXITY" missed="0" covered="1"/><counter type="METHOD" missed="0" covered="1"/></method><method name="add" desc="(Lcom/irurueta/algebra/Complex;)V" line="201"><counter type="INSTRUCTION" missed="0" covered="5"/><counter type="LINE" missed="0" covered="2"/><counter type="COMPLEXITY" missed="0" covered="1"/><counter type="METHOD" missed="0" covered="1"/></method><method name="subtract" desc="(Lcom/irurueta/algebra/Complex;Lcom/irurueta/algebra/Complex;)V" line="211"><counter type="INSTRUCTION" missed="0" covered="15"/><counter type="LINE" missed="0" covered="3"/><counter type="COMPLEXITY" missed="0" covered="1"/><counter type="METHOD" missed="0" covered="1"/></method><method name="subtractAndReturnNew" desc="(Lcom/irurueta/algebra/Complex;)Lcom/irurueta/algebra/Complex;" line="222"><counter type="INSTRUCTION" missed="0" covered="10"/><counter type="LINE" missed="0" covered="3"/><counter type="COMPLEXITY" missed="0" covered="1"/><counter type="METHOD" missed="0" covered="1"/></method><method name="subtract" desc="(Lcom/irurueta/algebra/Complex;)V" line="232"><counter type="INSTRUCTION" missed="0" covered="5"/><counter type="LINE" missed="0" covered="2"/><counter type="COMPLEXITY" missed="0" covered="1"/><counter type="METHOD" missed="0" covered="1"/></method><method name="multiply" desc="(Lcom/irurueta/algebra/Complex;Lcom/irurueta/algebra/Complex;)V" line="242"><counter type="INSTRUCTION" missed="0" covered="31"/><counter type="LINE" missed="0" covered="5"/><counter type="COMPLEXITY" missed="0" covered="1"/><counter type="METHOD" missed="0" covered="1"/></method><method name="multiplyAndReturnNew" desc="(Lcom/irurueta/algebra/Complex;)Lcom/irurueta/algebra/Complex;" line="257"><counter type="INSTRUCTION" missed="0" covered="10"/><counter type="LINE" missed="0" covered="3"/><counter type="COMPLEXITY" missed="0" covered="1"/><counter type="METHOD" missed="0" covered="1"/></method><method name="multiply" desc="(Lcom/irurueta/algebra/Complex;)V" line="267"><counter type="INSTRUCTION" missed="0" covered="5"/><counter type="LINE" missed="0" covered="2"/><counter type="COMPLEXITY" missed="0" covered="1"/><counter type="METHOD" missed="0" covered="1"/></method><method name="divide" desc="(Lcom/irurueta/algebra/Complex;Lcom/irurueta/algebra/Complex;)V" line="277"><counter type="INSTRUCTION" missed="0" covered="55"/><counter type="LINE" missed="0" covered="5"/><counter type="COMPLEXITY" missed="0" covered="1"/><counter type="METHOD" missed="0" covered="1"/></method><method name="divideAndReturnNew" desc="(Lcom/irurueta/algebra/Complex;)Lcom/irurueta/algebra/Complex;" line="296"><counter type="INSTRUCTION" missed="0" covered="10"/><counter type="LINE" missed="0" covered="3"/><counter type="COMPLEXITY" missed="0" covered="1"/><counter type="METHOD" missed="0" covered="1"/></method><method name="divide" desc="(Lcom/irurueta/algebra/Complex;)V" line="306"><counter type="INSTRUCTION" missed="0" covered="5"/><counter type="LINE" missed="0" covered="2"/><counter type="COMPLEXITY" missed="0" covered="1"/><counter type="METHOD" missed="0" covered="1"/></method><method name="multiplyByScalar" desc="(DLcom/irurueta/algebra/Complex;)V" line="317"><counter type="INSTRUCTION" missed="0" covered="13"/><counter type="LINE" missed="0" covered="3"/><counter type="COMPLEXITY" missed="0" covered="1"/><counter type="METHOD" missed="0" covered="1"/></method><method name="multiplyByScalarAndReturnNew" desc="(D)Lcom/irurueta/algebra/Complex;" line="329"><counter type="INSTRUCTION" missed="0" covered="10"/><counter type="LINE" missed="0" covered="3"/><counter type="COMPLEXITY" missed="0" covered="1"/><counter type="METHOD" missed="0" covered="1"/></method><method name="multiplyByScalar" desc="(D)V" line="339"><counter type="INSTRUCTION" missed="0" covered="5"/><counter type="LINE" missed="0" covered="2"/><counter type="COMPLEXITY" missed="0" covered="1"/><counter type="METHOD" missed="0" covered="1"/></method><method name="pow" desc="(DLcom/irurueta/algebra/Complex;)V" line="349"><counter type="INSTRUCTION" missed="0" covered="11"/><counter type="LINE" missed="0" covered="3"/><counter type="COMPLEXITY" missed="0" covered="1"/><counter type="METHOD" missed="0" covered="1"/></method><method name="powAndReturnNew" desc="(D)Lcom/irurueta/algebra/Complex;" line="360"><counter type="INSTRUCTION" missed="0" covered="10"/><counter type="LINE" missed="0" covered="3"/><counter type="COMPLEXITY" missed="0" covered="1"/><counter type="METHOD" missed="0" covered="1"/></method><method name="pow" desc="(D)V" line="370"><counter type="INSTRUCTION" missed="0" covered="5"/><counter type="LINE" missed="0" covered="2"/><counter type="COMPLEXITY" missed="0" covered="1"/><counter type="METHOD" missed="0" covered="1"/></method><method name="sqrt" desc="(Lcom/irurueta/algebra/Complex;)V" line="379"><counter type="INSTRUCTION" missed="0" covered="5"/><counter type="LINE" missed="0" covered="2"/><counter type="COMPLEXITY" missed="0" covered="1"/><counter type="METHOD" missed="0" covered="1"/></method><method name="sqrtAndReturnNew" desc="()Lcom/irurueta/algebra/Complex;" line="388"><counter type="INSTRUCTION" missed="0" covered="9"/><counter type="LINE" missed="0" covered="3"/><counter type="COMPLEXITY" missed="0" covered="1"/><counter type="METHOD" missed="0" covered="1"/></method><method name="sqrt" desc="()V" line="397"><counter type="INSTRUCTION" missed="0" covered="4"/><counter type="LINE" missed="0" covered="2"/><counter type="COMPLEXITY" missed="0" covered="1"/><counter type="METHOD" missed="0" covered="1"/></method><method name="equals" desc="(Ljava/lang/Object;)Z" line="409"><counter type="INSTRUCTION" missed="2" covered="20"/><counter type="BRANCH" missed="1" covered="5"/><counter type="LINE" missed="0" covered="5"/><counter type="COMPLEXITY" missed="1" covered="3"/><counter type="METHOD" missed="0" covered="1"/></method><method name="hashCode" desc="()I" line="423"><counter type="INSTRUCTION" missed="34" covered="0"/><counter type="LINE" missed="4" covered="0"/><counter type="COMPLEXITY" missed="1" covered="0"/><counter type="METHOD" missed="1" covered="0"/></method><method name="equals" desc="(Lcom/irurueta/algebra/Complex;D)Z" line="440"><counter type="INSTRUCTION" missed="1" covered="23"/><counter type="BRANCH" missed="1" covered="3"/><counter type="LINE" missed="0" covered="3"/><counter type="COMPLEXITY" missed="1" covered="2"/><counter type="METHOD" missed="0" covered="1"/></method><method name="clone" desc="()Lcom/irurueta/algebra/Complex;" line="452"><counter type="INSTRUCTION" missed="0" covered="8"/><counter type="LINE" missed="0" covered="1"/><counter type="COMPLEXITY" missed="0" covered="1"/><counter type="METHOD" missed="0" covered="1"/></method><method name="copyFrom" desc="(Lcom/irurueta/algebra/Complex;)V" line="460"><counter type="INSTRUCTION" missed="0" covered="9"/><counter type="LINE" missed="0" covered="3"/><counter type="COMPLEXITY" missed="0" covered="1"/><counter type="METHOD" missed="0" covered="1"/></method><counter type="INSTRUCTION" missed="37" covered="422"/><counter type="BRANCH" missed="2" covered="8"/><counter type="LINE" missed="4" covered="108"/><counter type="COMPLEXITY" missed="3" covered="43"/><counter type="METHOD" missed="1" covered="40"/><counter type="CLASS" missed="0" covered="1"/></class><class name="com/irurueta/algebra/CholeskyDecomposer" sourcefilename="CholeskyDecomposer.java"><method name="&lt;init&gt;" desc="()V" line="44"><counter type="INSTRUCTION" missed="0" covered="9"/><counter type="LINE" missed="0" covered="4"/><counter type="COMPLEXITY" missed="0" covered="1"/><counter type="METHOD" missed="0" covered="1"/></method><method name="&lt;init&gt;" desc="(Lcom/irurueta/algebra/Matrix;)V" line="54"><counter type="INSTRUCTION" missed="0" covered="10"/><counter type="LINE" missed="0" covered="4"/><counter type="COMPLEXITY" missed="0" covered="1"/><counter type="METHOD" missed="0" covered="1"/></method><method name="getDecomposerType" desc="()Lcom/irurueta/algebra/DecomposerType;" line="65"><counter type="INSTRUCTION" missed="0" covered="2"/><counter type="LINE" missed="0" covered="1"/><counter type="COMPLEXITY" missed="0" covered="1"/><counter type="METHOD" missed="0" covered="1"/></method><method name="setInputMatrix" desc="(Lcom/irurueta/algebra/Matrix;)V" line="76"><counter type="INSTRUCTION" missed="0" covered="10"/><counter type="LINE" missed="0" covered="4"/><counter type="COMPLEXITY" missed="0" covered="1"/><counter type="METHOD" missed="0" covered="1"/></method><method name="isDecompositionAvailable" desc="()Z" line="92"><counter type="INSTRUCTION" missed="0" covered="7"/><counter type="BRANCH" missed="0" covered="2"/><counter type="LINE" missed="0" covered="1"/><counter type="COMPLEXITY" missed="0" covered="2"/><counter type="METHOD" missed="0" covered="1"/></method><method name="decompose" desc="()V" line="129"><counter type="INSTRUCTION" missed="10" covered="168"/><counter type="BRANCH" missed="1" covered="19"/><counter type="LINE" missed="3" covered="32"/><counter type="COMPLEXITY" missed="1" covered="10"/><counter type="METHOD" missed="0" covered="1"/></method><method name="getL" desc="()Lcom/irurueta/algebra/Matrix;" line="199"><counter type="INSTRUCTION" missed="0" covered="11"/><counter type="BRANCH" missed="0" covered="2"/><counter type="LINE" missed="0" covered="3"/><counter type="COMPLEXITY" missed="0" covered="2"/><counter type="METHOD" missed="0" covered="1"/></method><method name="getR" desc="()Lcom/irurueta/algebra/Matrix;" line="218"><counter type="INSTRUCTION" missed="0" covered="10"/><counter type="BRANCH" missed="0" covered="2"/><counter type="LINE" missed="0" covered="3"/><counter type="COMPLEXITY" missed="0" covered="2"/><counter type="METHOD" missed="0" covered="1"/></method><method name="isSPD" desc="()Z" line="239"><counter type="INSTRUCTION" missed="0" covered="10"/><counter type="BRANCH" missed="0" covered="2"/><counter type="LINE" missed="0" covered="3"/><counter type="COMPLEXITY" missed="0" covered="2"/><counter type="METHOD" missed="0" covered="1"/></method><method name="solve" desc="(Lcom/irurueta/algebra/Matrix;Lcom/irurueta/algebra/Matrix;)V" line="277"><counter type="INSTRUCTION" missed="4" covered="159"/><counter type="BRANCH" missed="2" covered="20"/><counter type="LINE" missed="1" covered="29"/><counter type="COMPLEXITY" missed="2" covered="10"/><counter type="METHOD" missed="0" covered="1"/></method><method name="solve" desc="(Lcom/irurueta/algebra/Matrix;)Lcom/irurueta/algebra/Matrix;" line="360"><counter type="INSTRUCTION" missed="0" covered="19"/><counter type="LINE" missed="0" covered="5"/><counter type="COMPLEXITY" missed="0" covered="1"/><counter type="METHOD" missed="0" covered="1"/></method><counter type="INSTRUCTION" missed="14" covered="415"/><counter type="BRANCH" missed="3" covered="47"/><counter type="LINE" missed="4" covered="89"/><counter type="COMPLEXITY" missed="3" covered="33"/><counter type="METHOD" missed="0" covered="11"/><counter type="CLASS" missed="0" covered="1"/></class><class name="com/irurueta/algebra/OneNormComputer" sourcefilename="OneNormComputer.java"><method name="&lt;init&gt;" desc="()V" line="31"><counter type="INSTRUCTION" missed="0" covered="3"/><counter type="LINE" missed="0" covered="2"/><counter type="COMPLEXITY" missed="0" covered="1"/><counter type="METHOD" missed="0" covered="1"/></method><method name="getNormType" desc="()Lcom/irurueta/algebra/NormType;" line="40"><counter type="INSTRUCTION" missed="0" covered="2"/><counter type="LINE" missed="0" covered="1"/><counter type="COMPLEXITY" missed="0" covered="1"/><counter type="METHOD" missed="0" covered="1"/></method><method name="norm" desc="(Lcom/irurueta/algebra/Matrix;)D" line="49"><counter type="INSTRUCTION" missed="0" covered="42"/><counter type="BRANCH" missed="0" covered="6"/><counter type="LINE" missed="0" covered="9"/><counter type="COMPLEXITY" missed="0" covered="4"/><counter type="METHOD" missed="0" covered="1"/></method><method name="getNorm" desc="(Lcom/irurueta/algebra/Matrix;)D" line="73"><counter type="INSTRUCTION" missed="0" covered="3"/><counter type="LINE" missed="0" covered="1"/><counter type="COMPLEXITY" missed="0" covered="1"/><counter type="METHOD" missed="0" covered="1"/></method><method name="norm" desc="([D)D" line="82"><counter type="INSTRUCTION" missed="0" covered="25"/><counter type="BRANCH" missed="0" covered="2"/><counter type="LINE" missed="0" covered="4"/><counter type="COMPLEXITY" missed="0" covered="2"/><counter type="METHOD" missed="0" covered="1"/></method><method name="norm" desc="([DLcom/irurueta/algebra/Matrix;)D" line="103"><counter type="INSTRUCTION" missed="0" covered="39"/><counter type="BRANCH" missed="3" covered="7"/><counter type="LINE" missed="0" covered="10"/><counter type="COMPLEXITY" missed="3" covered="3"/><counter type="METHOD" missed="0" covered="1"/></method><method name="getNorm" desc="([D)D" line="130"><counter type="INSTRUCTION" missed="0" covered="3"/><counter type="LINE" missed="0" covered="1"/><counter type="COMPLEXITY" missed="0" covered="1"/><counter type="METHOD" missed="0" covered="1"/></method><counter type="INSTRUCTION" missed="0" covered="117"/><counter type="BRANCH" missed="3" covered="15"/><counter type="LINE" missed="0" covered="28"/><counter type="COMPLEXITY" missed="3" covered="13"/><counter type="METHOD" missed="0" covered="7"/><counter type="CLASS" missed="0" covered="1"/></class><class name="com/irurueta/algebra/FrobeniusNormComputer" sourcefilename="FrobeniusNormComputer.java"><method name="&lt;init&gt;" desc="()V" line="28"><counter type="INSTRUCTION" missed="0" covered="3"/><counter type="LINE" missed="0" covered="2"/><counter type="COMPLEXITY" missed="0" covered="1"/><counter type="METHOD" missed="0" covered="1"/></method><method name="getNormType" desc="()Lcom/irurueta/algebra/NormType;" line="37"><counter type="INSTRUCTION" missed="0" covered="2"/><counter type="LINE" missed="0" covered="1"/><counter type="COMPLEXITY" missed="0" covered="1"/><counter type="METHOD" missed="0" covered="1"/></method><method name="norm" desc="(Lcom/irurueta/algebra/Matrix;)D" line="46"><counter type="INSTRUCTION" missed="0" covered="32"/><counter type="BRANCH" missed="0" covered="2"/><counter type="LINE" missed="0" covered="8"/><counter type="COMPLEXITY" missed="0" covered="2"/><counter type="METHOD" missed="0" covered="1"/></method><method name="norm" desc="([DLcom/irurueta/algebra/Matrix;)D" line="71"><counter type="INSTRUCTION" missed="0" covered="30"/><counter type="BRANCH" missed="3" covered="5"/><counter type="LINE" missed="0" covered="8"/><counter t
[...]
="1"/><line nr="422" mi="4" ci="0" mb="0" cb="0"/><line nr="426" mi="0" ci="10" mb="2" cb="2"/><line nr="427" mi="6" ci="0" mb="0" cb="0"/><line nr="430" mi="0" ci="4" mb="0" cb="0"/><line nr="431" mi="0" ci="1" mb="0" cb="0"/><line nr="449" mi="0" ci="5" mb="0" cb="2"/><line nr="450" mi="0" ci="4" mb="0" cb="0"/><line nr="453" mi="0" ci="8" mb="0" cb="0"/><line nr="454" mi="0" ci="4" mb="0" cb="0"/><line nr="455" mi="0" ci="2" mb="0" cb="0"/><line nr="471" mi="0" ci="5" mb="0" cb="2"/><line nr="472" mi="0" ci="4" mb="0" cb="0"/><line nr="476" mi="0" ci="7" mb="0" cb="0"/><line nr="477" mi="0" ci="4" mb="0" cb="0"/><line nr="478" mi="0" ci="2" mb="0" cb="0"/><line nr="479" mi="0" ci="8" mb="0" cb="2"/><line nr="480" mi="0" ci="4" mb="0" cb="0"/><line nr="481" mi="0" ci="5" mb="0" cb="0"/><line nr="484" mi="0" ci="5" mb="0" cb="0"/><line nr="486" mi="0" ci="4" mb="0" cb="0"/><line nr="487" mi="0" ci="3" mb="0" cb="0"/><line nr="488" mi="0" ci="3" mb="0" cb="0"/><line nr="489" mi="0" ci="1" mb="0" cb="0"/><line nr="500" mi="0" ci="6" mb="0" cb="0"/><line nr="501" mi="0" ci="6" mb="0" cb="0"/><line nr="502" mi="4" ci="4" mb="3" cb="1"/><line nr="504" mi="0" ci="4" mb="0" cb="0"/><line nr="505" mi="1" ci="1" mb="0" cb="0"/><line nr="508" mi="0" ci="4" mb="0" cb="0"/><line nr="509" mi="0" ci="1" mb="0" cb="0"/><line nr="520" mi="0" ci="2" mb="0" cb="0"/><line nr="522" mi="0" ci="14" mb="0" cb="0"/><line nr="523" mi="0" ci="4" mb="0" cb="0"/><line nr="524" mi="1" ci="1" mb="0" cb="0"/><line nr="525" mi="0" ci="2" mb="0" cb="0"/><line nr="539" mi="0" ci="6" mb="0" cb="0"/><line nr="540" mi="0" ci="6" mb="0" cb="0"/><line nr="541" mi="0" ci="5" mb="0" cb="0"/><line nr="542" mi="0" ci="3" mb="0" cb="0"/><line nr="543" mi="0" ci="2" mb="0" cb="0"/><line nr="544" mi="0" ci="7" mb="0" cb="2"/><line nr="545" mi="0" ci="4" mb="0" cb="0"/><line nr="546" mi="0" ci="4" mb="0" cb="0"/><line nr="549" mi="0" ci="5" mb="0" cb="0"/><line nr="551" mi="0" ci="3" mb="0" cb="0"/><line nr="552" mi="0" ci="3" mb="0" cb="0"/><line nr="553" mi="0" ci="3" mb="0" cb="0"/><line nr="554" mi="0" ci="3" mb="0" cb="0"/><line nr="555" mi="0" ci="1" mb="0" cb="0"/><line nr="566" mi="0" ci="6" mb="0" cb="0"/><line nr="567" mi="0" ci="7" mb="0" cb="2"/><line nr="568" mi="0" ci="10" mb="0" cb="0"/><line nr="570" mi="0" ci="1" mb="0" cb="0"/><line nr="580" mi="0" ci="2" mb="0" cb="0"/><line nr="582" mi="0" ci="8" mb="0" cb="0"/><line nr="583" mi="0" ci="4" mb="0" cb="0"/><line nr="584" mi="1" ci="0" mb="0" cb="0"/><line nr="586" mi="0" ci="1" mb="0" cb="0"/><line nr="587" mi="0" ci="2" mb="0" cb="0"/><line nr="596" mi="0" ci="4" mb="0" cb="0"/><line nr="597" mi="0" ci="1" mb="0" cb="0"/><line nr="607" mi="0" ci="2" mb="1" cb="1"/><line nr="608" mi="2" ci="0" mb="0" cb="0"/><line nr="610" mi="0" ci="3" mb="0" cb="2"/><line nr="611" mi="0" ci="2" mb="0" cb="0"/><line nr="613" mi="0" ci="3" mb="0" cb="2"/><line nr="614" mi="0" ci="2" mb="0" cb="0"/><line nr="617" mi="0" ci="3" mb="0" cb="0"/><line nr="618" mi="0" ci="4" mb="0" cb="0"/><line nr="629" mi="0" ci="20" mb="0" cb="0"/><line nr="630" mi="0" ci="10" mb="0" cb="0"/><line nr="641" mi="0" ci="5" mb="0" cb="0"/><line nr="655" mi="0" ci="2" mb="0" cb="2"/><line nr="656" mi="0" ci="2" mb="0" cb="0"/><line nr="658" mi="0" ci="5" mb="0" cb="2"/><line nr="659" mi="0" ci="2" mb="0" cb="0"/><line nr="661" mi="0" ci="5" mb="1" cb="1"/><line nr="662" mi="2" ci="0" mb="0" cb="0"/><line nr="666" mi="0" ci="6" mb="0" cb="0"/><line nr="667" mi="0" ci="7" mb="0" cb="2"/><line nr="668" mi="0" ci="13" mb="0" cb="2"/><line nr="669" mi="0" ci="2" mb="0" cb="0"/><line nr="672" mi="0" ci="2" mb="0" cb="0"/><line nr="688" mi="10" ci="0" mb="4" cb="0"/><line nr="689" mi="4" ci="0" mb="0" cb="0"/><line nr="693" mi="10" ci="0" mb="4" cb="0"/><line nr="694" mi="6" ci="0" mb="0" cb="0"/><line nr="697" mi="4" ci="0" mb="0" cb="0"/><line nr="698" mi="1" ci="0" mb="0" cb="0"/><line nr="724" mi="0" ci="10" mb="1" cb="3"/><line nr="725" mi="0" ci="4" mb="0" cb="0"/><line nr="728" mi="0" ci="8" mb="0" cb="0"/><line nr="729" mi="0" ci="4" mb="0" cb="0"/><line nr="730" mi="0" ci="2" mb="0" cb="0"/><line nr="756" mi="0" ci="10" mb="1" cb="3"/><line nr="757" mi="0" ci="4" mb="0" cb="0"/><line nr="760" mi="0" ci="4" mb="0" cb="0"/><line nr="761" mi="0" ci="1" mb="0" cb="0"/><line nr="770" mi="10" ci="0" mb="4" cb="0"/><line nr="772" mi="6" ci="0" mb="0" cb="0"/><line nr="773" mi="1" ci="0" mb="0" cb="0"/><line nr="775" mi="1" ci="0" mb="0" cb="0"/><line nr="777" mi="3" ci="0" mb="0" cb="0"/><line nr="778" mi="1" ci="0" mb="0" cb="0"/><line nr="789" mi="0" ci="2" mb="0" cb="0"/><line nr="791" mi="0" ci="8" mb="0" cb="0"/><line nr="792" mi="0" ci="3" mb="0" cb="0"/><line nr="793" mi="1" ci="0" mb="0" cb="0"/><line nr="795" mi="0" ci="1" mb="0" cb="0"/><line nr="796" mi="0" ci="2" mb="0" cb="0"/><line nr="809" mi="0" ci="7" mb="0" cb="0"/><line nr="810" mi="0" ci="4" mb="0" cb="0"/><line nr="811" mi="0" ci="2" mb="0" cb="0"/><line nr="812" mi="0" ci="8" mb="0" cb="2"/><line nr="813" mi="0" ci="4" mb="0" cb="0"/><line nr="814" mi="0" ci="5" mb="0" cb="0"/><line nr="816" mi="0" ci="4" mb="0" cb="0"/><line nr="821" mi="0" ci="3" mb="0" cb="0"/><line nr="822" mi="0" ci="4" mb="0" cb="0"/><line nr="823" mi="0" ci="3" mb="0" cb="0"/><line nr="825" mi="0" ci="3" mb="0" cb="0"/><line nr="826" mi="0" ci="3" mb="0" cb="0"/><line nr="827" mi="0" ci="1" mb="0" cb="0"/><line nr="835" mi="0" ci="4" mb="0" cb="0"/><line nr="836" mi="0" ci="1" mb="0" cb="0"/><line nr="847" mi="0" ci="4" mb="0" cb="0"/><line nr="848" mi="0" ci="1" mb="0" cb="0"/><line nr="861" mi="0" ci="4" mb="0" cb="0"/><line nr="862" mi="0" ci="3" mb="0" cb="0"/><line nr="863" mi="0" ci="1" mb="0" cb="0"/><line nr="871" mi="0" ci="4" mb="0" cb="0"/><line nr="883" mi="0" ci="6" mb="0" cb="0"/><line nr="885" mi="0" ci="2" mb="0" cb="2"/><line nr="886" mi="0" ci="5" mb="0" cb="0"/><line nr="888" mi="0" ci="3" mb="0" cb="0"/><line nr="890" mi="0" ci="2" mb="0" cb="0"/><line nr="892" mi="0" ci="8" mb="0" cb="2"/><line nr="893" mi="0" ci="8" mb="0" cb="2"/><line nr="894" mi="0" ci="10" mb="0" cb="0"/><line nr="895" mi="0" ci="4" mb="0" cb="0"/><line nr="896" mi="0" ci="1" mb="0" cb="0"/><line nr="900" mi="0" ci="2" mb="0" cb="0"/><line nr="912" mi="0" ci="4" mb="0" cb="0"/><line nr="913" mi="0" ci="1" mb="0" cb="0"/><line nr="927" mi="0" ci="6" mb="1" cb="1"/><line nr="928" mi="5" ci="0" mb="0" cb="0"/><line nr="932" mi="0" ci="2" mb="0" cb="2"/><line nr="933" mi="0" ci="10" mb="0" cb="0"/><line nr="936" mi="0" ci="2" mb="0" cb="0"/><line nr="938" mi="0" ci="8" mb="0" cb="2"/><line nr="939" mi="0" ci="8" mb="0" cb="2"/><line nr="940" mi="0" ci="10" mb="0" cb="0"/><line nr="941" mi="0" ci="4" mb="0" cb="0"/><line nr="942" mi="0" ci="1" mb="0" cb="0"/><line nr="946" mi="0" ci="1" mb="0" cb="0"/><line nr="953" mi="0" ci="3" mb="0" cb="0"/><line nr="973" mi="0" ci="30" mb="10" cb="10"/><line nr="979" mi="4" ci="0" mb="0" cb="0"/><line nr="982" mi="0" ci="6" mb="0" cb="0"/><line nr="983" mi="0" ci="6" mb="0" cb="0"/><line nr="984" mi="0" ci="8" mb="1" cb="3"/><line nr="987" mi="0" ci="4" mb="0" cb="0"/><line nr="988" mi="1" ci="0" mb="0" cb="0"/><line nr="990" mi="0" ci="1" mb="0" cb="0"/><line nr="992" mi="0" ci="7" mb="0" cb="0"/><line nr="994" mi="0" ci="1" mb="0" cb="0"/><line nr="1012" mi="0" ci="30" mb="4" cb="16"/><line nr="1018" mi="0" ci="4" mb="0" cb="0"/><line nr="1023" mi="0" ci="14" mb="0" cb="0"/><line nr="1025" mi="1" ci="0" mb="0" cb="0"/><line nr="1026" mi="5" ci="0" mb="0" cb="0"/><line nr="1027" mi="0" ci="1" mb="0" cb="0"/><line nr="1028" mi="0" ci="7" mb="0" cb="0"/><line nr="1030" mi="0" ci="2" mb="0" cb="0"/><line nr="1054" mi="0" ci="30" mb="10" cb="10"/><line nr="1060" mi="4" ci="0" mb="0" cb="0"/><line nr="1063" mi="0" ci="12" mb="0" cb="0"/><line nr="1065" mi="0" ci="4" mb="1" cb="1"/><line nr="1066" mi="4" ci="0" mb="0" cb="0"/><line nr="1069" mi="0" ci="8" mb="0" cb="0"/><line nr="1071" mi="0" ci="1" mb="0" cb="0"/><line nr="1096" mi="0" ci="30" mb="10" cb="10"/><line nr="1102" mi="4" ci="0" mb="0" cb="0"/><line nr="1105" mi="0" ci="12" mb="0" cb="0"/><line nr="1107" mi="0" ci="4" mb="1" cb="1"/><line nr="1108" mi="4" ci="0" mb="0" cb="0"/><line nr="1111" mi="0" ci="8" mb="0" cb="0"/><line nr="1113" mi="0" ci="1" mb="0" cb="0"/><line nr="1131" mi="0" ci="8" mb="0" cb="0"/><line nr="1154" mi="0" ci="30" mb="4" cb="16"/><line nr="1160" mi="0" ci="4" mb="0" cb="0"/><line nr="1163" mi="0" ci="12" mb="0" cb="0"/><line nr="1166" mi="0" ci="3" mb="0" cb="0"/><line nr="1167" mi="0" ci="8" mb="0" cb="0"/><line nr="1169" mi="0" ci="2" mb="0" cb="0"/><line nr="1187" mi="0" ci="10" mb="0" cb="0"/><line nr="1189" mi="0" ci="4" mb="0" cb="0"/><line nr="1190" mi="0" ci="3" mb="0" cb="0"/><line nr="1191" mi="0" ci="1" mb="0" cb="0"/><line nr="1220" mi="0" ci="30" mb="0" cb="20"/><line nr="1226" mi="0" ci="4" mb="0" cb="0"/><line nr="1229" mi="0" ci="30" mb="2" cb="18"/><line nr="1238" mi="0" ci="4" mb="0" cb="0"/><line nr="1241" mi="0" ci="6" mb="0" cb="0"/><line nr="1242" mi="0" ci="6" mb="0" cb="0"/><line nr="1243" mi="0" ci="6" mb="0" cb="0"/><line nr="1244" mi="0" ci="6" mb="0" cb="0"/><line nr="1246" mi="0" ci="6" mb="0" cb="4"/><line nr="1247" mi="0" ci="4" mb="0" cb="0"/><line nr="1250" mi="0" ci="2" mb="0" cb="0"/><line nr="1253" mi="0" ci="7" mb="0" cb="2"/><line nr="1254" mi="0" ci="7" mb="0" cb="0"/><line nr="1255" mi="0" ci="7" mb="0" cb="0"/><line nr="1256" mi="0" ci="7" mb="0" cb="2"/><line nr="1258" mi="0" ci="8" mb="0" cb="0"/><line nr="1259" mi="0" ci="1" mb="0" cb="0"/><line nr="1260" mi="0" ci="1" mb="0" cb="0"/><line nr="1262" mi="0" ci="1" mb="0" cb="0"/><line nr="1264" mi="0" ci="1" mb="0" cb="0"/><line nr="1280" mi="0" ci="30" mb="0" cb="20"/><line nr="1286" mi="0" ci="4" mb="0" cb="0"/><line nr="1289" mi="0" ci="7" mb="0" cb="2"/><line nr="1290" mi="0" ci="7" mb="0" cb="2"/><line nr="1291" mi="0" ci="10" mb="0" cb="0"/><line nr="1294" mi="0" ci="1" mb="0" cb="0"/><line nr="1312" mi="0" ci="8" mb="0" cb="0"/><line nr="1314" mi="0" ci="1" mb="0" cb="0"/><line nr="1335" mi="0" ci="13" mb="0" cb="0"/><line nr="1337" mi="0" ci="1" mb="0" cb="0"/><line nr="1361" mi="0" ci="10" mb="0" cb="0"/><line nr="1364" mi="0" ci="1" mb="0" cb="0"/><line nr="1393" mi="0" ci="30" mb="0" cb="20"/><line nr="1399" mi="0" ci="4" mb="0" cb="0"/><line nr="1402" mi="0" ci="15" mb="4" cb="6"/><line nr="1405" mi="0" ci="4" mb="0" cb="0"/><line nr="1408" mi="0" ci="6" mb="0" cb="0"/><line nr="1409" mi="0" ci="6" mb="0" cb="0"/><line nr="1410" mi="0" ci="4" mb="0" cb="0"/><line nr="1411" mi="0" ci="6" mb="0" cb="0"/><line nr="1413" mi="0" ci="3" mb="0" cb="2"/><line nr="1414" mi="0" ci="4" mb="0" cb="0"/><line nr="1417" mi="0" ci="2" mb="0" cb="0"/><line nr="1418" mi="0" ci="2" mb="0" cb="2"/><line nr="1420" mi="0" ci="8" mb="0" cb="2"/><line nr="1421" mi="0" ci="7" mb="0" cb="0"/><line nr="1422" mi="0" ci="7" mb="0" cb="2"/><line nr="1425" mi="0" ci="7" mb="0" cb="0"/><line nr="1426" mi="0" ci="1" mb="0" cb="0"/><line nr="1427" mi="0" ci="1" mb="0" cb="0"/><line nr="1432" mi="0" ci="7" mb="0" cb="2"/><line nr="1433" mi="0" ci="7" mb="0" cb="2"/><line nr="1434" mi="0" ci="12" mb="0" cb="0"/><line nr="1435" mi="0" ci="1" mb="0" cb="0"/><line nr="1439" mi="0" ci="1" mb="0" cb="0"/><line nr="1447" mi="0" ci="3" mb="0" cb="0"/><line nr="1449" mi="0" ci="11" mb="0" cb="2"/><line nr="1450" mi="0" ci="7" mb="0" cb="2"/><line nr="1451" mi="0" ci="10" mb="0" cb="0"/><line nr="1453" mi="0" ci="1" mb="0" cb="0"/><line nr="1467" mi="0" ci="6" mb="0" cb="0"/><line nr="1468" mi="0" ci="2" mb="0" cb="0"/><line nr="1469" mi="0" ci="2" mb="0" cb="0"/><line nr="1485" mi="0" ci="5" mb="0" cb="0"/><line nr="1487" mi="0" ci="6" mb="0" cb="0"/><line nr="1489" mi="0" ci="7" mb="0" cb="2"/><line nr="1490" mi="0" ci="8" mb="0" cb="0"/><line nr="1492" mi="0" ci="1" mb="0" cb="0"/><line nr="1505" mi="7" ci="0" mb="0" cb="0"/><line nr="1506" mi="1" ci="0" mb="0" cb="0"/><line nr="1523" mi="0" ci="9" mb="0" cb="0"/><line nr="1546" mi="0" ci="6" mb="0" cb="0"/><line nr="1547" mi="0" ci="5" mb="0" cb="0"/><line nr="1548" mi="0" ci="2" mb="0" cb="0"/><line nr="1565" mi="0" ci="7" mb="0" cb="0"/><line nr="1568" mi="0" ci="6" mb="0" cb="0"/><line nr="1570" mi="0" ci="7" mb="0" cb="2"/><line nr="1571" mi="0" ci="6" mb="0" cb="0"/><line nr="1573" mi="0" ci="1" mb="0" cb="0"/><line nr="1587" mi="7" ci="0" mb="0" cb="0"/><line nr="1589" mi="1" ci="0" mb="0" cb="0"/><line nr="1609" mi="0" ci="9" mb="0" cb="0"/><line nr="1633" mi="0" ci="6" mb="0" cb="0"/><line nr="1634" mi="0" ci="5" mb="0" cb="0"/><line nr="1635" mi="0" ci="2" mb="0" cb="0"/><line nr="1649" mi="0" ci="3" mb="0" cb="0"/><line nr="1652" mi="0" ci="8" mb="0" cb="2"/><line nr="1653" mi="0" ci="12" mb="0" cb="0"/><line nr="1655" mi="0" ci="1" mb="0" cb="0"/><line nr="1667" mi="0" ci="2" mb="0" cb="0"/><line nr="1669" mi="0" ci="8" mb="0" cb="0"/><line nr="1670" mi="0" ci="3" mb="0" cb="0"/><line nr="1671" mi="1" ci="0" mb="0" cb="0"/><line nr="1673" mi="0" ci="1" mb="0" cb="0"/><line nr="1675" mi="0" ci="2" mb="0" cb="0"/><line nr="1684" mi="0" ci="4" mb="0" cb="0"/><line nr="1694" mi="0" ci="2" mb="0" cb="0"/><line nr="1696" mi="0" ci="2" mb="0" cb="2"/><line nr="1697" mi="0" ci="7" mb="0" cb="0"/><line nr="1698" mi="0" ci="11" mb="0" cb="0"/><line nr="1700" mi="0" ci="7" mb="0" cb="0"/><line nr="1701" mi="0" ci="10" mb="0" cb="0"/><line nr="1703" mi="1" ci="0" mb="0" cb="0"/><line nr="1705" mi="0" ci="1" mb="0" cb="0"/><line nr="1706" mi="0" ci="2" mb="0" cb="0"/><line nr="1716" mi="0" ci="4" mb="0" cb="0"/><line nr="1717" mi="0" ci="1" mb="0" cb="0"/><line nr="1728" mi="0" ci="6" mb="0" cb="2"/><line nr="1729" mi="0" ci="5" mb="0" cb="0"/><line nr="1733" mi="0" ci="2" mb="0" cb="2"/><line nr="1734" mi="0" ci="9" mb="0" cb="0"/><line nr="1736" mi="0" ci="2" mb="0" cb="0"/><line nr="1738" mi="0" ci="8" mb="0" cb="2"/><line nr="1739" mi="0" ci="8" mb="0" cb="2"/><line nr="1740" mi="0" ci="12" mb="0" cb="0"/><line nr="1741" mi="0" ci="1" mb="0" cb="0"/><line nr="1745" mi="0" ci="1" mb="0" cb="0"/><line nr="1757" mi="0" ci="5" mb="0" cb="2"/><line nr="1758" mi="0" ci="5" mb="0" cb="0"/><line nr="1760" mi="0" ci="10" mb="1" cb="3"/><line nr="1761" mi="0" ci="5" mb="0" cb="0"/><line nr="1771" mi="0" ci="8" mb="0" cb="2"/><line nr="1772" mi="0" ci="8" mb="0" cb="2"/><line nr="1774" mi="0" ci="7" mb="0" cb="0"/><line nr="1775" mi="0" ci="5" mb="0" cb="0"/><line nr="1777" mi="0" ci="7" mb="0" cb="0"/><line nr="1778" mi="0" ci="5" mb="0" cb="0"/><line nr="1780" mi="0" ci="6" mb="0" cb="0"/><line nr="1781" mi="0" ci="5" mb="0" cb="0"/><line nr="1782" mi="0" ci="5" mb="0" cb="0"/><line nr="1785" mi="0" ci="1" mb="0" cb="0"/><line nr="1796" mi="0" ci="8" mb="0" cb="0"/><line nr="1797" mi="0" ci="3" mb="0" cb="0"/><line nr="1798" mi="0" ci="2" mb="0" cb="0"/><line nr="1808" mi="0" ci="3" mb="0" cb="0"/><line nr="1809" mi="0" ci="1" mb="0" cb="0"/><line nr="1817" mi="0" ci="6" mb="0" cb="0"/><line nr="1818" mi="0" ci="7" mb="0" cb="2"/><line nr="1819" mi="0" ci="13" mb="0" cb="0"/><line nr="1821" mi="0" ci="1" mb="0" cb="0"/><line nr="1829" mi="0" ci="6" mb="0" cb="0"/><line nr="1830" mi="0" ci="7" mb="0" cb="2"/><line nr="1831" mi="0" ci="13" mb="0" cb="0"/><line nr="1833" mi="0" ci="1" mb="0" cb="0"/><line nr="1844" mi="0" ci="3" mb="0" cb="0"/><line nr="1846" mi="0" ci="7" mb="0" cb="2"/><line nr="1847" mi="0" ci="8" mb="0" cb="2"/><line nr="1848" mi="0" ci="2" mb="0" cb="0"/><line nr="1849" mi="0" ci="8" mb="0" cb="2"/><line nr="1850" mi="0" ci="22" mb="0" cb="0"/><line nr="1853" mi="0" ci="8" mb="0" cb="0"/><line nr="1856" mi="0" ci="1" mb="0" cb="0"/><line nr="1864" mi="0" ci="7" mb="0" cb="0"/><line nr="1865" mi="0" ci="1" mb="0" cb="0"/><line nr="1876" mi="0" ci="3" mb="0" cb="0"/><line nr="1877" mi="0" ci="3" mb="0" cb="0"/><line nr="1879" mi="0" ci="8" mb="0" cb="2"/><line nr="1880" mi="0" ci="5" mb="0" cb="0"/><line nr="1881" mi="0" ci="8" mb="0" cb="2"/><line nr="1882" mi="0" ci="5" mb="0" cb="0"/><line nr="1883" mi="0" ci="10" mb="0" cb="0"/><line nr="1885" mi="0" ci="7" mb="0" cb="2"/><line nr="1886" mi="0" ci="4" mb="0" cb="0"/><line nr="1887" mi="0" ci="7" mb="0" cb="2"/><line nr="1888" mi="0" ci="4" mb="0" cb="0"/><line nr="1889" mi="0" ci="10" mb="0" cb="0"/><line nr="1892" mi="0" ci="4" mb="0" cb="0"/><line nr="1893" mi="0" ci="8" mb="0" cb="0"/><line nr="1898" mi="0" ci="1" mb="0" cb="0"/><line nr="1906" mi="0" ci="7" mb="0" cb="0"/><line nr="1907" mi="0" ci="1" mb="0" cb="0"/><line nr="1915" mi="0" ci="6" mb="0" cb="0"/><line nr="1916" mi="0" ci="7" mb="0" cb="2"/><line nr="1917" mi="0" ci="13" mb="0" cb="0"/><line nr="1919" mi="0" ci="1" mb="0" cb="0"/><line nr="1929" mi="0" ci="8" mb="0" cb="2"/><line nr="1930" mi="0" ci="8" mb="0" cb="2"/><line nr="1931" mi="0" ci="16" mb="0" cb="0"/><line nr="1935" mi="0" ci="1" mb="0" cb="0"/><line nr="1942" mi="0" ci="6" mb="0" cb="0"/><line nr="1943" mi="0" ci="1" mb="0" cb="0"/><line nr="1955" mi="0" ci="4" mb="0" cb="4"/><line nr="1956" mi="0" ci="4" mb="0" cb="0"/><line nr="1959" mi="0" ci="3" mb="0" cb="0"/><line nr="1960" mi="0" ci="3" mb="0" cb="0"/><line nr="1963" mi="0" ci="6" mb="0" cb="0"/><line nr="1964" mi="0" ci="4" mb="0" cb="0"/><line nr="1967" mi="0" ci="2" mb="0" cb="0"/><line nr="1968" mi="0" ci="7" mb="0" cb="2"/><line nr="1969" mi="0" ci="5" mb="0" cb="0"/><line nr="1970" mi="0" ci="4" mb="0" cb="0"/><line nr="1972" mi="0" ci="1" mb="0" cb="0"/><line nr="1987" mi="0" ci="2" mb="0" cb="0"/><line nr="1988" mi="0" ci="2" mb="0" cb="0"/><line nr="1989" mi="0" ci="7" mb="0" cb="2"/><line nr="1990" mi="0" ci="7" mb="0" cb="2"/><line nr="1991" mi="0" ci="18" mb="0" cb="0"/><line nr="1993" mi="0" ci="1" mb="0" cb="0"/><line nr="1995" mi="0" ci="2" mb="0" cb="0"/><line nr="1996" mi="0" ci="1" mb="0" cb="0"/><line nr="1998" mi="0" ci="1" mb="0" cb="0"/><line nr="2019" mi="0" ci="2" mb="0" cb="0"/><line nr="2020" mi="0" ci="2" mb="0" cb="2"/><line nr="2021" mi="0" ci="8" mb="0" cb="2"/><line nr="2022" mi="0" ci="7" mb="0" cb="2"/><line nr="2023" mi="0" ci="12" mb="0" cb="0"/><line nr="2024" mi="0" ci="1" mb="0" cb="0"/><line nr="2028" mi="0" ci="7" mb="0" cb="2"/><line nr="2029" mi="0" ci="7" mb="0" cb="2"/><line nr="2030" mi="0" ci="12" mb="0" cb="0"/><line nr="2031" mi="0" ci="1" mb="0" cb="0"/><line nr="2035" mi="0" ci="1" mb="0" cb="0"/><counter type="INSTRUCTION" missed="207" covered="2394"/><counter type="BRANCH" missed="94" covered="318"/><counter type="LINE" missed="50" covered="439"/><counter type="COMPLEXITY" missed="85" covered="212"/><counter type="METHOD" missed="6" covered="85"/><counter type="CLASS" missed="0" covered="1"/></sourcefile><sourcefile name="WrongSizeException.java"><line nr="26" mi="0" ci="2" mb="0" cb="0"/><line nr="27" mi="0" ci="1" mb="0" cb="0"/><line nr="34" mi="0" ci="3" mb="0" cb="0"/><line nr="35" mi="0" ci="1" mb="0" cb="0"/><line nr="43" mi="0" ci="4" mb="0" cb="0"/><line nr="44" mi="0" ci="1" mb="0" cb="0"/><line nr="51" mi="0" ci="3" mb="0" cb="0"/><line nr="52" mi="0" ci="1" mb="0" cb="0"/><counter type="INSTRUCTION" missed="0" covered="16"/><counter type="LINE" missed="0" covered="8"/><counter type="COMPLEXITY" missed="0" covered="4"/><counter type="METHOD" missed="0" covered="4"/><counter type="CLASS" missed="0" covered="1"/></sourcefile><counter type="INSTRUCTION" missed="1128" covered="11125"/><counter type="BRANCH" missed="285" covered="1200"/><counter type="LINE" missed="334" covered="2311"/><counter type="COMPLEXITY" missed="284" covered="895"/><counter type="METHOD" missed="33" covered="403"/><counter type="CLASS" missed="0" covered="29"/></package><counter type="INSTRUCTION" missed="1193" covered="11971"/><counter type="BRANCH" missed="295" covered="1272"/><counter type="LINE" missed="352" covered="2538"/><counter type="COMPLEXITY" missed="294" covered="976"/><counter type="METHOD" missed="33" covered="453"/><counter type="CLASS" missed="0" covered="32"/></report>